{"/workspace/src/App.tsx": {"path":"/workspace/src/App.tsx","all":true,"statementMap":{"0":{"start":{"line":1,"column":0},"end":{"line":1,"column":39}},"1":{"start":{"line":2,"column":0},"end":{"line":2,"column":50}},"2":{"start":{"line":3,"column":0},"end":{"line":3,"column":59}},"3":{"start":{"line":4,"column":0},"end":{"line":4,"column":58}},"4":{"start":{"line":5,"column":0},"end":{"line":5,"column":73}},"5":{"start":{"line":6,"column":0},"end":{"line":6,"column":64}},"7":{"start":{"line":8,"column":0},"end":{"line":8,"column":41}},"8":{"start":{"line":9,"column":0},"end":{"line":9,"column":50}},"9":{"start":{"line":10,"column":0},"end":{"line":10,"column":56}},"11":{"start":{"line":12,"column":0},"end":{"line":12,"column":37}},"12":{"start":{"line":13,"column":0},"end":{"line":13,"column":19}},"13":{"start":{"line":14,"column":0},"end":{"line":14,"column":14}},"14":{"start":{"line":15,"column":0},"end":{"line":15,"column":44}},"15":{"start":{"line":16,"column":0},"end":{"line":16,"column":43}},"16":{"start":{"line":17,"column":0},"end":{"line":17,"column":15}},"17":{"start":{"line":18,"column":0},"end":{"line":18,"column":34}},"18":{"start":{"line":19,"column":0},"end":{"line":19,"column":6}},"19":{"start":{"line":20,"column":0},"end":{"line":20,"column":4}},"20":{"start":{"line":21,"column":0},"end":{"line":21,"column":3}},"22":{"start":{"line":23,"column":0},"end":{"line":23,"column":20}},"23":{"start":{"line":24,"column":0},"end":{"line":24,"column":30}},"24":{"start":{"line":25,"column":0},"end":{"line":25,"column":82}},"25":{"start":{"line":26,"column":0},"end":{"line":26,"column":54}},"26":{"start":{"line":27,"column":0},"end":{"line":27,"column":100}},"27":{"start":{"line":28,"column":0},"end":{"line":28,"column":111}},"28":{"start":{"line":29,"column":0},"end":{"line":29,"column":216}},"31":{"start":{"line":32,"column":0},"end":{"line":32,"column":88}},"36":{"start":{"line":37,"column":0},"end":{"line":37,"column":19}},"37":{"start":{"line":38,"column":0},"end":{"line":38,"column":44}},"38":{"start":{"line":39,"column":0},"end":{"line":39,"column":21}},"39":{"start":{"line":40,"column":0},"end":{"line":40,"column":17}},"40":{"start":{"line":41,"column":0},"end":{"line":41,"column":16}},"41":{"start":{"line":42,"column":0},"end":{"line":42,"column":21}},"42":{"start":{"line":43,"column":0},"end":{"line":43,"column":48}},"43":{"start":{"line":44,"column":0},"end":{"line":44,"column":18}},"44":{"start":{"line":45,"column":0},"end":{"line":45,"column":50}},"46":{"start":{"line":47,"column":0},"end":{"line":47,"column":53}},"54":{"start":{"line":55,"column":0},"end":{"line":55,"column":19}}},"s":{"0":0,"1":0,"2":0,"3":0,"4":0,"5":0,"7":0,"8":0,"9":0,"11":0,"12":0,"13":0,"14":0,"15":0,"16":0,"17":0,"18":0,"19":0,"20":0,"22":0,"23":0,"24":0,"25":0,"26":0,"27":0,"28":0,"31":0,"36":0,"37":0,"38":0,"39":0,"40":0,"41":0,"42":0,"43":0,"44":0,"46":0,"54":0},"branchMap":{"0":{"type":"branch","line":1,"loc":{"start":{"line":1,"column":0},"end":{"line":55,"column":-951}},"locations":[{"start":{"line":1,"column":0},"end":{"line":55,"column":-951}}]}},"b":{"0":[0]},"fnMap":{"0":{"name":"(empty-report)","decl":{"start":{"line":1,"column":0},"end":{"line":55,"column":-951}},"loc":{"start":{"line":1,"column":0},"end":{"line":55,"column":-951}},"line":1}},"f":{"0":0}}
,"/workspace/src/main.tsx": {"path":"/workspace/src/main.tsx","all":true,"statementMap":{"0":{"start":{"line":1,"column":0},"end":{"line":1,"column":45}},"1":{"start":{"line":2,"column":0},"end":{"line":2,"column":27}},"2":{"start":{"line":3,"column":0},"end":{"line":3,"column":20}},"4":{"start":{"line":5,"column":0},"end":{"line":5,"column":47}},"5":{"start":{"line":6,"column":0},"end":{"line":6,"column":35}},"6":{"start":{"line":7,"column":0},"end":{"line":7,"column":41}},"7":{"start":{"line":8,"column":0},"end":{"line":8,"column":46}},"8":{"start":{"line":9,"column":0},"end":{"line":9,"column":31}},"9":{"start":{"line":10,"column":0},"end":{"line":10,"column":53}},"10":{"start":{"line":11,"column":0},"end":{"line":11,"column":8}},"11":{"start":{"line":12,"column":0},"end":{"line":12,"column":37}},"12":{"start":{"line":13,"column":0},"end":{"line":13,"column":67}},"13":{"start":{"line":14,"column":0},"end":{"line":14,"column":9}},"14":{"start":{"line":15,"column":0},"end":{"line":15,"column":5}},"15":{"start":{"line":16,"column":0},"end":{"line":16,"column":1}},"17":{"start":{"line":18,"column":0},"end":{"line":18,"column":61}}},"s":{"0":0,"1":0,"2":0,"4":0,"5":0,"6":0,"7":0,"8":0,"9":0,"10":0,"11":0,"12":0,"13":0,"14":0,"15":0,"17":0},"branchMap":{"0":{"type":"branch","line":1,"loc":{"start":{"line":1,"column":0},"end":{"line":18,"column":-240}},"locations":[{"start":{"line":1,"column":0},"end":{"line":18,"column":-240}}]}},"b":{"0":[0]},"fnMap":{"0":{"name":"(empty-report)","decl":{"start":{"line":1,"column":0},"end":{"line":18,"column":-240}},"loc":{"start":{"line":1,"column":0},"end":{"line":18,"column":-240}},"line":1}},"f":{"0":0}}
,"/workspace/src/components/Analytics/AnalyticsDashboard.tsx": {"path":"/workspace/src/components/Analytics/AnalyticsDashboard.tsx","all":true,"statementMap":{"0":{"start":{"line":1,"column":0},"end":{"line":1,"column":49}},"1":{"start":{"line":2,"column":0},"end":{"line":2,"column":97}},"2":{"start":{"line":3,"column":0},"end":{"line":3,"column":80}},"3":{"start":{"line":4,"column":0},"end":{"line":4,"column":48}},"4":{"start":{"line":5,"column":0},"end":{"line":5,"column":103}},"5":{"start":{"line":6,"column":0},"end":{"line":6,"column":46}},"22":{"start":{"line":23,"column":0},"end":{"line":23,"column":18}},"34":{"start":{"line":35,"column":0},"end":{"line":35,"column":22}},"59":{"start":{"line":60,"column":0},"end":{"line":60,"column":82}},"61":{"start":{"line":62,"column":0},"end":{"line":62,"column":77}},"62":{"start":{"line":63,"column":0},"end":{"line":63,"column":119}},"63":{"start":{"line":64,"column":0},"end":{"line":64,"column":106}},"64":{"start":{"line":65,"column":0},"end":{"line":65,"column":25}},"65":{"start":{"line":66,"column":0},"end":{"line":66,"column":82}},"67":{"start":{"line":68,"column":0},"end":{"line":68,"column":32}},"68":{"start":{"line":69,"column":0},"end":{"line":69,"column":73}},"69":{"start":{"line":70,"column":0},"end":{"line":70,"column":81}},"71":{"start":{"line":72,"column":0},"end":{"line":72,"column":36}},"72":{"start":{"line":73,"column":0},"end":{"line":73,"column":36}},"73":{"start":{"line":74,"column":0},"end":{"line":74,"column":34}},"74":{"start":{"line":75,"column":0},"end":{"line":75,"column":47}},"75":{"start":{"line":76,"column":0},"end":{"line":76,"column":68}},"76":{"start":{"line":77,"column":0},"end":{"line":77,"column":40}},"77":{"start":{"line":78,"column":0},"end":{"line":78,"column":11}},"78":{"start":{"line":79,"column":0},"end":{"line":79,"column":11}},"79":{"start":{"line":80,"column":0},"end":{"line":80,"column":7}},"80":{"start":{"line":81,"column":0},"end":{"line":81,"column":7}},"82":{"start":{"line":83,"column":0},"end":{"line":83,"column":41}},"83":{"start":{"line":84,"column":0},"end":{"line":84,"column":39}},"84":{"start":{"line":85,"column":0},"end":{"line":85,"column":82}},"85":{"start":{"line":86,"column":0},"end":{"line":86,"column":10}},"87":{"start":{"line":88,"column":0},"end":{"line":88,"column":16}},"88":{"start":{"line":89,"column":0},"end":{"line":89,"column":46}},"89":{"start":{"line":90,"column":0},"end":{"line":90,"column":19}},"90":{"start":{"line":91,"column":0},"end":{"line":91,"column":17}},"91":{"start":{"line":92,"column":0},"end":{"line":92,"column":7}},"92":{"start":{"line":93,"column":0},"end":{"line":93,"column":3}},"94":{"start":{"line":95,"column":0},"end":{"line":95,"column":15}},"95":{"start":{"line":96,"column":0},"end":{"line":96,"column":1}},"97":{"start":{"line":98,"column":0},"end":{"line":98,"column":64}},"98":{"start":{"line":99,"column":0},"end":{"line":99,"column":13}},"99":{"start":{"line":100,"column":0},"end":{"line":100,"column":15}},"100":{"start":{"line":101,"column":0},"end":{"line":101,"column":10}},"101":{"start":{"line":102,"column":0},"end":{"line":102,"column":7}},"102":{"start":{"line":103,"column":0},"end":{"line":103,"column":67}},"103":{"start":{"line":104,"column":0},"end":{"line":104,"column":64}},"105":{"start":{"line":106,"column":0},"end":{"line":106,"column":39}},"106":{"start":{"line":107,"column":0},"end":{"line":107,"column":56}},"107":{"start":{"line":108,"column":0},"end":{"line":108,"column":34}},"108":{"start":{"line":109,"column":0},"end":{"line":109,"column":14}},"109":{"start":{"line":110,"column":0},"end":{"line":110,"column":27}},"110":{"start":{"line":111,"column":0},"end":{"line":111,"column":22}},"111":{"start":{"line":112,"column":0},"end":{"line":112,"column":24}},"112":{"start":{"line":113,"column":0},"end":{"line":113,"column":24}},"113":{"start":{"line":114,"column":0},"end":{"line":114,"column":26}},"114":{"start":{"line":115,"column":0},"end":{"line":115,"column":24}},"115":{"start":{"line":116,"column":0},"end":{"line":116,"column":28}},"116":{"start":{"line":117,"column":0},"end":{"line":117,"column":34}},"117":{"start":{"line":118,"column":0},"end":{"line":118,"column":32}},"118":{"start":{"line":119,"column":0},"end":{"line":119,"column":27}},"119":{"start":{"line":120,"column":0},"end":{"line":120,"column":22}},"120":{"start":{"line":121,"column":0},"end":{"line":121,"column":8}},"121":{"start":{"line":122,"column":0},"end":{"line":122,"column":5}},"123":{"start":{"line":124,"column":0},"end":{"line":124,"column":46}},"124":{"start":{"line":125,"column":0},"end":{"line":125,"column":74}},"125":{"start":{"line":126,"column":0},"end":{"line":126,"column":75}},"126":{"start":{"line":127,"column":0},"end":{"line":127,"column":54}},"127":{"start":{"line":128,"column":0},"end":{"line":128,"column":58}},"128":{"start":{"line":129,"column":0},"end":{"line":129,"column":51}},"130":{"start":{"line":131,"column":0},"end":{"line":131,"column":23}},"131":{"start":{"line":132,"column":0},"end":{"line":132,"column":56}},"132":{"start":{"line":133,"column":0},"end":{"line":133,"column":47}},"133":{"start":{"line":134,"column":0},"end":{"line":134,"column":17}},"134":{"start":{"line":135,"column":0},"end":{"line":135,"column":37}},"136":{"start":{"line":137,"column":0},"end":{"line":137,"column":82}},"137":{"start":{"line":138,"column":0},"end":{"line":138,"column":11}},"138":{"start":{"line":139,"column":0},"end":{"line":139,"column":12}},"139":{"start":{"line":140,"column":0},"end":{"line":140,"column":49}},"140":{"start":{"line":141,"column":0},"end":{"line":141,"column":8}},"142":{"start":{"line":143,"column":0},"end":{"line":143,"column":30}},"143":{"start":{"line":144,"column":0},"end":{"line":144,"column":54}},"144":{"start":{"line":145,"column":0},"end":{"line":145,"column":47}},"145":{"start":{"line":146,"column":0},"end":{"line":146,"column":39}},"146":{"start":{"line":147,"column":0},"end":{"line":147,"column":17}},"147":{"start":{"line":148,"column":0},"end":{"line":148,"column":37}},"149":{"start":{"line":150,"column":0},"end":{"line":150,"column":86}},"150":{"start":{"line":151,"column":0},"end":{"line":151,"column":11}},"151":{"start":{"line":152,"column":0},"end":{"line":152,"column":12}},"152":{"start":{"line":153,"column":0},"end":{"line":153,"column":49}},"153":{"start":{"line":154,"column":0},"end":{"line":154,"column":8}},"155":{"start":{"line":156,"column":0},"end":{"line":156,"column":28}},"156":{"start":{"line":157,"column":0},"end":{"line":157,"column":25}},"157":{"start":{"line":158,"column":0},"end":{"line":158,"column":47}},"158":{"start":{"line":159,"column":0},"end":{"line":159,"column":55}},"159":{"start":{"line":160,"column":0},"end":{"line":160,"column":57}},"160":{"start":{"line":161,"column":0},"end":{"line":161,"column":57}},"161":{"start":{"line":162,"column":0},"end":{"line":162,"column":53}},"162":{"start":{"line":163,"column":0},"end":{"line":163,"column":6}},"164":{"start":{"line":165,"column":0},"end":{"line":165,"column":58}},"165":{"start":{"line":166,"column":0},"end":{"line":166,"column":43}},"166":{"start":{"line":167,"column":0},"end":{"line":167,"column":57}},"167":{"start":{"line":168,"column":0},"end":{"line":168,"column":15}},"168":{"start":{"line":169,"column":0},"end":{"line":169,"column":14}},"169":{"start":{"line":170,"column":0},"end":{"line":170,"column":27}},"170":{"start":{"line":171,"column":0},"end":{"line":171,"column":14}},"171":{"start":{"line":172,"column":0},"end":{"line":172,"column":51}},"172":{"start":{"line":173,"column":0},"end":{"line":173,"column":8}},"173":{"start":{"line":174,"column":0},"end":{"line":174,"column":7}},"175":{"start":{"line":176,"column":0},"end":{"line":176,"column":23}},"176":{"start":{"line":177,"column":0},"end":{"line":177,"column":38}},"177":{"start":{"line":178,"column":0},"end":{"line":178,"column":31}},"178":{"start":{"line":179,"column":0},"end":{"line":179,"column":27}},"179":{"start":{"line":180,"column":0},"end":{"line":180,"column":58}},"180":{"start":{"line":181,"column":0},"end":{"line":181,"column":45}},"181":{"start":{"line":182,"column":0},"end":{"line":182,"column":19}},"182":{"start":{"line":183,"column":0},"end":{"line":183,"column":39}},"184":{"start":{"line":185,"column":0},"end":{"line":185,"column":58}},"185":{"start":{"line":186,"column":0},"end":{"line":186,"column":64}},"186":{"start":{"line":187,"column":0},"end":{"line":187,"column":39}},"188":{"start":{"line":189,"column":0},"end":{"line":189,"column":43}},"189":{"start":{"line":190,"column":0},"end":{"line":190,"column":53}},"191":{"start":{"line":192,"column":0},"end":{"line":192,"column":12}},"192":{"start":{"line":193,"column":0},"end":{"line":193,"column":22}},"193":{"start":{"line":194,"column":0},"end":{"line":194,"column":17}},"194":{"start":{"line":195,"column":0},"end":{"line":195,"column":19}},"195":{"start":{"line":196,"column":0},"end":{"line":196,"column":19}},"196":{"start":{"line":197,"column":0},"end":{"line":197,"column":21}},"197":{"start":{"line":198,"column":0},"end":{"line":198,"column":19}},"198":{"start":{"line":199,"column":0},"end":{"line":199,"column":22}},"199":{"start":{"line":200,"column":0},"end":{"line":200,"column":28}},"200":{"start":{"line":201,"column":0},"end":{"line":201,"column":26}},"201":{"start":{"line":202,"column":0},"end":{"line":202,"column":21}},"202":{"start":{"line":203,"column":0},"end":{"line":203,"column":16}},"203":{"start":{"line":204,"column":0},"end":{"line":204,"column":6}},"204":{"start":{"line":205,"column":0},"end":{"line":205,"column":19}},"206":{"start":{"line":207,"column":0},"end":{"line":207,"column":27}},"207":{"start":{"line":208,"column":0},"end":{"line":208,"column":42}},"208":{"start":{"line":209,"column":0},"end":{"line":209,"column":47}},"210":{"start":{"line":211,"column":0},"end":{"line":211,"column":50}},"211":{"start":{"line":212,"column":0},"end":{"line":212,"column":52}},"212":{"start":{"line":213,"column":0},"end":{"line":213,"column":43}},"213":{"start":{"line":214,"column":0},"end":{"line":214,"column":17}},"214":{"start":{"line":215,"column":0},"end":{"line":215,"column":37}},"216":{"start":{"line":217,"column":0},"end":{"line":217,"column":38}},"217":{"start":{"line":218,"column":0},"end":{"line":218,"column":41}},"218":{"start":{"line":219,"column":0},"end":{"line":219,"column":44}},"220":{"start":{"line":221,"column":0},"end":{"line":221,"column":34}},"221":{"start":{"line":222,"column":0},"end":{"line":222,"column":37}},"222":{"start":{"line":223,"column":0},"end":{"line":223,"column":44}},"224":{"start":{"line":225,"column":0},"end":{"line":225,"column":12}},"225":{"start":{"line":226,"column":0},"end":{"line":226,"column":24}},"226":{"start":{"line":227,"column":0},"end":{"line":227,"column":13}},"227":{"start":{"line":228,"column":0},"end":{"line":228,"column":20}},"228":{"start":{"line":229,"column":0},"end":{"line":229,"column":16}},"229":{"start":{"line":230,"column":0},"end":{"line":230,"column":62}},"230":{"start":{"line":231,"column":0},"end":{"line":231,"column":49}},"231":{"start":{"line":232,"column":0},"end":{"line":232,"column":6}},"232":{"start":{"line":233,"column":0},"end":{"line":233,"column":21}},"234":{"start":{"line":235,"column":0},"end":{"line":235,"column":45}},"235":{"start":{"line":236,"column":0},"end":{"line":236,"column":43}},"236":{"start":{"line":237,"column":0},"end":{"line":237,"column":24}},"237":{"start":{"line":238,"column":0},"end":{"line":238,"column":22}},"238":{"start":{"line":239,"column":0},"end":{"line":239,"column":31}},"239":{"start":{"line":240,"column":0},"end":{"line":240,"column":30}},"240":{"start":{"line":241,"column":0},"end":{"line":241,"column":21}},"241":{"start":{"line":242,"column":0},"end":{"line":242,"column":4}},"243":{"start":{"line":244,"column":0},"end":{"line":244,"column":43}},"244":{"start":{"line":245,"column":0},"end":{"line":245,"column":56}},"245":{"start":{"line":246,"column":0},"end":{"line":246,"column":4}},"247":{"start":{"line":248,"column":0},"end":{"line":248,"column":10}},"248":{"start":{"line":249,"column":0},"end":{"line":249,"column":31}},"250":{"start":{"line":251,"column":0},"end":{"line":251,"column":57}},"251":{"start":{"line":252,"column":0},"end":{"line":252,"column":13}},"252":{"start":{"line":253,"column":0},"end":{"line":253,"column":69}},"253":{"start":{"line":254,"column":0},"end":{"line":254,"column":47}},"257":{"start":{"line":258,"column":0},"end":{"line":258,"column":49}},"258":{"start":{"line":259,"column":0},"end":{"line":259,"column":81}},"259":{"start":{"line":260,"column":0},"end":{"line":260,"column":44}},"260":{"start":{"line":261,"column":0},"end":{"line":261,"column":29}},"262":{"start":{"line":263,"column":0},"end":{"line":263,"column":27}},"263":{"start":{"line":264,"column":0},"end":{"line":264,"column":57}},"264":{"start":{"line":265,"column":0},"end":{"line":265,"column":58}},"265":{"start":{"line":266,"column":0},"end":{"line":266,"column":58}},"266":{"start":{"line":267,"column":0},"end":{"line":267,"column":56}},"267":{"start":{"line":268,"column":0},"end":{"line":268,"column":59}},"270":{"start":{"line":271,"column":0},"end":{"line":271,"column":18}},"271":{"start":{"line":272,"column":0},"end":{"line":272,"column":30}},"272":{"start":{"line":273,"column":0},"end":{"line":273,"column":58}},"273":{"start":{"line":274,"column":0},"end":{"line":274,"column":29}},"275":{"start":{"line":276,"column":0},"end":{"line":276,"column":44}},"282":{"start":{"line":283,"column":0},"end":{"line":283,"column":76}},"283":{"start":{"line":284,"column":0},"end":{"line":284,"column":14}},"284":{"start":{"line":285,"column":0},"end":{"line":285,"column":92}},"285":{"start":{"line":286,"column":0},"end":{"line":286,"column":83}},"286":{"start":{"line":287,"column":0},"end":{"line":287,"column":62}},"288":{"start":{"line":289,"column":0},"end":{"line":289,"column":23}},"289":{"start":{"line":290,"column":0},"end":{"line":290,"column":96}},"290":{"start":{"line":291,"column":0},"end":{"line":291,"column":56}},"296":{"start":{"line":297,"column":0},"end":{"line":297,"column":14}},"297":{"start":{"line":298,"column":0},"end":{"line":298,"column":92}},"298":{"start":{"line":299,"column":0},"end":{"line":299,"column":78}},"299":{"start":{"line":300,"column":0},"end":{"line":300,"column":68}},"301":{"start":{"line":302,"column":0},"end":{"line":302,"column":23}},"302":{"start":{"line":303,"column":0},"end":{"line":303,"column":93}},"303":{"start":{"line":304,"column":0},"end":{"line":304,"column":59}},"304":{"start":{"line":305,"column":0},"end":{"line":305,"column":60}},"309":{"start":{"line":310,"column":0},"end":{"line":310,"column":14}},"310":{"start":{"line":311,"column":0},"end":{"line":311,"column":92}},"311":{"start":{"line":312,"column":0},"end":{"line":312,"column":80}},"312":{"start":{"line":313,"column":0},"end":{"line":313,"column":64}},"314":{"start":{"line":315,"column":0},"end":{"line":315,"column":23}},"315":{"start":{"line":316,"column":0},"end":{"line":316,"column":90}},"316":{"start":{"line":317,"column":0},"end":{"line":317,"column":59}},"317":{"start":{"line":318,"column":0},"end":{"line":318,"column":63}},"322":{"start":{"line":323,"column":0},"end":{"line":323,"column":14}},"323":{"start":{"line":324,"column":0},"end":{"line":324,"column":92}},"324":{"start":{"line":325,"column":0},"end":{"line":325,"column":81}},"325":{"start":{"line":326,"column":0},"end":{"line":326,"column":68}},"327":{"start":{"line":328,"column":0},"end":{"line":328,"column":23}},"328":{"start":{"line":329,"column":0},"end":{"line":329,"column":95}},"329":{"start":{"line":330,"column":0},"end":{"line":330,"column":54}},"337":{"start":{"line":338,"column":0},"end":{"line":338,"column":67}},"338":{"start":{"line":339,"column":0},"end":{"line":339,"column":18}},"339":{"start":{"line":340,"column":0},"end":{"line":340,"column":80}},"340":{"start":{"line":341,"column":0},"end":{"line":341,"column":70}},"341":{"start":{"line":342,"column":0},"end":{"line":342,"column":58}},"342":{"start":{"line":343,"column":0},"end":{"line":343,"column":68}},"345":{"start":{"line":346,"column":0},"end":{"line":346,"column":69}},"346":{"start":{"line":347,"column":0},"end":{"line":347,"column":65}},"348":{"start":{"line":349,"column":0},"end":{"line":349,"column":18}},"349":{"start":{"line":350,"column":0},"end":{"line":350,"column":26}},"350":{"start":{"line":351,"column":0},"end":{"line":351,"column":63}},"351":{"start":{"line":352,"column":0},"end":{"line":352,"column":54}},"354":{"start":{"line":355,"column":0},"end":{"line":355,"column":86}},"356":{"start":{"line":357,"column":0},"end":{"line":357,"column":27}},"357":{"start":{"line":358,"column":0},"end":{"line":358,"column":63}},"358":{"start":{"line":359,"column":0},"end":{"line":359,"column":28}},"359":{"start":{"line":360,"column":0},"end":{"line":360,"column":24}},"360":{"start":{"line":361,"column":0},"end":{"line":361,"column":55}},"361":{"start":{"line":362,"column":0},"end":{"line":362,"column":30}},"362":{"start":{"line":363,"column":0},"end":{"line":363,"column":30}},"363":{"start":{"line":364,"column":0},"end":{"line":364,"column":39}},"364":{"start":{"line":365,"column":0},"end":{"line":365,"column":92}},"365":{"start":{"line":366,"column":0},"end":{"line":366,"column":38}},"366":{"start":{"line":367,"column":0},"end":{"line":367,"column":36}},"367":{"start":{"line":368,"column":0},"end":{"line":368,"column":37}},"369":{"start":{"line":370,"column":0},"end":{"line":370,"column":73}},"370":{"start":{"line":371,"column":0},"end":{"line":371,"column":91}},"373":{"start":{"line":374,"column":0},"end":{"line":374,"column":31}},"380":{"start":{"line":381,"column":0},"end":{"line":381,"column":18}},"381":{"start":{"line":382,"column":0},"end":{"line":382,"column":26}},"382":{"start":{"line":383,"column":0},"end":{"line":383,"column":63}},"383":{"start":{"line":384,"column":0},"end":{"line":384,"column":50}},"386":{"start":{"line":387,"column":0},"end":{"line":387,"column":80}},"388":{"start":{"line":389,"column":0},"end":{"line":389,"column":27}},"389":{"start":{"line":390,"column":0},"end":{"line":390,"column":63}},"390":{"start":{"line":391,"column":0},"end":{"line":391,"column":68}},"391":{"start":{"line":392,"column":0},"end":{"line":392,"column":59}},"392":{"start":{"line":393,"column":0},"end":{"line":393,"column":44}},"393":{"start":{"line":394,"column":0},"end":{"line":394,"column":29}},"394":{"start":{"line":395,"column":0},"end":{"line":395,"column":31}},"395":{"start":{"line":396,"column":0},"end":{"line":396,"column":58}},"402":{"start":{"line":403,"column":0},"end":{"line":403,"column":44}},"403":{"start":{"line":404,"column":0},"end":{"line":404,"column":26}},"404":{"start":{"line":405,"column":0},"end":{"line":405,"column":63}},"405":{"start":{"line":406,"column":0},"end":{"line":406,"column":51}},"408":{"start":{"line":409,"column":0},"end":{"line":409,"column":87}},"410":{"start":{"line":411,"column":0},"end":{"line":411,"column":27}},"411":{"start":{"line":412,"column":0},"end":{"line":412,"column":63}},"412":{"start":{"line":413,"column":0},"end":{"line":413,"column":66}},"413":{"start":{"line":414,"column":0},"end":{"line":414,"column":59}},"414":{"start":{"line":415,"column":0},"end":{"line":415,"column":45}},"415":{"start":{"line":416,"column":0},"end":{"line":416,"column":29}},"416":{"start":{"line":417,"column":0},"end":{"line":417,"column":31}},"417":{"start":{"line":418,"column":0},"end":{"line":418,"column":58}},"425":{"start":{"line":426,"column":0},"end":{"line":426,"column":64}},"426":{"start":{"line":427,"column":0},"end":{"line":427,"column":31}},"427":{"start":{"line":428,"column":0},"end":{"line":428,"column":67}},"428":{"start":{"line":429,"column":0},"end":{"line":429,"column":20}},"429":{"start":{"line":430,"column":0},"end":{"line":430,"column":28}},"430":{"start":{"line":431,"column":0},"end":{"line":431,"column":59}},"432":{"start":{"line":433,"column":0},"end":{"line":433,"column":29}},"433":{"start":{"line":434,"column":0},"end":{"line":434,"column":96}},"434":{"start":{"line":435,"column":0},"end":{"line":435,"column":70}},"435":{"start":{"line":436,"column":0},"end":{"line":436,"column":71}},"436":{"start":{"line":437,"column":0},"end":{"line":437,"column":63}},"437":{"start":{"line":438,"column":0},"end":{"line":438,"column":64}},"442":{"start":{"line":443,"column":0},"end":{"line":443,"column":20}},"443":{"start":{"line":444,"column":0},"end":{"line":444,"column":28}},"444":{"start":{"line":445,"column":0},"end":{"line":445,"column":55}},"446":{"start":{"line":447,"column":0},"end":{"line":447,"column":29}},"447":{"start":{"line":448,"column":0},"end":{"line":448,"column":54}},"448":{"start":{"line":449,"column":0},"end":{"line":449,"column":75}},"450":{"start":{"line":451,"column":0},"end":{"line":451,"column":70}},"451":{"start":{"line":452,"column":0},"end":{"line":452,"column":82}},"456":{"start":{"line":457,"column":0},"end":{"line":457,"column":20}},"457":{"start":{"line":458,"column":0},"end":{"line":458,"column":28}},"458":{"start":{"line":459,"column":0},"end":{"line":459,"column":51}},"460":{"start":{"line":461,"column":0},"end":{"line":461,"column":29}},"461":{"start":{"line":462,"column":0},"end":{"line":462,"column":54}},"462":{"start":{"line":463,"column":0},"end":{"line":463,"column":72}},"464":{"start":{"line":465,"column":0},"end":{"line":465,"column":70}},"465":{"start":{"line":466,"column":0},"end":{"line":466,"column":79}},"471":{"start":{"line":472,"column":0},"end":{"line":472,"column":18}},"472":{"start":{"line":473,"column":0},"end":{"line":473,"column":56}},"473":{"start":{"line":474,"column":0},"end":{"line":474,"column":86}},"479":{"start":{"line":480,"column":0},"end":{"line":480,"column":58}},"480":{"start":{"line":481,"column":0},"end":{"line":481,"column":65}},"482":{"start":{"line":483,"column":0},"end":{"line":483,"column":18}},"483":{"start":{"line":484,"column":0},"end":{"line":484,"column":26}},"484":{"start":{"line":485,"column":0},"end":{"line":485,"column":63}},"485":{"start":{"line":486,"column":0},"end":{"line":486,"column":50}},"488":{"start":{"line":489,"column":0},"end":{"line":489,"column":80}},"490":{"start":{"line":491,"column":0},"end":{"line":491,"column":27}},"491":{"start":{"line":492,"column":0},"end":{"line":492,"column":63}},"492":{"start":{"line":493,"column":0},"end":{"line":493,"column":58}},"493":{"start":{"line":494,"column":0},"end":{"line":494,"column":59}},"494":{"start":{"line":495,"column":0},"end":{"line":495,"column":45}},"495":{"start":{"line":496,"column":0},"end":{"line":496,"column":29}},"496":{"start":{"line":497,"column":0},"end":{"line":497,"column":86}},"497":{"start":{"line":498,"column":0},"end":{"line":498,"column":26}},"498":{"start":{"line":499,"column":0},"end":{"line":499,"column":38}},"499":{"start":{"line":500,"column":0},"end":{"line":500,"column":45}},"500":{"start":{"line":501,"column":0},"end":{"line":501,"column":39}},"501":{"start":{"line":502,"column":0},"end":{"line":502,"column":37}},"509":{"start":{"line":510,"column":0},"end":{"line":510,"column":18}},"510":{"start":{"line":511,"column":0},"end":{"line":511,"column":26}},"511":{"start":{"line":512,"column":0},"end":{"line":512,"column":55}},"512":{"start":{"line":513,"column":0},"end":{"line":513,"column":77}},"514":{"start":{"line":515,"column":0},"end":{"line":515,"column":27}},"515":{"start":{"line":516,"column":0},"end":{"line":516,"column":63}},"516":{"start":{"line":517,"column":0},"end":{"line":517,"column":62}},"517":{"start":{"line":518,"column":0},"end":{"line":518,"column":59}},"518":{"start":{"line":519,"column":0},"end":{"line":519,"column":44}},"519":{"start":{"line":520,"column":0},"end":{"line":520,"column":29}},"520":{"start":{"line":521,"column":0},"end":{"line":521,"column":31}},"521":{"start":{"line":522,"column":0},"end":{"line":522,"column":26}},"522":{"start":{"line":523,"column":0},"end":{"line":523,"column":38}},"523":{"start":{"line":524,"column":0},"end":{"line":524,"column":38}},"524":{"start":{"line":525,"column":0},"end":{"line":525,"column":39}},"525":{"start":{"line":526,"column":0},"end":{"line":526,"column":37}},"526":{"start":{"line":527,"column":0},"end":{"line":527,"column":39}},"535":{"start":{"line":536,"column":0},"end":{"line":536,"column":63}},"536":{"start":{"line":537,"column":0},"end":{"line":537,"column":16}},"537":{"start":{"line":538,"column":0},"end":{"line":538,"column":24}},"538":{"start":{"line":539,"column":0},"end":{"line":539,"column":54}},"539":{"start":{"line":540,"column":0},"end":{"line":540,"column":31}},"543":{"start":{"line":544,"column":0},"end":{"line":544,"column":25}},"544":{"start":{"line":545,"column":0},"end":{"line":545,"column":69}},"545":{"start":{"line":546,"column":0},"end":{"line":546,"column":45}},"546":{"start":{"line":547,"column":0},"end":{"line":547,"column":68}},"547":{"start":{"line":548,"column":0},"end":{"line":548,"column":61}},"549":{"start":{"line":550,"column":0},"end":{"line":550,"column":85}},"551":{"start":{"line":552,"column":0},"end":{"line":552,"column":45}},"552":{"start":{"line":553,"column":0},"end":{"line":553,"column":69}},"553":{"start":{"line":554,"column":0},"end":{"line":554,"column":68}},"555":{"start":{"line":556,"column":0},"end":{"line":556,"column":79}},"557":{"start":{"line":558,"column":0},"end":{"line":558,"column":45}},"558":{"start":{"line":559,"column":0},"end":{"line":559,"column":70}},"559":{"start":{"line":560,"column":0},"end":{"line":560,"column":68}},"561":{"start":{"line":562,"column":0},"end":{"line":562,"column":76}},"570":{"start":{"line":571,"column":0},"end":{"line":571,"column":2}},"572":{"start":{"line":573,"column":0},"end":{"line":573,"column":34}}},"s":{"0":0,"1":0,"2":0,"3":0,"4":0,"5":0,"22":0,"34":0,"59":0,"61":0,"62":0,"63":0,"64":0,"65":0,"67":0,"68":0,"69":0,"71":0,"72":0,"73":0,"74":0,"75":0,"76":0,"77":0,"78":0,"79":0,"80":0,"82":0,"83":0,"84":0,"85":0,"87":0,"88":0,"89":0,"90":0,"91":0,"92":0,"94":0,"95":0,"97":0,"98":0,"99":0,"100":0,"101":0,"102":0,"103":0,"105":0,"106":0,"107":0,"108":0,"109":0,"110":0,"111":0,"112":0,"113":0,"114":0,"115":0,"116":0,"117":0,"118":0,"119":0,"120":0,"121":0,"123":0,"124":0,"125":0,"126":0,"127":0,"128":0,"130":0,"131":0,"132":0,"133":0,"134":0,"136":0,"137":0,"138":0,"139":0,"140":0,"142":0,"143":0,"144":0,"145":0,"146":0,"147":0,"149":0,"150":0,"151":0,"152":0,"153":0,"155":0,"156":0,"157":0,"158":0,"159":0,"160":0,"161":0,"162":0,"164":0,"165":0,"166":0,"167":0,"168":0,"169":0,"170":0,"171":0,"172":0,"173":0,"175":0,"176":0,"177":0,"178":0,"179":0,"180":0,"181":0,"182":0,"184":0,"185":0,"186":0,"188":0,"189":0,"191":0,"192":0,"193":0,"194":0,"195":0,"196":0,"197":0,"198":0,"199":0,"200":0,"201":0,"202":0,"203":0,"204":0,"206":0,"207":0,"208":0,"210":0,"211":0,"212":0,"213":0,"214":0,"216":0,"217":0,"218":0,"220":0,"221":0,"222":0,"224":0,"225":0,"226":0,"227":0,"228":0,"229":0,"230":0,"231":0,"232":0,"234":0,"235":0,"236":0,"237":0,"238":0,"239":0,"240":0,"241":0,"243":0,"244":0,"245":0,"247":0,"248":0,"250":0,"251":0,"252":0,"253":0,"257":0,"258":0,"259":0,"260":0,"262":0,"263":0,"264":0,"265":0,"266":0,"267":0,"270":0,"271":0,"272":0,"273":0,"275":0,"282":0,"283":0,"284":0,"285":0,"286":0,"288":0,"289":0,"290":0,"296":0,"297":0,"298":0,"299":0,"301":0,"302":0,"303":0,"304":0,"309":0,"310":0,"311":0,"312":0,"314":0,"315":0,"316":0,"317":0,"322":0,"323":0,"324":0,"325":0,"327":0,"328":0,"329":0,"337":0,"338":0,"339":0,"340":0,"341":0,"342":0,"345":0,"346":0,"348":0,"349":0,"350":0,"351":0,"354":0,"356":0,"357":0,"358":0,"359":0,"360":0,"361":0,"362":0,"363":0,"364":0,"365":0,"366":0,"367":0,"369":0,"370":0,"373":0,"380":0,"381":0,"382":0,"383":0,"386":0,"388":0,"389":0,"390":0,"391":0,"392":0,"393":0,"394":0,"395":0,"402":0,"403":0,"404":0,"405":0,"408":0,"410":0,"411":0,"412":0,"413":0,"414":0,"415":0,"416":0,"417":0,"425":0,"426":0,"427":0,"428":0,"429":0,"430":0,"432":0,"433":0,"434":0,"435":0,"436":0,"437":0,"442":0,"443":0,"444":0,"446":0,"447":0,"448":0,"450":0,"451":0,"456":0,"457":0,"458":0,"460":0,"461":0,"462":0,"464":0,"465":0,"471":0,"472":0,"473":0,"479":0,"480":0,"482":0,"483":0,"484":0,"485":0,"488":0,"490":0,"491":0,"492":0,"493":0,"494":0,"495":0,"496":0,"497":0,"498":0,"499":0,"500":0,"501":0,"509":0,"510":0,"511":0,"512":0,"514":0,"515":0,"516":0,"517":0,"518":0,"519":0,"520":0,"521":0,"522":0,"523":0,"524":0,"525":0,"526":0,"535":0,"536":0,"537":0,"538":0,"539":0,"543":0,"544":0,"545":0,"546":0,"547":0,"549":0,"551":0,"552":0,"553":0,"555":0,"557":0,"558":0,"559":0,"561":0,"570":0,"572":0},"branchMap":{"0":{"type":"branch","line":1,"loc":{"start":{"line":1,"column":20630},"end":{"line":573,"column":34}},"locations":[{"start":{"line":1,"column":20630},"end":{"line":573,"column":34}}]}},"b":{"0":[0]},"fnMap":{"0":{"name":"(empty-report)","decl":{"start":{"line":1,"column":20630},"end":{"line":573,"column":34}},"loc":{"start":{"line":1,"column":20630},"end":{"line":573,"column":34}},"line":1}},"f":{"0":0}}
,"/workspace/src/components/Map/AddressSearchBar.tsx": {"path":"/workspace/src/components/Map/AddressSearchBar.tsx","all":true,"statementMap":{"0":{"start":{"line":1,"column":0},"end":{"line":1,"column":72}},"1":{"start":{"line":2,"column":0},"end":{"line":2,"column":130}},"2":{"start":{"line":3,"column":0},"end":{"line":3,"column":48}},"3":{"start":{"line":4,"column":0},"end":{"line":4,"column":46}},"4":{"start":{"line":5,"column":0},"end":{"line":5,"column":44}},"5":{"start":{"line":6,"column":0},"end":{"line":6,"column":46}},"8":{"start":{"line":9,"column":0},"end":{"line":9,"column":31}},"9":{"start":{"line":10,"column":0},"end":{"line":10,"column":52}},"10":{"start":{"line":11,"column":0},"end":{"line":11,"column":79}},"11":{"start":{"line":12,"column":0},"end":{"line":12,"column":56}},"45":{"start":{"line":46,"column":0},"end":{"line":46,"column":60}},"46":{"start":{"line":47,"column":0},"end":{"line":47,"column":19}},"47":{"start":{"line":48,"column":0},"end":{"line":48,"column":16}},"48":{"start":{"line":49,"column":0},"end":{"line":49,"column":7}},"49":{"start":{"line":50,"column":0},"end":{"line":50,"column":41}},"50":{"start":{"line":51,"column":0},"end":{"line":51,"column":61}},"51":{"start":{"line":52,"column":0},"end":{"line":52,"column":52}},"52":{"start":{"line":53,"column":0},"end":{"line":53,"column":56}},"53":{"start":{"line":54,"column":0},"end":{"line":54,"column":57}},"54":{"start":{"line":55,"column":0},"end":{"line":55,"column":79}},"55":{"start":{"line":56,"column":0},"end":{"line":56,"column":50}},"57":{"start":{"line":58,"column":0},"end":{"line":58,"column":50}},"58":{"start":{"line":59,"column":0},"end":{"line":59,"column":50}},"60":{"start":{"line":61,"column":0},"end":{"line":61,"column":10}},"61":{"start":{"line":62,"column":0},"end":{"line":62,"column":18}},"62":{"start":{"line":63,"column":0},"end":{"line":63,"column":23}},"63":{"start":{"line":64,"column":0},"end":{"line":64,"column":18}},"64":{"start":{"line":65,"column":0},"end":{"line":65,"column":23}},"65":{"start":{"line":66,"column":0},"end":{"line":66,"column":20}},"66":{"start":{"line":67,"column":0},"end":{"line":67,"column":25}},"68":{"start":{"line":69,"column":0},"end":{"line":69,"column":10}},"69":{"start":{"line":70,"column":0},"end":{"line":70,"column":24}},"70":{"start":{"line":71,"column":0},"end":{"line":71,"column":25}},"71":{"start":{"line":72,"column":0},"end":{"line":72,"column":21}},"72":{"start":{"line":73,"column":0},"end":{"line":73,"column":28}},"73":{"start":{"line":74,"column":0},"end":{"line":74,"column":23}},"75":{"start":{"line":76,"column":0},"end":{"line":76,"column":46}},"76":{"start":{"line":77,"column":0},"end":{"line":77,"column":86}},"77":{"start":{"line":78,"column":0},"end":{"line":78,"column":33}},"78":{"start":{"line":79,"column":0},"end":{"line":79,"column":21}},"79":{"start":{"line":80,"column":0},"end":{"line":80,"column":28}},"80":{"start":{"line":81,"column":0},"end":{"line":81,"column":31}},"81":{"start":{"line":82,"column":0},"end":{"line":82,"column":13}},"82":{"start":{"line":83,"column":0},"end":{"line":83,"column":5}},"84":{"start":{"line":85,"column":0},"end":{"line":85,"column":23}},"85":{"start":{"line":86,"column":0},"end":{"line":86,"column":28}},"87":{"start":{"line":88,"column":0},"end":{"line":88,"column":9}},"88":{"start":{"line":89,"column":0},"end":{"line":89,"column":54}},"89":{"start":{"line":90,"column":0},"end":{"line":90,"column":42}},"90":{"start":{"line":91,"column":0},"end":{"line":91,"column":23}},"91":{"start":{"line":92,"column":0},"end":{"line":92,"column":23}},"92":{"start":{"line":93,"column":0},"end":{"line":93,"column":28}},"93":{"start":{"line":94,"column":0},"end":{"line":94,"column":19}},"94":{"start":{"line":95,"column":0},"end":{"line":95,"column":27}},"95":{"start":{"line":96,"column":0},"end":{"line":96,"column":21}},"96":{"start":{"line":97,"column":0},"end":{"line":97,"column":67}},"97":{"start":{"line":98,"column":0},"end":{"line":98,"column":32}},"98":{"start":{"line":99,"column":0},"end":{"line":99,"column":23}},"99":{"start":{"line":100,"column":0},"end":{"line":100,"column":24}},"100":{"start":{"line":101,"column":0},"end":{"line":101,"column":9}},"102":{"start":{"line":103,"column":0},"end":{"line":103,"column":91}},"104":{"start":{"line":105,"column":0},"end":{"line":105,"column":25}},"105":{"start":{"line":106,"column":0},"end":{"line":106,"column":66}},"106":{"start":{"line":107,"column":0},"end":{"line":107,"column":7}},"108":{"start":{"line":109,"column":0},"end":{"line":109,"column":41}},"109":{"start":{"line":110,"column":0},"end":{"line":110,"column":23}},"110":{"start":{"line":111,"column":0},"end":{"line":111,"column":23}},"111":{"start":{"line":112,"column":0},"end":{"line":112,"column":27}},"112":{"start":{"line":113,"column":0},"end":{"line":113,"column":21}},"113":{"start":{"line":114,"column":0},"end":{"line":114,"column":44}},"115":{"start":{"line":116,"column":0},"end":{"line":116,"column":29}},"116":{"start":{"line":117,"column":0},"end":{"line":117,"column":40}},"117":{"start":{"line":118,"column":0},"end":{"line":118,"column":26}},"118":{"start":{"line":119,"column":0},"end":{"line":119,"column":55}},"119":{"start":{"line":120,"column":0},"end":{"line":120,"column":38}},"120":{"start":{"line":121,"column":0},"end":{"line":121,"column":14}},"121":{"start":{"line":122,"column":0},"end":{"line":122,"column":57}},"122":{"start":{"line":123,"column":0},"end":{"line":123,"column":60}},"123":{"start":{"line":124,"column":0},"end":{"line":124,"column":11}},"124":{"start":{"line":125,"column":0},"end":{"line":125,"column":23}},"125":{"start":{"line":126,"column":0},"end":{"line":126,"column":30}},"126":{"start":{"line":127,"column":0},"end":{"line":127,"column":7}},"127":{"start":{"line":128,"column":0},"end":{"line":128,"column":15}},"128":{"start":{"line":129,"column":0},"end":{"line":129,"column":26}},"129":{"start":{"line":130,"column":0},"end":{"line":130,"column":5}},"130":{"start":{"line":131,"column":0},"end":{"line":131,"column":9}},"132":{"start":{"line":133,"column":0},"end":{"line":133,"column":59}},"134":{"start":{"line":135,"column":0},"end":{"line":135,"column":73}},"135":{"start":{"line":136,"column":0},"end":{"line":136,"column":33}},"136":{"start":{"line":137,"column":0},"end":{"line":137,"column":20}},"137":{"start":{"line":138,"column":0},"end":{"line":138,"column":25}},"139":{"start":{"line":140,"column":0},"end":{"line":140,"column":28}},"140":{"start":{"line":141,"column":0},"end":{"line":141,"column":29}},"141":{"start":{"line":142,"column":0},"end":{"line":142,"column":12}},"142":{"start":{"line":143,"column":0},"end":{"line":143,"column":21}},"143":{"start":{"line":144,"column":0},"end":{"line":144,"column":28}},"144":{"start":{"line":145,"column":0},"end":{"line":145,"column":31}},"145":{"start":{"line":146,"column":0},"end":{"line":146,"column":5}},"146":{"start":{"line":147,"column":0},"end":{"line":147,"column":4}},"148":{"start":{"line":149,"column":0},"end":{"line":149,"column":53}},"149":{"start":{"line":150,"column":0},"end":{"line":150,"column":83}},"151":{"start":{"line":152,"column":0},"end":{"line":152,"column":20}},"152":{"start":{"line":153,"column":0},"end":{"line":153,"column":23}},"153":{"start":{"line":154,"column":0},"end":{"line":154,"column":27}},"154":{"start":{"line":155,"column":0},"end":{"line":155,"column":33}},"155":{"start":{"line":156,"column":0},"end":{"line":156,"column":60}},"157":{"start":{"line":158,"column":0},"end":{"line":158,"column":14}},"158":{"start":{"line":159,"column":0},"end":{"line":159,"column":21}},"159":{"start":{"line":160,"column":0},"end":{"line":160,"column":27}},"160":{"start":{"line":161,"column":0},"end":{"line":161,"column":59}},"161":{"start":{"line":162,"column":0},"end":{"line":162,"column":14}},"162":{"start":{"line":163,"column":0},"end":{"line":163,"column":19}},"163":{"start":{"line":164,"column":0},"end":{"line":164,"column":27}},"164":{"start":{"line":165,"column":0},"end":{"line":165,"column":74}},"165":{"start":{"line":166,"column":0},"end":{"line":166,"column":41}},"166":{"start":{"line":167,"column":0},"end":{"line":167,"column":84}},"167":{"start":{"line":168,"column":0},"end":{"line":168,"column":18}},"168":{"start":{"line":169,"column":0},"end":{"line":169,"column":78}},"169":{"start":{"line":170,"column":0},"end":{"line":170,"column":11}},"170":{"start":{"line":171,"column":0},"end":{"line":171,"column":9}},"171":{"start":{"line":172,"column":0},"end":{"line":172,"column":14}},"172":{"start":{"line":173,"column":0},"end":{"line":173,"column":20}},"173":{"start":{"line":174,"column":0},"end":{"line":174,"column":30}},"174":{"start":{"line":175,"column":0},"end":{"line":175,"column":33}},"175":{"start":{"line":176,"column":0},"end":{"line":176,"column":14}},"176":{"start":{"line":177,"column":0},"end":{"line":177,"column":5}},"177":{"start":{"line":178,"column":0},"end":{"line":178,"column":4}},"179":{"start":{"line":180,"column":0},"end":{"line":180,"column":35}},"180":{"start":{"line":181,"column":0},"end":{"line":181,"column":65}},"181":{"start":{"line":182,"column":0},"end":{"line":182,"column":4}},"183":{"start":{"line":184,"column":0},"end":{"line":184,"column":56}},"184":{"start":{"line":185,"column":0},"end":{"line":185,"column":39}},"185":{"start":{"line":186,"column":0},"end":{"line":186,"column":39}},"186":{"start":{"line":187,"column":0},"end":{"line":187,"column":42}},"188":{"start":{"line":189,"column":0},"end":{"line":189,"column":56}},"189":{"start":{"line":190,"column":0},"end":{"line":190,"column":40}},"191":{"start":{"line":192,"column":0},"end":{"line":192,"column":22}},"192":{"start":{"line":193,"column":0},"end":{"line":193,"column":26}},"193":{"start":{"line":194,"column":0},"end":{"line":194,"column":25}},"195":{"start":{"line":196,"column":0},"end":{"line":196,"column":40}},"196":{"start":{"line":197,"column":0},"end":{"line":197,"column":27}},"197":{"start":{"line":198,"column":0},"end":{"line":198,"column":15}},"198":{"start":{"line":199,"column":0},"end":{"line":199,"column":29}},"199":{"start":{"line":200,"column":0},"end":{"line":200,"column":49}},"200":{"start":{"line":201,"column":0},"end":{"line":201,"column":7}},"201":{"start":{"line":202,"column":0},"end":{"line":202,"column":7}},"202":{"start":{"line":203,"column":0},"end":{"line":203,"column":4}},"204":{"start":{"line":205,"column":0},"end":{"line":205,"column":60}},"205":{"start":{"line":206,"column":0},"end":{"line":206,"column":55}},"206":{"start":{"line":207,"column":0},"end":{"line":207,"column":27}},"207":{"start":{"line":208,"column":0},"end":{"line":208,"column":26}},"208":{"start":{"line":209,"column":0},"end":{"line":209,"column":25}},"210":{"start":{"line":211,"column":0},"end":{"line":211,"column":44}},"211":{"start":{"line":212,"column":0},"end":{"line":212,"column":31}},"212":{"start":{"line":213,"column":0},"end":{"line":213,"column":7}},"213":{"start":{"line":214,"column":0},"end":{"line":214,"column":4}},"215":{"start":{"line":216,"column":0},"end":{"line":216,"column":45}},"216":{"start":{"line":217,"column":0},"end":{"line":217,"column":9}},"217":{"start":{"line":218,"column":0},"end":{"line":218,"column":50}},"218":{"start":{"line":219,"column":0},"end":{"line":219,"column":21}},"219":{"start":{"line":220,"column":0},"end":{"line":220,"column":59}},"221":{"start":{"line":222,"column":0},"end":{"line":222,"column":41}},"222":{"start":{"line":223,"column":0},"end":{"line":223,"column":37}},"223":{"start":{"line":224,"column":0},"end":{"line":224,"column":117}},"226":{"start":{"line":227,"column":0},"end":{"line":227,"column":26}},"227":{"start":{"line":228,"column":0},"end":{"line":228,"column":45}},"228":{"start":{"line":229,"column":0},"end":{"line":229,"column":44}},"230":{"start":{"line":231,"column":0},"end":{"line":231,"column":83}},"231":{"start":{"line":232,"column":0},"end":{"line":232,"column":57}},"232":{"start":{"line":233,"column":0},"end":{"line":233,"column":28}},"233":{"start":{"line":234,"column":0},"end":{"line":234,"column":32}},"235":{"start":{"line":236,"column":0},"end":{"line":236,"column":51}},"236":{"start":{"line":237,"column":0},"end":{"line":237,"column":32}},"237":{"start":{"line":238,"column":0},"end":{"line":238,"column":13}},"238":{"start":{"line":239,"column":0},"end":{"line":239,"column":9}},"239":{"start":{"line":240,"column":0},"end":{"line":240,"column":7}},"240":{"start":{"line":241,"column":0},"end":{"line":241,"column":21}},"241":{"start":{"line":242,"column":0},"end":{"line":242,"column":49}},"242":{"start":{"line":243,"column":0},"end":{"line":243,"column":53}},"243":{"start":{"line":244,"column":0},"end":{"line":244,"column":61}},"244":{"start":{"line":245,"column":0},"end":{"line":245,"column":9}},"245":{"start":{"line":246,"column":0},"end":{"line":246,"column":5}},"246":{"start":{"line":247,"column":0},"end":{"line":247,"column":4}},"248":{"start":{"line":249,"column":0},"end":{"line":249,"column":29}},"249":{"start":{"line":250,"column":0},"end":{"line":250,"column":17}},"250":{"start":{"line":251,"column":0},"end":{"line":251,"column":19}},"251":{"start":{"line":252,"column":0},"end":{"line":252,"column":26}},"252":{"start":{"line":253,"column":0},"end":{"line":253,"column":25}},"253":{"start":{"line":254,"column":0},"end":{"line":254,"column":30}},"254":{"start":{"line":255,"column":0},"end":{"line":255,"column":4}},"256":{"start":{"line":257,"column":0},"end":{"line":257,"column":51}},"257":{"start":{"line":258,"column":0},"end":{"line":258,"column":35}},"258":{"start":{"line":259,"column":0},"end":{"line":259,"column":45}},"260":{"start":{"line":261,"column":0},"end":{"line":261,"column":21}},"262":{"start":{"line":263,"column":0},"end":{"line":263,"column":47}},"263":{"start":{"line":264,"column":0},"end":{"line":264,"column":60}},"264":{"start":{"line":265,"column":0},"end":{"line":265,"column":30}},"265":{"start":{"line":266,"column":0},"end":{"line":266,"column":31}},"266":{"start":{"line":267,"column":0},"end":{"line":267,"column":5}},"268":{"start":{"line":269,"column":0},"end":{"line":269,"column":23}},"269":{"start":{"line":270,"column":0},"end":{"line":270,"column":31}},"270":{"start":{"line":271,"column":0},"end":{"line":271,"column":32}},"271":{"start":{"line":272,"column":0},"end":{"line":272,"column":33}},"272":{"start":{"line":273,"column":0},"end":{"line":273,"column":5}},"274":{"start":{"line":275,"column":0},"end":{"line":275,"column":25}},"275":{"start":{"line":276,"column":0},"end":{"line":276,"column":33}},"276":{"start":{"line":277,"column":0},"end":{"line":277,"column":5}},"278":{"start":{"line":279,"column":0},"end":{"line":279,"column":24}},"279":{"start":{"line":280,"column":0},"end":{"line":280,"column":32}},"280":{"start":{"line":281,"column":0},"end":{"line":281,"column":5}},"282":{"start":{"line":283,"column":0},"end":{"line":283,"column":27}},"283":{"start":{"line":284,"column":0},"end":{"line":284,"column":35}},"284":{"start":{"line":285,"column":0},"end":{"line":285,"column":5}},"286":{"start":{"line":287,"column":0},"end":{"line":287,"column":69}},"287":{"start":{"line":288,"column":0},"end":{"line":288,"column":4}},"289":{"start":{"line":290,"column":0},"end":{"line":290,"column":51}},"290":{"start":{"line":291,"column":0},"end":{"line":291,"column":51}},"292":{"start":{"line":293,"column":0},"end":{"line":293,"column":19}},"293":{"start":{"line":294,"column":0},"end":{"line":294,"column":19}},"294":{"start":{"line":295,"column":0},"end":{"line":295,"column":25}},"295":{"start":{"line":296,"column":0},"end":{"line":296,"column":58}},"296":{"start":{"line":297,"column":0},"end":{"line":297,"column":22}},"297":{"start":{"line":298,"column":0},"end":{"line":298,"column":24}},"298":{"start":{"line":299,"column":0},"end":{"line":299,"column":65}},"299":{"start":{"line":300,"column":0},"end":{"line":300,"column":18}},"300":{"start":{"line":301,"column":0},"end":{"line":301,"column":21}},"301":{"start":{"line":302,"column":0},"end":{"line":302,"column":58}},"302":{"start":{"line":303,"column":0},"end":{"line":303,"column":19}},"303":{"start":{"line":304,"column":0},"end":{"line":304,"column":18}},"304":{"start":{"line":305,"column":0},"end":{"line":305,"column":18}},"305":{"start":{"line":306,"column":0},"end":{"line":306,"column":61}},"306":{"start":{"line":307,"column":0},"end":{"line":307,"column":14}},"307":{"start":{"line":308,"column":0},"end":{"line":308,"column":68}},"308":{"start":{"line":309,"column":0},"end":{"line":309,"column":5}},"309":{"start":{"line":310,"column":0},"end":{"line":310,"column":4}},"311":{"start":{"line":312,"column":0},"end":{"line":312,"column":29}},"312":{"start":{"line":313,"column":0},"end":{"line":313,"column":27}},"313":{"start":{"line":314,"column":0},"end":{"line":314,"column":31}},"314":{"start":{"line":315,"column":0},"end":{"line":315,"column":27}},"315":{"start":{"line":316,"column":0},"end":{"line":316,"column":5}},"316":{"start":{"line":317,"column":0},"end":{"line":317,"column":4}},"318":{"start":{"line":319,"column":0},"end":{"line":319,"column":28}},"319":{"start":{"line":320,"column":0},"end":{"line":320,"column":47}},"320":{"start":{"line":321,"column":0},"end":{"line":321,"column":22}},"321":{"start":{"line":322,"column":0},"end":{"line":322,"column":28}},"322":{"start":{"line":323,"column":0},"end":{"line":323,"column":12}},"323":{"start":{"line":324,"column":0},"end":{"line":324,"column":4}},"325":{"start":{"line":326,"column":0},"end":{"line":326,"column":19}},"326":{"start":{"line":327,"column":0},"end":{"line":327,"column":55}},"327":{"start":{"line":328,"column":0},"end":{"line":328,"column":10}},"328":{"start":{"line":329,"column":0},"end":{"line":329,"column":30}},"329":{"start":{"line":330,"column":0},"end":{"line":330,"column":61}},"330":{"start":{"line":331,"column":0},"end":{"line":331,"column":28}},"331":{"start":{"line":332,"column":0},"end":{"line":332,"column":56}},"332":{"start":{"line":333,"column":0},"end":{"line":333,"column":9}},"333":{"start":{"line":334,"column":0},"end":{"line":334,"column":30}},"334":{"start":{"line":335,"column":0},"end":{"line":335,"column":7}},"335":{"start":{"line":336,"column":0},"end":{"line":336,"column":6}},"337":{"start":{"line":338,"column":0},"end":{"line":338,"column":63}},"338":{"start":{"line":339,"column":0},"end":{"line":339,"column":18}},"339":{"start":{"line":340,"column":0},"end":{"line":340,"column":68}},"340":{"start":{"line":341,"column":0},"end":{"line":341,"column":6}},"341":{"start":{"line":342,"column":0},"end":{"line":342,"column":9}},"343":{"start":{"line":344,"column":0},"end":{"line":344,"column":46}},"344":{"start":{"line":345,"column":0},"end":{"line":345,"column":81}},"346":{"start":{"line":347,"column":0},"end":{"line":347,"column":10}},"347":{"start":{"line":348,"column":0},"end":{"line":348,"column":45}},"348":{"start":{"line":349,"column":0},"end":{"line":349,"column":32}},"349":{"start":{"line":350,"column":0},"end":{"line":350,"column":116}},"351":{"start":{"line":352,"column":0},"end":{"line":352,"column":14}},"352":{"start":{"line":353,"column":0},"end":{"line":353,"column":24}},"353":{"start":{"line":354,"column":0},"end":{"line":354,"column":21}},"354":{"start":{"line":355,"column":0},"end":{"line":355,"column":67}},"355":{"start":{"line":356,"column":0},"end":{"line":356,"column":23}},"356":{"start":{"line":357,"column":0},"end":{"line":357,"column":38}},"357":{"start":{"line":358,"column":0},"end":{"line":358,"column":35}},"358":{"start":{"line":359,"column":0},"end":{"line":359,"column":31}},"359":{"start":{"line":360,"column":0},"end":{"line":360,"column":29}},"360":{"start":{"line":361,"column":0},"end":{"line":361,"column":82}},"361":{"start":{"line":362,"column":0},"end":{"line":362,"column":28}},"362":{"start":{"line":363,"column":0},"end":{"line":363,"column":27}},"363":{"start":{"line":364,"column":0},"end":{"line":364,"column":30}},"364":{"start":{"line":365,"column":0},"end":{"line":365,"column":28}},"367":{"start":{"line":368,"column":0},"end":{"line":368,"column":101}},"369":{"start":{"line":370,"column":0},"end":{"line":370,"column":28}},"370":{"start":{"line":371,"column":0},"end":{"line":371,"column":19}},"371":{"start":{"line":372,"column":0},"end":{"line":372,"column":29}},"372":{"start":{"line":373,"column":0},"end":{"line":373,"column":23}},"373":{"start":{"line":374,"column":0},"end":{"line":374,"column":45}},"374":{"start":{"line":375,"column":0},"end":{"line":375,"column":35}},"375":{"start":{"line":376,"column":0},"end":{"line":376,"column":101}},"376":{"start":{"line":377,"column":0},"end":{"line":377,"column":42}},"378":{"start":{"line":379,"column":0},"end":{"line":379,"column":29}},"379":{"start":{"line":380,"column":0},"end":{"line":380,"column":60}},"381":{"start":{"line":382,"column":0},"end":{"line":382,"column":50}},"387":{"start":{"line":388,"column":0},"end":{"line":388,"column":21}},"388":{"start":{"line":389,"column":0},"end":{"line":389,"column":19}},"389":{"start":{"line":390,"column":0},"end":{"line":390,"column":29}},"390":{"start":{"line":391,"column":0},"end":{"line":391,"column":23}},"391":{"start":{"line":392,"column":0},"end":{"line":392,"column":35}},"392":{"start":{"line":393,"column":0},"end":{"line":393,"column":105}},"393":{"start":{"line":394,"column":0},"end":{"line":394,"column":34}},"395":{"start":{"line":396,"column":0},"end":{"line":396,"column":39}},"400":{"start":{"line":401,"column":0},"end":{"line":401,"column":25}},"401":{"start":{"line":402,"column":0},"end":{"line":402,"column":58}},"402":{"start":{"line":403,"column":0},"end":{"line":403,"column":34}},"403":{"start":{"line":404,"column":0},"end":{"line":404,"column":134}},"404":{"start":{"line":405,"column":0},"end":{"line":405,"column":36}},"407":{"start":{"line":408,"column":0},"end":{"line":408,"column":58}},"414":{"start":{"line":415,"column":0},"end":{"line":415,"column":23}},"415":{"start":{"line":416,"column":0},"end":{"line":416,"column":14}},"416":{"start":{"line":417,"column":0},"end":{"line":417,"column":26}},"417":{"start":{"line":418,"column":0},"end":{"line":418,"column":119}},"419":{"start":{"line":420,"column":0},"end":{"line":420,"column":71}},"421":{"start":{"line":422,"column":0},"end":{"line":422,"column":71}},"422":{"start":{"line":423,"column":0},"end":{"line":423,"column":107}},"423":{"start":{"line":424,"column":0},"end":{"line":424,"column":87}},"424":{"start":{"line":425,"column":0},"end":{"line":425,"column":47}},"425":{"start":{"line":426,"column":0},"end":{"line":426,"column":70}},"427":{"start":{"line":428,"column":0},"end":{"line":428,"column":23}},"428":{"start":{"line":429,"column":0},"end":{"line":429,"column":33}},"429":{"start":{"line":430,"column":0},"end":{"line":430,"column":27}},"430":{"start":{"line":431,"column":0},"end":{"line":431,"column":40}},"431":{"start":{"line":432,"column":0},"end":{"line":432,"column":98}},"433":{"start":{"line":434,"column":0},"end":{"line":434,"column":53}},"440":{"start":{"line":441,"column":0},"end":{"line":441,"column":33}},"441":{"start":{"line":442,"column":0},"end":{"line":442,"column":44}},"442":{"start":{"line":443,"column":0},"end":{"line":443,"column":53}},"443":{"start":{"line":444,"column":0},"end":{"line":444,"column":61}},"445":{"start":{"line":446,"column":0},"end":{"line":446,"column":49}},"446":{"start":{"line":447,"column":0},"end":{"line":447,"column":66}},"447":{"start":{"line":448,"column":0},"end":{"line":448,"column":28}},"448":{"start":{"line":449,"column":0},"end":{"line":449,"column":82}},"449":{"start":{"line":450,"column":0},"end":{"line":450,"column":31}},"450":{"start":{"line":451,"column":0},"end":{"line":451,"column":74}},"451":{"start":{"line":452,"column":0},"end":{"line":452,"column":143}},"452":{"start":{"line":453,"column":0},"end":{"line":453,"column":39}},"453":{"start":{"line":454,"column":0},"end":{"line":454,"column":83}},"454":{"start":{"line":455,"column":0},"end":{"line":455,"column":67}},"455":{"start":{"line":456,"column":0},"end":{"line":456,"column":29}},"457":{"start":{"line":458,"column":0},"end":{"line":458,"column":66}},"458":{"start":{"line":459,"column":0},"end":{"line":459,"column":77}},"459":{"start":{"line":460,"column":0},"end":{"line":460,"column":73}},"461":{"start":{"line":462,"column":0},"end":{"line":462,"column":60}},"462":{"start":{"line":463,"column":0},"end":{"line":463,"column":92}},"463":{"start":{"line":464,"column":0},"end":{"line":464,"column":53}},"465":{"start":{"line":466,"column":0},"end":{"line":466,"column":82}},"466":{"start":{"line":467,"column":0},"end":{"line":467,"column":86}},"471":{"start":{"line":472,"column":0},"end":{"line":472,"column":31}},"472":{"start":{"line":473,"column":0},"end":{"line":473,"column":41}},"473":{"start":{"line":474,"column":0},"end":{"line":474,"column":35}},"474":{"start":{"line":475,"column":0},"end":{"line":475,"column":80}},"475":{"start":{"line":476,"column":0},"end":{"line":476,"column":106}},"477":{"start":{"line":478,"column":0},"end":{"line":478,"column":51}},"481":{"start":{"line":482,"column":0},"end":{"line":482,"column":26}},"482":{"start":{"line":483,"column":0},"end":{"line":483,"column":56}},"483":{"start":{"line":484,"column":0},"end":{"line":484,"column":28}},"484":{"start":{"line":485,"column":0},"end":{"line":485,"column":29}},"485":{"start":{"line":486,"column":0},"end":{"line":486,"column":47}},"486":{"start":{"line":487,"column":0},"end":{"line":487,"column":66}},"487":{"start":{"line":488,"column":0},"end":{"line":488,"column":141}},"488":{"start":{"line":489,"column":0},"end":{"line":489,"column":37}},"489":{"start":{"line":490,"column":0},"end":{"line":490,"column":81}},"490":{"start":{"line":491,"column":0},"end":{"line":491,"column":65}},"491":{"start":{"line":492,"column":0},"end":{"line":492,"column":27}},"493":{"start":{"line":494,"column":0},"end":{"line":494,"column":64}},"494":{"start":{"line":495,"column":0},"end":{"line":495,"column":72}},"495":{"start":{"line":496,"column":0},"end":{"line":496,"column":51}},"497":{"start":{"line":498,"column":0},"end":{"line":498,"column":58}},"498":{"start":{"line":499,"column":0},"end":{"line":499,"column":90}},"499":{"start":{"line":500,"column":0},"end":{"line":500,"column":53}},"501":{"start":{"line":502,"column":0},"end":{"line":502,"column":56}},"502":{"start":{"line":503,"column":0},"end":{"line":503,"column":106}},"503":{"start":{"line":504,"column":0},"end":{"line":504,"column":100}},"504":{"start":{"line":505,"column":0},"end":{"line":505,"column":49}},"505":{"start":{"line":506,"column":0},"end":{"line":506,"column":107}},"506":{"start":{"line":507,"column":0},"end":{"line":507,"column":67}},"515":{"start":{"line":516,"column":0},"end":{"line":516,"column":19}},"516":{"start":{"line":517,"column":0},"end":{"line":517,"column":18}},"518":{"start":{"line":519,"column":0},"end":{"line":519,"column":49}},"519":{"start":{"line":520,"column":0},"end":{"line":520,"column":67}},"520":{"start":{"line":521,"column":0},"end":{"line":521,"column":67}},"521":{"start":{"line":522,"column":0},"end":{"line":522,"column":76}},"522":{"start":{"line":523,"column":0},"end":{"line":523,"column":76}},"523":{"start":{"line":524,"column":0},"end":{"line":524,"column":87}},"524":{"start":{"line":525,"column":0},"end":{"line":525,"column":42}},"525":{"start":{"line":526,"column":0},"end":{"line":526,"column":109}},"526":{"start":{"line":527,"column":0},"end":{"line":527,"column":59}},"527":{"start":{"line":528,"column":0},"end":{"line":528,"column":67}},"531":{"start":{"line":532,"column":0},"end":{"line":532,"column":70}},"532":{"start":{"line":533,"column":0},"end":{"line":533,"column":67}},"533":{"start":{"line":534,"column":0},"end":{"line":534,"column":75}},"534":{"start":{"line":535,"column":0},"end":{"line":535,"column":78}},"535":{"start":{"line":536,"column":0},"end":{"line":536,"column":80}},"538":{"start":{"line":539,"column":0},"end":{"line":539,"column":67}},"539":{"start":{"line":540,"column":0},"end":{"line":540,"column":76}},"540":{"start":{"line":541,"column":0},"end":{"line":541,"column":73}},"541":{"start":{"line":542,"column":0},"end":{"line":542,"column":101}},"552":{"start":{"line":553,"column":0},"end":{"line":553,"column":2}},"554":{"start":{"line":555,"column":0},"end":{"line":555,"column":32}}},"s":{"0":0,"1":0,"2":0,"3":0,"4":0,"5":0,"8":0,"9":0,"10":0,"11":0,"45":0,"46":0,"47":0,"48":0,"49":0,"50":0,"51":0,"52":0,"53":0,"54":0,"55":0,"57":0,"58":0,"60":0,"61":0,"62":0,"63":0,"64":0,"65":0,"66":0,"68":0,"69":0,"70":0,"71":0,"72":0,"73":0,"75":0,"76":0,"77":0,"78":0,"79":0,"80":0,"81":0,"82":0,"84":0,"85":0,"87":0,"88":0,"89":0,"90":0,"91":0,"92":0,"93":0,"94":0,"95":0,"96":0,"97":0,"98":0,"99":0,"100":0,"102":0,"104":0,"105":0,"106":0,"108":0,"109":0,"110":0,"111":0,"112":0,"113":0,"115":0,"116":0,"117":0,"118":0,"119":0,"120":0,"121":0,"122":0,"123":0,"124":0,"125":0,"126":0,"127":0,"128":0,"129":0,"130":0,"132":0,"134":0,"135":0,"136":0,"137":0,"139":0,"140":0,"141":0,"142":0,"143":0,"144":0,"145":0,"146":0,"148":0,"149":0,"151":0,"152":0,"153":0,"154":0,"155":0,"157":0,"158":0,"159":0,"160":0,"161":0,"162":0,"163":0,"164":0,"165":0,"166":0,"167":0,"168":0,"169":0,"170":0,"171":0,"172":0,"173":0,"174":0,"175":0,"176":0,"177":0,"179":0,"180":0,"181":0,"183":0,"184":0,"185":0,"186":0,"188":0,"189":0,"191":0,"192":0,"193":0,"195":0,"196":0,"197":0,"198":0,"199":0,"200":0,"201":0,"202":0,"204":0,"205":0,"206":0,"207":0,"208":0,"210":0,"211":0,"212":0,"213":0,"215":0,"216":0,"217":0,"218":0,"219":0,"221":0,"222":0,"223":0,"226":0,"227":0,"228":0,"230":0,"231":0,"232":0,"233":0,"235":0,"236":0,"237":0,"238":0,"239":0,"240":0,"241":0,"242":0,"243":0,"244":0,"245":0,"246":0,"248":0,"249":0,"250":0,"251":0,"252":0,"253":0,"254":0,"256":0,"257":0,"258":0,"260":0,"262":0,"263":0,"264":0,"265":0,"266":0,"268":0,"269":0,"270":0,"271":0,"272":0,"274":0,"275":0,"276":0,"278":0,"279":0,"280":0,"282":0,"283":0,"284":0,"286":0,"287":0,"289":0,"290":0,"292":0,"293":0,"294":0,"295":0,"296":0,"297":0,"298":0,"299":0,"300":0,"301":0,"302":0,"303":0,"304":0,"305":0,"306":0,"307":0,"308":0,"309":0,"311":0,"312":0,"313":0,"314":0,"315":0,"316":0,"318":0,"319":0,"320":0,"321":0,"322":0,"323":0,"325":0,"326":0,"327":0,"328":0,"329":0,"330":0,"331":0,"332":0,"333":0,"334":0,"335":0,"337":0,"338":0,"339":0,"340":0,"341":0,"343":0,"344":0,"346":0,"347":0,"348":0,"349":0,"351":0,"352":0,"353":0,"354":0,"355":0,"356":0,"357":0,"358":0,"359":0,"360":0,"361":0,"362":0,"363":0,"364":0,"367":0,"369":0,"370":0,"371":0,"372":0,"373":0,"374":0,"375":0,"376":0,"378":0,"379":0,"381":0,"387":0,"388":0,"389":0,"390":0,"391":0,"392":0,"393":0,"395":0,"400":0,"401":0,"402":0,"403":0,"404":0,"407":0,"414":0,"415":0,"416":0,"417":0,"419":0,"421":0,"422":0,"423":0,"424":0,"425":0,"427":0,"428":0,"429":0,"430":0,"431":0,"433":0,"440":0,"441":0,"442":0,"443":0,"445":0,"446":0,"447":0,"448":0,"449":0,"450":0,"451":0,"452":0,"453":0,"454":0,"455":0,"457":0,"458":0,"459":0,"461":0,"462":0,"463":0,"465":0,"466":0,"471":0,"472":0,"473":0,"474":0,"475":0,"477":0,"481":0,"482":0,"483":0,"484":0,"485":0,"486":0,"487":0,"488":0,"489":0,"490":0,"491":0,"493":0,"494":0,"495":0,"497":0,"498":0,"499":0,"501":0,"502":0,"503":0,"504":0,"505":0,"506":0,"515":0,"516":0,"518":0,"519":0,"520":0,"521":0,"522":0,"523":0,"524":0,"525":0,"526":0,"527":0,"531":0,"532":0,"533":0,"534":0,"535":0,"538":0,"539":0,"540":0,"541":0,"552":0,"554":0},"branchMap":{"0":{"type":"branch","line":1,"loc":{"start":{"line":1,"column":19180},"end":{"line":555,"column":32}},"locations":[{"start":{"line":1,"column":19180},"end":{"line":555,"column":32}}]}},"b":{"0":[0]},"fnMap":{"0":{"name":"(empty-report)","decl":{"start":{"line":1,"column":19180},"end":{"line":555,"column":32}},"loc":{"start":{"line":1,"column":19180},"end":{"line":555,"column":32}},"line":1}},"f":{"0":0}}
,"/workspace/src/components/Map/AsphaltDetector.tsx": {"path":"/workspace/src/components/Map/AsphaltDetector.tsx","all":true,"statementMap":{"0":{"start":{"line":1,"column":0},"end":{"line":1,"column":48}},"1":{"start":{"line":2,"column":0},"end":{"line":2,"column":48}},"2":{"start":{"line":3,"column":0},"end":{"line":3,"column":44}},"3":{"start":{"line":4,"column":0},"end":{"line":4,"column":52}},"4":{"start":{"line":5,"column":0},"end":{"line":5,"column":108}},"5":{"start":{"line":6,"column":0},"end":{"line":6,"column":31}},"6":{"start":{"line":7,"column":0},"end":{"line":7,"column":24}},"7":{"start":{"line":8,"column":0},"end":{"line":8,"column":79}},"15":{"start":{"line":16,"column":0},"end":{"line":16,"column":100}},"16":{"start":{"line":17,"column":0},"end":{"line":17,"column":56}},"17":{"start":{"line":18,"column":0},"end":{"line":18,"column":64}},"18":{"start":{"line":19,"column":0},"end":{"line":19,"column":80}},"19":{"start":{"line":20,"column":0},"end":{"line":20,"column":56}},"20":{"start":{"line":21,"column":0},"end":{"line":21,"column":54}},"24":{"start":{"line":25,"column":0},"end":{"line":25,"column":18}},"26":{"start":{"line":27,"column":0},"end":{"line":27,"column":70}},"27":{"start":{"line":28,"column":0},"end":{"line":28,"column":56}},"29":{"start":{"line":30,"column":0},"end":{"line":30,"column":50}},"30":{"start":{"line":31,"column":0},"end":{"line":31,"column":43}},"31":{"start":{"line":32,"column":0},"end":{"line":32,"column":15}},"32":{"start":{"line":33,"column":0},"end":{"line":33,"column":52}},"33":{"start":{"line":34,"column":0},"end":{"line":34,"column":13}},"34":{"start":{"line":35,"column":0},"end":{"line":35,"column":5}},"36":{"start":{"line":37,"column":0},"end":{"line":37,"column":25}},"37":{"start":{"line":38,"column":0},"end":{"line":38,"column":28}},"38":{"start":{"line":39,"column":0},"end":{"line":39,"column":73}},"40":{"start":{"line":41,"column":0},"end":{"line":41,"column":9}},"41":{"start":{"line":42,"column":0},"end":{"line":42,"column":40}},"42":{"start":{"line":43,"column":0},"end":{"line":43,"column":37}},"43":{"start":{"line":44,"column":0},"end":{"line":44,"column":33}},"45":{"start":{"line":46,"column":0},"end":{"line":46,"column":36}},"46":{"start":{"line":47,"column":0},"end":{"line":47,"column":31}},"47":{"start":{"line":48,"column":0},"end":{"line":48,"column":61}},"49":{"start":{"line":50,"column":0},"end":{"line":50,"column":43}},"50":{"start":{"line":51,"column":0},"end":{"line":51,"column":31}},"51":{"start":{"line":52,"column":0},"end":{"line":52,"column":85}},"53":{"start":{"line":54,"column":0},"end":{"line":54,"column":32}},"54":{"start":{"line":55,"column":0},"end":{"line":55,"column":31}},"55":{"start":{"line":56,"column":0},"end":{"line":56,"column":61}},"57":{"start":{"line":58,"column":0},"end":{"line":58,"column":36}},"58":{"start":{"line":59,"column":0},"end":{"line":59,"column":31}},"60":{"start":{"line":61,"column":0},"end":{"line":61,"column":34}},"61":{"start":{"line":62,"column":0},"end":{"line":62,"column":43}},"63":{"start":{"line":64,"column":0},"end":{"line":64,"column":38}},"64":{"start":{"line":65,"column":0},"end":{"line":65,"column":65}},"65":{"start":{"line":66,"column":0},"end":{"line":66,"column":95}},"66":{"start":{"line":67,"column":0},"end":{"line":67,"column":54}},"67":{"start":{"line":68,"column":0},"end":{"line":68,"column":20}},"68":{"start":{"line":69,"column":0},"end":{"line":69,"column":23}},"69":{"start":{"line":70,"column":0},"end":{"line":70,"column":58}},"70":{"start":{"line":71,"column":0},"end":{"line":71,"column":28}},"71":{"start":{"line":72,"column":0},"end":{"line":72,"column":66}},"72":{"start":{"line":73,"column":0},"end":{"line":73,"column":53}},"73":{"start":{"line":74,"column":0},"end":{"line":74,"column":11}},"75":{"start":{"line":76,"column":0},"end":{"line":76,"column":53}},"76":{"start":{"line":77,"column":0},"end":{"line":77,"column":27}},"79":{"start":{"line":80,"column":0},"end":{"line":80,"column":99}},"80":{"start":{"line":81,"column":0},"end":{"line":81,"column":109}},"83":{"start":{"line":84,"column":0},"end":{"line":84,"column":81}},"84":{"start":{"line":85,"column":0},"end":{"line":85,"column":79}},"85":{"start":{"line":86,"column":0},"end":{"line":86,"column":80}},"86":{"start":{"line":87,"column":0},"end":{"line":87,"column":95}},"90":{"start":{"line":91,"column":0},"end":{"line":91,"column":74}},"97":{"start":{"line":98,"column":0},"end":{"line":98,"column":11}},"99":{"start":{"line":100,"column":0},"end":{"line":100,"column":60}},"100":{"start":{"line":101,"column":0},"end":{"line":101,"column":39}},"101":{"start":{"line":102,"column":0},"end":{"line":102,"column":28}},"102":{"start":{"line":103,"column":0},"end":{"line":103,"column":79}},"103":{"start":{"line":104,"column":0},"end":{"line":104,"column":13}},"104":{"start":{"line":105,"column":0},"end":{"line":105,"column":9}},"106":{"start":{"line":107,"column":0},"end":{"line":107,"column":49}},"107":{"start":{"line":108,"column":0},"end":{"line":108,"column":9}},"109":{"start":{"line":110,"column":0},"end":{"line":110,"column":35}},"110":{"start":{"line":111,"column":0},"end":{"line":111,"column":50}},"111":{"start":{"line":112,"column":0},"end":{"line":112,"column":42}},"112":{"start":{"line":113,"column":0},"end":{"line":113,"column":7}},"114":{"start":{"line":115,"column":0},"end":{"line":115,"column":21}},"115":{"start":{"line":116,"column":0},"end":{"line":116,"column":57}},"116":{"start":{"line":117,"column":0},"end":{"line":117,"column":24}},"117":{"start":{"line":118,"column":0},"end":{"line":118,"column":97}},"118":{"start":{"line":119,"column":0},"end":{"line":119,"column":54}},"119":{"start":{"line":120,"column":0},"end":{"line":120,"column":45}},"120":{"start":{"line":121,"column":0},"end":{"line":121,"column":9}},"122":{"start":{"line":123,"column":0},"end":{"line":123,"column":59}},"123":{"start":{"line":124,"column":0},"end":{"line":124,"column":32}},"125":{"start":{"line":126,"column":0},"end":{"line":126,"column":130}},"127":{"start":{"line":128,"column":0},"end":{"line":128,"column":21}},"128":{"start":{"line":129,"column":0},"end":{"line":129,"column":55}},"129":{"start":{"line":130,"column":0},"end":{"line":130,"column":66}},"130":{"start":{"line":131,"column":0},"end":{"line":131,"column":15}},"131":{"start":{"line":132,"column":0},"end":{"line":132,"column":28}},"132":{"start":{"line":133,"column":0},"end":{"line":133,"column":54}},"133":{"start":{"line":134,"column":0},"end":{"line":134,"column":5}},"134":{"start":{"line":135,"column":0},"end":{"line":135,"column":4}},"136":{"start":{"line":137,"column":0},"end":{"line":137,"column":50}},"137":{"start":{"line":138,"column":0},"end":{"line":138,"column":75}},"138":{"start":{"line":139,"column":0},"end":{"line":139,"column":19}},"139":{"start":{"line":140,"column":0},"end":{"line":140,"column":40}},"140":{"start":{"line":141,"column":0},"end":{"line":141,"column":43}},"141":{"start":{"line":142,"column":0},"end":{"line":142,"column":36}},"142":{"start":{"line":143,"column":0},"end":{"line":143,"column":36}},"143":{"start":{"line":144,"column":0},"end":{"line":144,"column":32}},"144":{"start":{"line":145,"column":0},"end":{"line":145,"column":5}},"145":{"start":{"line":146,"column":0},"end":{"line":146,"column":4}},"147":{"start":{"line":148,"column":0},"end":{"line":148,"column":33}},"148":{"start":{"line":149,"column":0},"end":{"line":149,"column":41}},"149":{"start":{"line":150,"column":0},"end":{"line":150,"column":28}},"150":{"start":{"line":151,"column":0},"end":{"line":151,"column":27}},"151":{"start":{"line":152,"column":0},"end":{"line":152,"column":43}},"152":{"start":{"line":153,"column":0},"end":{"line":153,"column":4}},"154":{"start":{"line":155,"column":0},"end":{"line":155,"column":10}},"155":{"start":{"line":156,"column":0},"end":{"line":156,"column":126}},"156":{"start":{"line":157,"column":0},"end":{"line":157,"column":37}},"157":{"start":{"line":158,"column":0},"end":{"line":158,"column":59}},"158":{"start":{"line":159,"column":0},"end":{"line":159,"column":51}},"159":{"start":{"line":160,"column":0},"end":{"line":160,"column":53}},"160":{"start":{"line":161,"column":0},"end":{"line":161,"column":75}},"162":{"start":{"line":163,"column":0},"end":{"line":163,"column":51}},"163":{"start":{"line":164,"column":0},"end":{"line":164,"column":19}},"164":{"start":{"line":165,"column":0},"end":{"line":165,"column":29}},"165":{"start":{"line":166,"column":0},"end":{"line":166,"column":23}},"166":{"start":{"line":167,"column":0},"end":{"line":167,"column":52}},"167":{"start":{"line":168,"column":0},"end":{"line":168,"column":58}},"168":{"start":{"line":169,"column":0},"end":{"line":169,"column":57}},"170":{"start":{"line":171,"column":0},"end":{"line":171,"column":30}},"171":{"start":{"line":172,"column":0},"end":{"line":172,"column":49}},"173":{"start":{"line":174,"column":0},"end":{"line":174,"column":49}},"176":{"start":{"line":177,"column":0},"end":{"line":177,"column":19}},"177":{"start":{"line":178,"column":0},"end":{"line":178,"column":29}},"178":{"start":{"line":179,"column":0},"end":{"line":179,"column":23}},"179":{"start":{"line":180,"column":0},"end":{"line":180,"column":84}},"180":{"start":{"line":181,"column":0},"end":{"line":181,"column":31}},"181":{"start":{"line":182,"column":0},"end":{"line":182,"column":27}},"183":{"start":{"line":184,"column":0},"end":{"line":184,"column":39}},"188":{"start":{"line":189,"column":0},"end":{"line":189,"column":26}},"189":{"start":{"line":190,"column":0},"end":{"line":190,"column":12}},"190":{"start":{"line":191,"column":0},"end":{"line":191,"column":57}},"194":{"start":{"line":195,"column":0},"end":{"line":195,"column":29}},"195":{"start":{"line":196,"column":0},"end":{"line":196,"column":41}},"196":{"start":{"line":197,"column":0},"end":{"line":197,"column":65}},"197":{"start":{"line":198,"column":0},"end":{"line":198,"column":62}},"198":{"start":{"line":199,"column":0},"end":{"line":199,"column":62}},"200":{"start":{"line":201,"column":0},"end":{"line":201,"column":70}},"204":{"start":{"line":205,"column":0},"end":{"line":205,"column":39}},"205":{"start":{"line":206,"column":0},"end":{"line":206,"column":21}},"206":{"start":{"line":207,"column":0},"end":{"line":207,"column":45}},"207":{"start":{"line":208,"column":0},"end":{"line":208,"column":38}},"208":{"start":{"line":209,"column":0},"end":{"line":209,"column":34}},"209":{"start":{"line":210,"column":0},"end":{"line":210,"column":25}},"211":{"start":{"line":212,"column":0},"end":{"line":212,"column":32}},"212":{"start":{"line":213,"column":0},"end":{"line":213,"column":20}},"213":{"start":{"line":214,"column":0},"end":{"line":214,"column":69}},"217":{"start":{"line":218,"column":0},"end":{"line":218,"column":20}},"218":{"start":{"line":219,"column":0},"end":{"line":219,"column":52}},"224":{"start":{"line":225,"column":0},"end":{"line":225,"column":47}},"225":{"start":{"line":226,"column":0},"end":{"line":226,"column":23}},"226":{"start":{"line":227,"column":0},"end":{"line":227,"column":43}},"227":{"start":{"line":228,"column":0},"end":{"line":228,"column":35}},"228":{"start":{"line":229,"column":0},"end":{"line":229,"column":27}},"229":{"start":{"line":230,"column":0},"end":{"line":230,"column":36}},"230":{"start":{"line":231,"column":0},"end":{"line":231,"column":17}},"236":{"start":{"line":237,"column":0},"end":{"line":237,"column":31}},"237":{"start":{"line":238,"column":0},"end":{"line":238,"column":65}},"238":{"start":{"line":239,"column":0},"end":{"line":239,"column":62}},"239":{"start":{"line":240,"column":0},"end":{"line":240,"column":66}},"240":{"start":{"line":241,"column":0},"end":{"line":241,"column":75}},"242":{"start":{"line":243,"column":0},"end":{"line":243,"column":64}},"243":{"start":{"line":244,"column":0},"end":{"line":244,"column":23}},"244":{"start":{"line":245,"column":0},"end":{"line":245,"column":79}},"245":{"start":{"line":246,"column":0},"end":{"line":246,"column":80}},"247":{"start":{"line":248,"column":0},"end":{"line":248,"column":23}},"248":{"start":{"line":249,"column":0},"end":{"line":249,"column":75}},"249":{"start":{"line":250,"column":0},"end":{"line":250,"column":97}},"251":{"start":{"line":252,"column":0},"end":{"line":252,"column":23}},"252":{"start":{"line":253,"column":0},"end":{"line":253,"column":79}},"253":{"start":{"line":254,"column":0},"end":{"line":254,"column":101}},"255":{"start":{"line":256,"column":0},"end":{"line":256,"column":23}},"256":{"start":{"line":257,"column":0},"end":{"line":257,"column":77}},"257":{"start":{"line":258,"column":0},"end":{"line":258,"column":87}},"263":{"start":{"line":264,"column":0},"end":{"line":264,"column":45}},"264":{"start":{"line":265,"column":0},"end":{"line":265,"column":41}},"265":{"start":{"line":266,"column":0},"end":{"line":266,"column":75}},"266":{"start":{"line":267,"column":0},"end":{"line":267,"column":68}},"267":{"start":{"line":268,"column":0},"end":{"line":268,"column":61}},"268":{"start":{"line":269,"column":0},"end":{"line":269,"column":81}},"269":{"start":{"line":270,"column":0},"end":{"line":270,"column":63}},"270":{"start":{"line":271,"column":0},"end":{"line":271,"column":29}},"271":{"start":{"line":272,"column":0},"end":{"line":272,"column":59}},"272":{"start":{"line":273,"column":0},"end":{"line":273,"column":91}},"274":{"start":{"line":275,"column":0},"end":{"line":275,"column":98}},"276":{"start":{"line":277,"column":0},"end":{"line":277,"column":66}},"277":{"start":{"line":278,"column":0},"end":{"line":278,"column":109}},"285":{"start":{"line":286,"column":0},"end":{"line":286,"column":99}},"286":{"start":{"line":287,"column":0},"end":{"line":287,"column":72}},"287":{"start":{"line":288,"column":0},"end":{"line":288,"column":19}},"296":{"start":{"line":297,"column":0},"end":{"line":297,"column":2}},"298":{"start":{"line":299,"column":0},"end":{"line":299,"column":31}}},"s":{"0":0,"1":0,"2":0,"3":0,"4":0,"5":0,"6":0,"7":0,"15":0,"16":0,"17":0,"18":0,"19":0,"20":0,"24":0,"26":0,"27":0,"29":0,"30":0,"31":0,"32":0,"33":0,"34":0,"36":
[...]
:0},"end":{"line":462,"column":89}},"464":{"start":{"line":465,"column":0},"end":{"line":465,"column":10}},"465":{"start":{"line":466,"column":0},"end":{"line":466,"column":18}},"472":{"start":{"line":473,"column":0},"end":{"line":473,"column":54}},"479":{"start":{"line":480,"column":0},"end":{"line":480,"column":6}},"480":{"start":{"line":481,"column":0},"end":{"line":481,"column":3}},"482":{"start":{"line":483,"column":0},"end":{"line":483,"column":50}},"483":{"start":{"line":484,"column":0},"end":{"line":484,"column":45}},"484":{"start":{"line":485,"column":0},"end":{"line":485,"column":30}},"485":{"start":{"line":486,"column":0},"end":{"line":486,"column":26}},"486":{"start":{"line":487,"column":0},"end":{"line":487,"column":22}},"487":{"start":{"line":488,"column":0},"end":{"line":488,"column":12}},"601":{"start":{"line":602,"column":0},"end":{"line":602,"column":86}},"609":{"start":{"line":610,"column":0},"end":{"line":610,"column":68}},"613":{"start":{"line":614,"column":0},"end":{"line":614,"column":78}},"617":{"start":{"line":618,"column":0},"end":{"line":618,"column":61}},"621":{"start":{"line":622,"column":0},"end":{"line":622,"column":63}},"625":{"start":{"line":626,"column":0},"end":{"line":626,"column":63}},"629":{"start":{"line":630,"column":0},"end":{"line":630,"column":141}},"637":{"start":{"line":638,"column":0},"end":{"line":638,"column":49}},"640":{"start":{"line":641,"column":0},"end":{"line":641,"column":155}},"641":{"start":{"line":642,"column":0},"end":{"line":642,"column":82}},"646":{"start":{"line":647,"column":0},"end":{"line":647,"column":68}},"650":{"start":{"line":651,"column":0},"end":{"line":651,"column":67}},"654":{"start":{"line":655,"column":0},"end":{"line":655,"column":69}},"660":{"start":{"line":661,"column":0},"end":{"line":661,"column":201}},"661":{"start":{"line":662,"column":0},"end":{"line":662,"column":68}},"665":{"start":{"line":666,"column":0},"end":{"line":666,"column":20}},"682":{"start":{"line":683,"column":0},"end":{"line":683,"column":43}},"730":{"start":{"line":731,"column":0},"end":{"line":731,"column":6}},"731":{"start":{"line":732,"column":0},"end":{"line":732,"column":3}},"733":{"start":{"line":734,"column":0},"end":{"line":734,"column":44}},"734":{"start":{"line":735,"column":0},"end":{"line":735,"column":37}},"735":{"start":{"line":736,"column":0},"end":{"line":736,"column":34}},"736":{"start":{"line":737,"column":0},"end":{"line":737,"column":30}},"737":{"start":{"line":738,"column":0},"end":{"line":738,"column":18}},"738":{"start":{"line":739,"column":0},"end":{"line":739,"column":18}},"739":{"start":{"line":740,"column":0},"end":{"line":740,"column":11}},"740":{"start":{"line":741,"column":0},"end":{"line":741,"column":17}},"741":{"start":{"line":742,"column":0},"end":{"line":742,"column":30}},"742":{"start":{"line":743,"column":0},"end":{"line":743,"column":33}},"743":{"start":{"line":744,"column":0},"end":{"line":744,"column":29}},"744":{"start":{"line":745,"column":0},"end":{"line":745,"column":60}},"746":{"start":{"line":747,"column":0},"end":{"line":747,"column":22}},"747":{"start":{"line":748,"column":0},"end":{"line":748,"column":28}},"748":{"start":{"line":749,"column":0},"end":{"line":749,"column":27}},"749":{"start":{"line":750,"column":0},"end":{"line":750,"column":19}},"750":{"start":{"line":751,"column":0},"end":{"line":751,"column":55}},"751":{"start":{"line":752,"column":0},"end":{"line":752,"column":41}},"752":{"start":{"line":753,"column":0},"end":{"line":753,"column":46}},"753":{"start":{"line":754,"column":0},"end":{"line":754,"column":64}},"754":{"start":{"line":755,"column":0},"end":{"line":755,"column":6}},"756":{"start":{"line":757,"column":0},"end":{"line":757,"column":36}},"757":{"start":{"line":758,"column":0},"end":{"line":758,"column":48}},"758":{"start":{"line":759,"column":0},"end":{"line":759,"column":7}},"759":{"start":{"line":760,"column":0},"end":{"line":760,"column":3}},"761":{"start":{"line":762,"column":0},"end":{"line":762,"column":36}},"762":{"start":{"line":763,"column":0},"end":{"line":763,"column":87}},"763":{"start":{"line":764,"column":0},"end":{"line":764,"column":25}},"764":{"start":{"line":765,"column":0},"end":{"line":765,"column":53}},"765":{"start":{"line":766,"column":0},"end":{"line":766,"column":57}},"766":{"start":{"line":767,"column":0},"end":{"line":767,"column":56}},"767":{"start":{"line":768,"column":0},"end":{"line":768,"column":57}},"768":{"start":{"line":769,"column":0},"end":{"line":769,"column":51}},"769":{"start":{"line":770,"column":0},"end":{"line":770,"column":5}},"770":{"start":{"line":771,"column":0},"end":{"line":771,"column":3}},"772":{"start":{"line":773,"column":0},"end":{"line":773,"column":30}},"773":{"start":{"line":774,"column":0},"end":{"line":774,"column":89}},"774":{"start":{"line":775,"column":0},"end":{"line":775,"column":63}},"775":{"start":{"line":776,"column":0},"end":{"line":776,"column":54}},"776":{"start":{"line":777,"column":0},"end":{"line":777,"column":64}},"777":{"start":{"line":778,"column":0},"end":{"line":778,"column":3}},"778":{"start":{"line":779,"column":0},"end":{"line":779,"column":1}},"780":{"start":{"line":781,"column":0},"end":{"line":781,"column":29}}},"s":{"25":0,"27":0,"28":0,"29":0,"30":0,"31":0,"32":0,"33":0,"34":0,"35":0,"36":0,"37":0,"39":0,"40":0,"41":0,"42":0,"43":0,"44":0,"46":0,"47":0,"48":0,"49":0,"50":0,"52":0,"53":0,"54":0,"55":0,"56":0,"57":0,"58":0,"59":0,"60":0,"62":0,"63":0,"64":0,"65":0,"68":0,"69":0,"71":0,"73":0,"74":0,"75":0,"76":0,"77":0,"79":0,"80":0,"81":0,"82":0,"83":0,"84":0,"85":0,"86":0,"88":0,"89":0,"90":0,"92":0,"93":0,"94":0,"95":0,"97":0,"98":0,"99":0,"100":0,"101":0,"103":0,"104":0,"105":0,"106":0,"107":0,"109":0,"110":0,"111":0,"112":0,"113":0,"114":0,"115":0,"116":0,"117":0,"118":0,"120":0,"122":0,"123":0,"125":0,"126":0,"127":0,"128":0,"129":0,"130":0,"131":0,"132":0,"134":0,"135":0,"136":0,"137":0,"138":0,"140":0,"141":0,"142":0,"143":0,"144":0,"145":0,"146":0,"147":0,"148":0,"149":0,"150":0,"151":0,"152":0,"153":0,"154":0,"155":0,"156":0,"157":0,"158":0,"159":0,"160":0,"161":0,"162":0,"163":0,"164":0,"166":0,"168":0,"169":0,"170":0,"171":0,"172":0,"174":0,"175":0,"176":0,"177":0,"178":0,"179":0,"180":0,"181":0,"182":0,"183":0,"185":0,"187":0,"188":0,"190":0,"191":0,"192":0,"193":0,"194":0,"196":0,"197":0,"198":0,"199":0,"200":0,"201":0,"202":0,"204":0,"205":0,"206":0,"208":0,"209":0,"210":0,"211":0,"213":0,"214":0,"215":0,"216":0,"217":0,"219":0,"220":0,"221":0,"222":0,"223":0,"224":0,"225":0,"226":0,"228":0,"229":0,"231":0,"232":0,"234":0,"235":0,"236":0,"237":0,"238":0,"239":0,"240":0,"241":0,"243":0,"244":0,"245":0,"247":0,"248":0,"249":0,"251":0,"252":0,"253":0,"254":0,"256":0,"257":0,"258":0,"259":0,"260":0,"261":0,"262":0,"263":0,"265":0,"266":0,"267":0,"268":0,"270":0,"271":0,"272":0,"273":0,"275":0,"276":0,"278":0,"279":0,"280":0,"281":0,"283":0,"284":0,"285":0,"286":0,"288":0,"289":0,"291":0,"292":0,"293":0,"294":0,"295":0,"296":0,"297":0,"299":0,"300":0,"301":0,"302":0,"303":0,"304":0,"305":0,"306":0,"308":0,"309":0,"310":0,"311":0,"312":0,"314":0,"315":0,"316":0,"317":0,"318":0,"320":0,"321":0,"322":0,"323":0,"324":0,"325":0,"326":0,"327":0,"328":0,"329":0,"331":0,"332":0,"333":0,"336":0,"339":0,"340":0,"341":0,"342":0,"345":0,"346":0,"347":0,"350":0,"351":0,"353":0,"354":0,"355":0,"356":0,"357":0,"358":0,"420":0,"427":0,"428":0,"431":0,"432":0,"450":0,"451":0,"452":0,"453":0,"455":0,"457":0,"458":0,"459":0,"460":0,"461":0,"464":0,"465":0,"472":0,"479":0,"480":0,"482":0,"483":0,"484":0,"485":0,"486":0,"487":0,"601":0,"609":0,"613":0,"617":0,"621":0,"625":0,"629":0,"637":0,"640":0,"641":0,"646":0,"650":0,"654":0,"660":0,"661":0,"665":0,"682":0,"730":0,"731":0,"733":0,"734":0,"735":0,"736":0,"737":0,"738":0,"739":0,"740":0,"741":0,"742":0,"743":0,"744":0,"746":0,"747":0,"748":0,"749":0,"750":0,"751":0,"752":0,"753":0,"754":0,"756":0,"757":0,"758":0,"759":0,"761":0,"762":0,"763":0,"764":0,"765":0,"766":0,"767":0,"768":0,"769":0,"770":0,"772":0,"773":0,"774":0,"775":0,"776":0,"777":0,"778":0,"780":0},"branchMap":{"0":{"type":"branch","line":1,"loc":{"start":{"line":1,"column":23439},"end":{"line":781,"column":29}},"locations":[{"start":{"line":1,"column":23439},"end":{"line":781,"column":29}}]}},"b":{"0":[1]},"fnMap":{"0":{"name":"(empty-report)","decl":{"start":{"line":1,"column":23439},"end":{"line":781,"column":29}},"loc":{"start":{"line":1,"column":23439},"end":{"line":781,"column":29}},"line":1}},"f":{"0":1}}
,"/workspace/tests/e2e/basic-navigation.spec.ts": {"path":"/workspace/tests/e2e/basic-navigation.spec.ts","all":true,"statementMap":{"0":{"start":{"line":1,"column":0},"end":{"line":1,"column":48}},"2":{"start":{"line":3,"column":0},"end":{"line":3,"column":41}},"3":{"start":{"line":4,"column":0},"end":{"line":4,"column":69}},"4":{"start":{"line":5,"column":0},"end":{"line":5,"column":25}},"6":{"start":{"line":7,"column":0},"end":{"line":7,"column":45}},"7":{"start":{"line":8,"column":0},"end":{"line":8,"column":95}},"9":{"start":{"line":10,"column":0},"end":{"line":10,"column":46}},"10":{"start":{"line":11,"column":0},"end":{"line":11,"column":135}},"11":{"start":{"line":12,"column":0},"end":{"line":12,"column":5}},"13":{"start":{"line":14,"column":0},"end":{"line":14,"column":72}},"14":{"start":{"line":15,"column":0},"end":{"line":15,"column":25}},"16":{"start":{"line":17,"column":0},"end":{"line":17,"column":32}},"17":{"start":{"line":18,"column":0},"end":{"line":18,"column":47}},"19":{"start":{"line":20,"column":0},"end":{"line":20,"column":46}},"20":{"start":{"line":21,"column":0},"end":{"line":21,"column":67}},"21":{"start":{"line":22,"column":0},"end":{"line":22,"column":44}},"23":{"start":{"line":24,"column":0},"end":{"line":24,"column":29}},"24":{"start":{"line":25,"column":0},"end":{"line":25,"column":37}},"25":{"start":{"line":26,"column":0},"end":{"line":26,"column":37}},"27":{"start":{"line":28,"column":0},"end":{"line":28,"column":94}},"28":{"start":{"line":29,"column":0},"end":{"line":29,"column":36}},"29":{"start":{"line":30,"column":0},"end":{"line":30,"column":5}},"31":{"start":{"line":32,"column":0},"end":{"line":32,"column":72}},"32":{"start":{"line":33,"column":0},"end":{"line":33,"column":26}},"33":{"start":{"line":34,"column":0},"end":{"line":34,"column":60}},"34":{"start":{"line":35,"column":0},"end":{"line":35,"column":25}},"36":{"start":{"line":37,"column":0},"end":{"line":37,"column":46}},"37":{"start":{"line":38,"column":0},"end":{"line":38,"column":95}},"39":{"start":{"line":40,"column":0},"end":{"line":40,"column":71}},"40":{"start":{"line":41,"column":0},"end":{"line":41,"column":85}},"41":{"start":{"line":42,"column":0},"end":{"line":42,"column":39}},"42":{"start":{"line":43,"column":0},"end":{"line":43,"column":5}},"44":{"start":{"line":45,"column":0},"end":{"line":45,"column":61}},"45":{"start":{"line":46,"column":0},"end":{"line":46,"column":25}},"47":{"start":{"line":48,"column":0},"end":{"line":48,"column":43}},"48":{"start":{"line":49,"column":0},"end":{"line":49,"column":47}},"50":{"start":{"line":51,"column":0},"end":{"line":51,"column":46}},"51":{"start":{"line":52,"column":0},"end":{"line":52,"column":79}},"52":{"start":{"line":53,"column":0},"end":{"line":53,"column":57}},"53":{"start":{"line":54,"column":0},"end":{"line":54,"column":40}},"55":{"start":{"line":56,"column":0},"end":{"line":56,"column":74}},"56":{"start":{"line":57,"column":0},"end":{"line":57,"column":5}},"58":{"start":{"line":59,"column":0},"end":{"line":59,"column":75}},"59":{"start":{"line":60,"column":0},"end":{"line":60,"column":35}},"60":{"start":{"line":61,"column":0},"end":{"line":61,"column":52}},"62":{"start":{"line":63,"column":0},"end":{"line":63,"column":23}},"63":{"start":{"line":64,"column":0},"end":{"line":64,"column":77}},"65":{"start":{"line":66,"column":0},"end":{"line":66,"column":25}},"67":{"start":{"line":68,"column":0},"end":{"line":68,"column":25}},"68":{"start":{"line":69,"column":0},"end":{"line":69,"column":47}},"70":{"start":{"line":71,"column":0},"end":{"line":71,"column":35}},"71":{"start":{"line":72,"column":0},"end":{"line":72,"column":75}},"72":{"start":{"line":73,"column":0},"end":{"line":73,"column":66}},"73":{"start":{"line":74,"column":0},"end":{"line":74,"column":54}},"75":{"start":{"line":76,"column":0},"end":{"line":76,"column":43}},"76":{"start":{"line":77,"column":0},"end":{"line":77,"column":43}},"78":{"start":{"line":79,"column":0},"end":{"line":79,"column":42}},"79":{"start":{"line":80,"column":0},"end":{"line":80,"column":38}},"80":{"start":{"line":81,"column":0},"end":{"line":81,"column":5}},"81":{"start":{"line":82,"column":0},"end":{"line":82,"column":5}},"83":{"start":{"line":84,"column":0},"end":{"line":84,"column":73}},"84":{"start":{"line":85,"column":0},"end":{"line":85,"column":25}},"86":{"start":{"line":87,"column":0},"end":{"line":87,"column":32}},"87":{"start":{"line":88,"column":0},"end":{"line":88,"column":47}},"89":{"start":{"line":90,"column":0},"end":{"line":90,"column":57}},"90":{"start":{"line":91,"column":0},"end":{"line":91,"column":72}},"91":{"start":{"line":92,"column":0},"end":{"line":92,"column":50}},"92":{"start":{"line":93,"column":0},"end":{"line":93,"column":43}},"94":{"start":{"line":95,"column":0},"end":{"line":95,"column":79}},"95":{"start":{"line":96,"column":0},"end":{"line":96,"column":75}},"97":{"start":{"line":98,"column":0},"end":{"line":98,"column":43}},"98":{"start":{"line":99,"column":0},"end":{"line":99,"column":43}},"99":{"start":{"line":100,"column":0},"end":{"line":100,"column":73}},"100":{"start":{"line":101,"column":0},"end":{"line":101,"column":5}},"101":{"start":{"line":102,"column":0},"end":{"line":102,"column":5}},"103":{"start":{"line":104,"column":0},"end":{"line":104,"column":67}},"104":{"start":{"line":105,"column":0},"end":{"line":105,"column":25}},"106":{"start":{"line":107,"column":0},"end":{"line":107,"column":32}},"107":{"start":{"line":108,"column":0},"end":{"line":108,"column":47}},"109":{"start":{"line":110,"column":0},"end":{"line":110,"column":36}},"110":{"start":{"line":111,"column":0},"end":{"line":111,"column":83}},"111":{"start":{"line":112,"column":0},"end":{"line":112,"column":37}},"112":{"start":{"line":113,"column":0},"end":{"line":113,"column":33}},"113":{"start":{"line":114,"column":0},"end":{"line":114,"column":40}},"115":{"start":{"line":116,"column":0},"end":{"line":116,"column":47}},"116":{"start":{"line":117,"column":0},"end":{"line":117,"column":47}},"118":{"start":{"line":119,"column":0},"end":{"line":119,"column":44}},"119":{"start":{"line":120,"column":0},"end":{"line":120,"column":38}},"121":{"start":{"line":122,"column":0},"end":{"line":122,"column":46}},"122":{"start":{"line":123,"column":0},"end":{"line":123,"column":75}},"123":{"start":{"line":124,"column":0},"end":{"line":124,"column":37}},"124":{"start":{"line":125,"column":0},"end":{"line":125,"column":37}},"125":{"start":{"line":126,"column":0},"end":{"line":126,"column":40}},"126":{"start":{"line":127,"column":0},"end":{"line":127,"column":7}},"127":{"start":{"line":128,"column":0},"end":{"line":128,"column":5}},"128":{"start":{"line":129,"column":0},"end":{"line":129,"column":5}},"130":{"start":{"line":131,"column":0},"end":{"line":131,"column":52}},"131":{"start":{"line":132,"column":0},"end":{"line":132,"column":25}},"133":{"start":{"line":134,"column":0},"end":{"line":134,"column":32}},"134":{"start":{"line":135,"column":0},"end":{"line":135,"column":47}},"136":{"start":{"line":137,"column":0},"end":{"line":137,"column":45}},"137":{"start":{"line":138,"column":0},"end":{"line":138,"column":79}},"138":{"start":{"line":139,"column":0},"end":{"line":139,"column":52}},"140":{"start":{"line":141,"column":0},"end":{"line":141,"column":62}},"141":{"start":{"line":142,"column":0},"end":{"line":142,"column":58}},"142":{"start":{"line":143,"column":0},"end":{"line":143,"column":40}},"143":{"start":{"line":144,"column":0},"end":{"line":144,"column":32}},"144":{"start":{"line":145,"column":0},"end":{"line":145,"column":46}},"145":{"start":{"line":146,"column":0},"end":{"line":146,"column":5}},"147":{"start":{"line":148,"column":0},"end":{"line":148,"column":59}},"148":{"start":{"line":149,"column":0},"end":{"line":149,"column":48}},"149":{"start":{"line":150,"column":0},"end":{"line":150,"column":37}},"150":{"start":{"line":151,"column":0},"end":{"line":151,"column":51}},"151":{"start":{"line":152,"column":0},"end":{"line":152,"column":5}},"152":{"start":{"line":153,"column":0},"end":{"line":153,"column":5}},"153":{"start":{"line":154,"column":0},"end":{"line":154,"column":3}},"155":{"start":{"line":156,"column":0},"end":{"line":156,"column":36}},"156":{"start":{"line":157,"column":0},"end":{"line":157,"column":66}},"157":{"start":{"line":158,"column":0},"end":{"line":158,"column":33}},"159":{"start":{"line":160,"column":0},"end":{"line":160,"column":25}},"160":{"start":{"line":161,"column":0},"end":{"line":161,"column":47}},"162":{"start":{"line":163,"column":0},"end":{"line":163,"column":44}},"164":{"start":{"line":165,"column":0},"end":{"line":165,"column":55}},"165":{"start":{"line":166,"column":0},"end":{"line":166,"column":41}},"166":{"start":{"line":167,"column":0},"end":{"line":167,"column":5}},"168":{"start":{"line":169,"column":0},"end":{"line":169,"column":62}},"169":{"start":{"line":170,"column":0},"end":{"line":170,"column":32}},"171":{"start":{"line":172,"column":0},"end":{"line":172,"column":33}},"172":{"start":{"line":173,"column":0},"end":{"line":173,"column":35}},"173":{"start":{"line":174,"column":0},"end":{"line":174,"column":32}},"174":{"start":{"line":175,"column":0},"end":{"line":175,"column":7}},"175":{"start":{"line":176,"column":0},"end":{"line":176,"column":7}},"177":{"start":{"line":178,"column":0},"end":{"line":178,"column":25}},"178":{"start":{"line":179,"column":0},"end":{"line":179,"column":47}},"180":{"start":{"line":181,"column":0},"end":{"line":181,"column":84}},"181":{"start":{"line":182,"column":0},"end":{"line":182,"column":53}},"182":{"start":{"line":183,"column":0},"end":{"line":183,"column":36}},"183":{"start":{"line":184,"column":0},"end":{"line":184,"column":36}},"184":{"start":{"line":185,"column":0},"end":{"line":185,"column":33}},"185":{"start":{"line":186,"column":0},"end":{"line":186,"column":46}},"188":{"start":{"line":189,"column":0},"end":{"line":189,"column":46}},"189":{"start":{"line":190,"column":0},"end":{"line":190,"column":5}},"190":{"start":{"line":191,"column":0},"end":{"line":191,"column":3}}},"s":{"0":0,"2":0,"3":0,"4":0,"6":0,"7":0,"9":0,"10":0,"11":0,"13":0,"14":0,"16":0,"17":0,"19":0,"20":0,"21":0,"23":0,"24":0,"25":0,"27":0,"28":0,"29":0,"31":0,"32":0,"33":0,"34":0,"36":0,"37":0,"39":0,"40":0,"41":0,"42":0,"44":0,"45":0,"47":0,"48":0,"50":0,"51":0,"52":0,"53":0,"55":0,"56":0,"58":0,"59":0,"60":0,"62":0,"63":0,"65":0,"67":0,"68":0,"70":0,"71":0,"72":0,"73":0,"75":0,"76":0,"78":0,"79":0,"80":0,"81":0,"83":0,"84":0,"86":0,"87":0,"89":0,"90":0,"91":0,"92":0,"94":0,"95":0,"97":0,"98":0,"99":0,"100":0,"101":0,"103":0,"104":0,"106":0,"107":0,"109":0,"110":0,"111":0,"112":0,"113":0,"115":0,"116":0,"118":0,"119":0,"121":0,"122":0,"123":0,"124":0,"125":0,"126":0,"127":0,"128":0,"130":0,"131":0,"133":0,"134":0,"136":0,"137":0,"138":0,"140":0,"141":0,"142":0,"143":0,"144":0,"145":0,"147":0,"148":0,"149":0,"150":0,"151":0,"152":0,"153":0,"155":0,"156":0,"157":0,"159":0,"160":0,"162":0,"164":0,"165":0,"166":0,"168":0,"169":0,"171":0,"172":0,"173":0,"174":0,"175":0,"177":0,"178":0,"180":0,"181":0,"182":0,"183":0,"184":0,"185":0,"188":0,"189":0,"190":0},"branchMap":{"0":{"type":"branch","line":1,"loc":{"start":{"line":1,"column":0},"end":{"line":191,"column":-960}},"locations":[{"start":{"line":1,"column":0},"end":{"line":191,"column":-960}}]}},"b":{"0":[0]},"fnMap":{"0":{"name":"(empty-report)","decl":{"start":{"line":1,"column":0},"end":{"line":191,"column":-960}},"loc":{"start":{"line":1,"column":0},"end":{"line":191,"column":-960}},"line":1}},"f":{"0":0}}
}
