TN:
SF:src/App.tsx
FN:1,(empty-report)
FNF:1
FNH:0
FNDA:0,(empty-report)
DA:1,0
DA:2,0
DA:3,0
DA:4,0
DA:5,0
DA:6,0
DA:8,0
DA:9,0
DA:10,0
DA:12,0
DA:13,0
DA:14,0
DA:15,0
DA:16,0
DA:17,0
DA:18,0
DA:19,0
DA:20,0
DA:21,0
DA:23,0
DA:24,0
DA:25,0
DA:26,0
DA:27,0
DA:28,0
DA:29,0
DA:32,0
DA:37,0
DA:38,0
DA:39,0
DA:40,0
DA:41,0
DA:42,0
DA:43,0
DA:44,0
DA:45,0
DA:47,0
DA:55,0
LF:38
LH:0
BRDA:1,0,0,0
BRF:1
BRH:0
end_of_record
TN:
SF:src/main.tsx
FN:1,(empty-report)
FNF:1
FNH:0
FNDA:0,(empty-report)
DA:1,0
DA:2,0
DA:3,0
DA:5,0
DA:6,0
DA:7,0
DA:8,0
DA:9,0
DA:10,0
DA:11,0
DA:12,0
DA:13,0
DA:14,0
DA:15,0
DA:16,0
DA:18,0
LF:16
LH:0
BRDA:1,0,0,0
BRF:1
BRH:0
end_of_record
TN:
SF:src/components/Analytics/AnalyticsDashboard.tsx
FN:1,(empty-report)
FNF:1
FNH:0
FNDA:0,(empty-report)
DA:1,0
DA:2,0
DA:3,0
DA:4,0
DA:5,0
DA:6,0
DA:23,0
DA:35,0
DA:60,0
DA:62,0
DA:63,0
DA:64,0
DA:65,0
DA:66,0
DA:68,0
DA:69,0
DA:70,0
DA:72,0
DA:73,0
DA:74,0
DA:75,0
DA:76,0
DA:77,0
DA:78,0
DA:79,0
DA:80,0
DA:81,0
DA:83,0
DA:84,0
DA:85,0
DA:86,0
DA:88,0
DA:89,0
DA:90,0
DA:91,0
DA:92,0
DA:93,0
DA:95,0
DA:96,0
DA:98,0
DA:99,0
DA:100,0
DA:101,0
DA:102,0
DA:103,0
DA:104,0
DA:106,0
DA:107,0
DA:108,0
DA:109,0
DA:110,0
DA:111,0
DA:112,0
DA:113,0
DA:114,0
DA:115,0
DA:116,0
DA:117,0
DA:118,0
DA:119,0
DA:120,0
DA:121,0
DA:122,0
DA:124,0
DA:125,0
DA:126,0
DA:127,0
DA:128,0
DA:129,0
DA:131,0
DA:132,0
DA:133,0
DA:134,0
DA:135,0
DA:137,0
DA:138,0
DA:139,0
DA:140,0
DA:141,0
DA:143,0
DA:144,0
DA:145,0
DA:146,0
DA:147,0
DA:148,0
DA:150,0
DA:151,0
DA:152,0
DA:153,0
DA:154,0
DA:156,0
DA:157,0
DA:158,0
DA:159,0
DA:160,0
DA:161,0
DA:162,0
DA:163,0
DA:165,0
DA:166,0
DA:167,0
DA:168,0
DA:169,0
DA:170,0
DA:171,0
DA:172,0
DA:173,0
DA:174,0
DA:176,0
DA:177,0
DA:178,0
DA:179,0
DA:180,0
DA:181,0
DA:182,0
DA:183,0
DA:185,0
DA:186,0
DA:187,0
DA:189,0
DA:190,0
DA:192,0
DA:193,0
DA:194,0
DA:195,0
DA:196,0
DA:197,0
DA:198,0
DA:199,0
DA:200,0
DA:201,0
DA:202,0
DA:203,0
DA:204,0
DA:205,0
DA:207,0
DA:208,0
DA:209,0
DA:211,0
DA:212,0
DA:213,0
DA:214,0
DA:215,0
DA:217,0
DA:218,0
DA:219,0
DA:221,0
DA:222,0
DA:223,0
DA:225,0
DA:226,0
DA:227,0
DA:228,0
DA:229,0
DA:230,0
DA:231,0
DA:232,0
DA:233,0
DA:235,0
DA:236,0
DA:237,0
DA:238,0
DA:239,0
DA:240,0
DA:241,0
DA:242,0
DA:244,0
DA:245,0
DA:246,0
DA:248,0
DA:249,0
DA:251,0
DA:252,0
DA:253,0
DA:254,0
DA:258,0
DA:259,0
DA:260,0
DA:261,0
DA:263,0
DA:264,0
DA:265,0
DA:266,0
DA:267,0
DA:268,0
DA:271,0
DA:272,0
DA:273,0
DA:274,0
DA:276,0
DA:283,0
DA:284,0
DA:285,0
DA:286,0
DA:287,0
DA:289,0
DA:290,0
DA:291,0
DA:297,0
DA:298,0
DA:299,0
DA:300,0
DA:302,0
DA:303,0
DA:304,0
DA:305,0
DA:310,0
DA:311,0
DA:312,0
DA:313,0
DA:315,0
DA:316,0
DA:317,0
DA:318,0
DA:323,0
DA:324,0
DA:325,0
DA:326,0
DA:328,0
DA:329,0
DA:330,0
DA:338,0
DA:339,0
DA:340,0
DA:341,0
DA:342,0
DA:343,0
DA:346,0
DA:347,0
DA:349,0
DA:350,0
DA:351,0
DA:352,0
DA:355,0
DA:357,0
DA:358,0
DA:359,0
DA:360,0
DA:361,0
DA:362,0
DA:363,0
DA:364,0
DA:365,0
DA:366,0
DA:367,0
DA:368,0
DA:370,0
DA:371,0
DA:374,0
DA:381,0
DA:382,0
DA:383,0
DA:384,0
DA:387,0
DA:389,0
DA:390,0
DA:391,0
DA:392,0
DA:393,0
DA:394,0
DA:395,0
DA:396,0
DA:403,0
DA:404,0
DA:405,0
DA:406,0
DA:409,0
DA:411,0
DA:412,0
DA:413,0
DA:414,0
DA:415,0
DA:416,0
DA:417,0
DA:418,0
DA:426,0
DA:427,0
DA:428,0
DA:429,0
DA:430,0
DA:431,0
DA:433,0
DA:434,0
DA:435,0
DA:436,0
DA:437,0
DA:438,0
DA:443,0
DA:444,0
DA:445,0
DA:447,0
DA:448,0
DA:449,0
DA:451,0
DA:452,0
DA:457,0
DA:458,0
DA:459,0
DA:461,0
DA:462,0
DA:463,0
DA:465,0
DA:466,0
DA:472,0
DA:473,0
DA:474,0
DA:480,0
DA:481,0
DA:483,0
DA:484,0
DA:485,0
DA:486,0
DA:489,0
DA:491,0
DA:492,0
DA:493,0
DA:494,0
DA:495,0
DA:496,0
DA:497,0
DA:498,0
DA:499,0
DA:500,0
DA:501,0
DA:502,0
DA:510,0
DA:511,0
DA:512,0
DA:513,0
DA:515,0
DA:516,0
DA:517,0
DA:518,0
DA:519,0
DA:520,0
DA:521,0
DA:522,0
DA:523,0
DA:524,0
DA:525,0
DA:526,0
DA:527,0
DA:536,0
DA:537,0
DA:538,0
DA:539,0
DA:540,0
DA:544,0
DA:545,0
DA:546,0
DA:547,0
DA:548,0
DA:550,0
DA:552,0
DA:553,0
DA:554,0
DA:556,0
DA:558,0
DA:559,0
DA:560,0
DA:562,0
DA:571,0
DA:573,0
LF:363
LH:0
BRDA:1,0,0,0
BRF:1
BRH:0
end_of_record
TN:
SF:src/components/Map/AddressSearchBar.tsx
FN:1,(empty-report)
FNF:1
FNH:0
FNDA:0,(empty-report)
DA:1,0
DA:2,0
DA:3,0
DA:4,0
DA:5,0
DA:6,0
DA:9,0
DA:10,0
DA:11,0
DA:12,0
DA:46,0
DA:47,0
DA:48,0
DA:49,0
DA:50,0
DA:51,0
DA:52,0
DA:53,0
DA:54,0
DA:55,0
DA:56,0
DA:58,0
DA:59,0
DA:61,0
DA:62,0
DA:63,0
DA:64,0
DA:65,0
DA:66,0
DA:67,0
DA:69,0
DA:70,0
DA:71,0
DA:72,0
DA:73,0
DA:74,0
DA:76,0
DA:77,0
DA:78,0
DA:79,0
DA:80,0
DA:81,0
DA:82,0
DA:83,0
DA:85,0
DA:86,0
DA:88,0
DA:89,0
DA:90,0
DA:91,0
DA:92,0
DA:93,0
DA:94,0
DA:95,0
DA:96,0
DA:97,0
DA:98,0
DA:99,0
DA:100,0
DA:101,0
DA:103,0
DA:105,0
DA:106,0
DA:107,0
DA:109,0
DA:110,0
DA:111,0
DA:112,0
DA:113,0
DA:114,0
DA:116,0
DA:117,0
DA:118,0
DA:119,0
DA:120,0
DA:121,0
DA:122,0
DA:123,0
DA:124,0
DA:125,0
DA:126,0
DA:127,0
DA:128,0
DA:129,0
DA:130,0
DA:131,0
DA:133,0
DA:135,0
DA:136,0
DA:137,0
DA:138,0
DA:140,0
DA:141,0
DA:142,0
DA:143,0
DA:144,0
DA:145,0
DA:146,0
DA:147,0
DA:149,0
DA:150,0
DA:152,0
DA:153,0
DA:154,0
DA:155,0
DA:156,0
DA:158,0
DA:159,0
DA:160,0
DA:161,0
DA:162,0
DA:163,0
DA:164,0
DA:165,0
DA:166,0
DA:167,0
DA:168,0
DA:169,0
DA:170,0
DA:171,0
DA:172,0
DA:173,0
DA:174,0
DA:175,0
DA:176,0
DA:177,0
DA:178,0
DA:180,0
DA:181,0
DA:182,0
DA:184,0
DA:185,0
DA:186,0
DA:187,0
DA:189,0
DA:190,0
DA:192,0
DA:193,0
DA:194,0
DA:196,0
DA:197,0
DA:198,0
DA:199,0
DA:200,0
DA:201,0
DA:202,0
DA:203,0
DA:205,0
DA:206,0
DA:207,0
DA:208,0
DA:209,0
DA:211,0
DA:212,0
DA:213,0
DA:214,0
DA:216,0
DA:217,0
DA:218,0
DA:219,0
DA:220,0
DA:222,0
DA:223,0
DA:224,0
DA:227,0
DA:228,0
DA:229,0
DA:231,0
DA:232,0
DA:233,0
DA:234,0
DA:236,0
DA:237,0
DA:238,0
DA:239,0
DA:240,0
DA:241,0
DA:242,0
DA:243,0
DA:244,0
DA:245,0
DA:246,0
DA:247,0
DA:249,0
DA:250,0
DA:251,0
DA:252,0
DA:253,0
DA:254,0
DA:255,0
DA:257,0
DA:258,0
DA:259,0
DA:261,0
DA:263,0
DA:264,0
DA:265,0
DA:266,0
DA:267,0
DA:269,0
DA:270,0
DA:271,0
DA:272,0
DA:273,0
DA:275,0
DA:276,0
DA:277,0
DA:279,0
DA:280,0
DA:281,0
DA:283,0
DA:284,0
DA:285,0
DA:287,0
DA:288,0
DA:290,0
DA:291,0
DA:293,0
DA:294,0
DA:295,0
DA:296,0
DA:297,0
DA:298,0
DA:299,0
DA:300,0
DA:301,0
DA:302,0
DA:303,0
DA:304,0
DA:305,0
DA:306,0
DA:307,0
DA:308,0
DA:309,0
DA:310,0
DA:312,0
DA:313,0
DA:314,0
DA:315,0
DA:316,0
DA:317,0
DA:319,0
DA:320,0
DA:321,0
DA:322,0
DA:323,0
DA:324,0
DA:326,0
DA:327,0
DA:328,0
DA:329,0
DA:330,0
DA:331,0
DA:332,0
DA:333,0
DA:334,0
DA:335,0
DA:336,0
DA:338,0
DA:339,0
DA:340,0
DA:341,0
DA:342,0
DA:344,0
DA:345,0
DA:347,0
DA:348,0
DA:349,0
DA:350,0
DA:352,0
DA:353,0
DA:354,0
DA:355,0
DA:356,0
DA:357,0
DA:358,0
DA:359,0
DA:360,0
DA:361,0
DA:362,0
DA:363,0
DA:364,0
DA:365,0
DA:368,0
DA:370,0
DA:371,0
DA:372,0
DA:373,0
DA:374,0
DA:375,0
DA:376,0
DA:377,0
DA:379,0
DA:380,0
DA:382,0
DA:388,0
DA:389,0
DA:390,0
DA:391,0
DA:392,0
DA:393,0
DA:394,0
DA:396,0
DA:401,0
DA:402,0
DA:403,0
DA:404,0
DA:405,0
DA:408,0
DA:415,0
DA:416,0
DA:417,0
DA:418,0
DA:420,0
DA:422,0
DA:423,0
DA:424,0
DA:425,0
DA:426,0
DA:428,0
DA:429,0
DA:430,0
DA:431,0
DA:432,0
DA:434,0
DA:441,0
DA:442,0
DA:443,0
DA:444,0
DA:446,0
DA:447,0
DA:448,0
DA:449,0
DA:450,0
DA:451,0
DA:452,0
DA:453,0
DA:454,0
DA:455,0
DA:456,0
DA:458,0
DA:459,0
DA:460,0
DA:462,0
DA:463,0
DA:464,0
DA:466,0
DA:467,0
DA:472,0
DA:473,0
DA:474,0
DA:475,0
DA:476,0
DA:478,0
DA:482,0
DA:483,0
DA:484,0
DA:485,0
DA:486,0
DA:487,0
DA:488,0
DA:489,0
DA:490,0
DA:491,0
DA:492,0
DA:494,0
DA:495,0
DA:496,0
DA:498,0
DA:499,0
DA:500,0
DA:502,0
DA:503,0
DA:504,0
DA:505,0
DA:506,0
DA:507,0
DA:516,0
DA:517,0
DA:519,0
DA:520,0
DA:521,0
DA:522,0
DA:523,0
DA:524,0
DA:525,0
DA:526,0
DA:527,0
DA:528,0
DA:532,0
DA:533,0
DA:534,0
DA:535,0
DA:536,0
DA:539,0
DA:540,0
DA:541,0
DA:542,0
DA:553,0
DA:555,0
LF:400
LH:0
BRDA:1,0,0,0
BRF:1
BRH:0
end_of_record
TN:
SF:src/components/Map/AsphaltDetector.tsx
FN:1,(empty-report)
FNF:1
FNH:0
FNDA:0,(empty-report)
DA:1,0
DA:2,0
DA:3,0
DA:4,0
DA:5,0
DA:6,0
DA:7,0
DA:8,0
DA:16,0
DA:17,0
DA:18,0
DA:19,0
DA:20,0
DA:21,0
DA:25,0
DA:27,0
DA:28,0
DA:30,0
DA:31,0
DA:32,0
DA:33,0
DA:34,0
DA:35,0
DA:37,0
DA:38,0
DA:39,0
DA:41,0
DA:42,0
DA:43,0
DA:44,0
DA:46,0
DA:47,0
DA:48,0
DA:50,0
DA:51,0
DA:52,0
DA:54,0
DA:55,0
DA:56,0
DA:58,0
DA:59,0
DA:61,0
DA:62,0
DA:64,0
DA:65,0
DA:66,0
DA:67,0
DA:68,0
DA:69,0
DA:70,0
DA:71,0
DA:72,0
DA:73,0
DA:74,0
DA:76,0
DA:77,0
DA:80,0
DA:81,0
DA:84,0
DA:85,0
DA:86,0
DA:87,0
DA:91,0
DA:98,0
DA:100,0
DA:101,0
DA:102,0
DA:103,0
DA:104,0
DA:105,0
DA:107,0
DA:108,0
DA:110,0
DA:111,0
DA:112,0
DA:113,0
DA:115,0
DA:116,0
DA:117,0
DA:118,0
DA:119,0
DA:120,0
DA:121,0
DA:123,0
DA:124,0
DA:126,0
DA:128,0
DA:129,0
DA:130,0
DA:131,0
DA:132,0
DA:133,0
DA:134,0
DA:135,0
DA:137,0
DA:138,0
DA:139,0
DA:140,0
DA:141,0
DA:142,0
DA:143,0
DA:144,0
DA:145,0
DA:146,0
DA:148,0
DA:149,0
DA:150,0
DA:151,0
DA:152,0
DA:153,0
DA:155,0
DA:156,0
DA:157,0
DA:158,0
DA:159,0
DA:160,0
DA:161,0
DA:163,0
DA:164,0
DA:165,0
DA:166,0
DA:167,0
DA:168,0
DA:169,0
DA:171,0
DA:172,0
DA:174,0
DA:177,0
DA:178,0
DA:179,0
DA:180,0
DA:181,0
DA:182,0
DA:184,0
DA:189,0
DA:190,0
DA:191,0
DA:195,0
DA:196,0
DA:197,0
DA:198,0
DA:199,0
DA:201,0
DA:205,0
DA:206,0
DA:207,0
DA:208,0
DA:209,0
DA:210,0
DA:212,0
DA:213,0
DA:214,0
DA:218,0
DA:219,0
DA:225,0
DA:226,0
DA:227,0
DA:228,0
DA:229,0
DA:230,0
DA:231,0
DA:237,0
DA:238,0
DA:239,0
DA:240,0
DA:241,0
DA:243,0
DA:244,0
DA:245,0
DA:246,0
DA:248,0
DA:249,0
DA:250,0
DA:252,0
DA:253,0
DA:254,0
DA:256,0
DA:257,0
DA:258,0
DA:264,0
DA:265,0
DA:266,0
DA:267,0
DA:268,0
DA:269,0
DA:270,0
DA:271,0
DA:272,0
DA:273,0
DA:275,0
DA:277,0
DA:278,0
DA:286,0
DA:287,0
DA:288,0
DA:297,0
DA:299,0
LF:197
LH:0
BRDA:1,0,0,0
BRF:1
BRH:0
end_of_record
TN:
SF:src/components/Map/ComputerVisionService.ts
FN:1,(empty-report)
FNF:1
FNH:1
FNDA:1,(empty-report)
DA:17,0
DA:19,0
DA:20,0
DA:21,0
DA:22,0
DA:23,0
DA:25,0
DA:26,0
DA:27,0
DA:29,0
DA:30,0
DA:32,0
DA:34,0
DA:35,0
DA:36,0
DA:37,0
DA:38,0
DA:40,0
DA:41,0
DA:42,0
DA:43,0
DA:44,0
DA:46,0
DA:47,0
DA:48,0
DA:49,0
DA:50,0
DA:52,0
DA:53,0
DA:54,0
DA:55,0
DA:57,0
DA:58,0
DA:60,0
DA:61,0
DA:63,0
DA:64,0
DA:65,0
DA:66,0
DA:67,0
DA:69,0
DA:71,0
DA:72,0
DA:74,0
DA:75,0
DA:77,0
DA:78,0
DA:80,0
DA:81,0
DA:83,0
DA:84,0
DA:86,0
DA:88,0
DA:89,0
DA:90,0
DA:91,0
DA:92,0
DA:93,0
DA:95,0
DA:96,0
DA:97,0
DA:98,0
DA:99,0
DA:100,0
DA:102,0
DA:103,0
DA:104,0
DA:106,0
DA:107,0
DA:108,0
DA:109,0
DA:110,0
DA:111,0
DA:113,0
DA:114,0
DA:116,0
DA:117,0
DA:118,0
DA:119,0
DA:121,0
DA:122,0
DA:123,0
DA:124,0
DA:125,0
DA:126,0
DA:128,0
DA:129,0
DA:131,0
DA:132,0
DA:133,0
DA:134,0
DA:135,0
DA:136,0
DA:138,0
DA:139,0
DA:140,0
DA:142,0
DA:143,0
DA:144,0
DA:145,0
DA:147,0
DA:148,0
DA:150,0
DA:151,0
DA:152,0
DA:153,0
DA:154,0
DA:155,0
DA:156,0
DA:157,0
DA:158,0
DA:159,0
DA:161,0
DA:162,0
DA:164,0
DA:165,0
DA:166,0
DA:167,0
DA:168,0
DA:169,0
DA:171,0
DA:173,0
DA:174,0
DA:175,0
DA:176,0
DA:177,0
DA:178,0
DA:179,0
DA:180,0
DA:182,0
DA:183,0
DA:184,0
DA:185,0
DA:186,0
DA:187,0
DA:188,0
DA:189,0
DA:190,0
DA:192,0
DA:193,0
DA:194,0
DA:195,0
DA:196,0
DA:198,0
DA:199,0
DA:200,0
DA:202,0
DA:203,0
DA:204,0
DA:205,0
DA:206,0
DA:207,0
DA:208,0
DA:209,0
DA:210,0
DA:212,0
DA:213,0
DA:214,0
DA:216,0
DA:217,0
DA:218,0
DA:219,0
DA:221,0
DA:222,0
DA:223,0
DA:224,0
DA:225,0
DA:226,0
DA:227,0
DA:228,0
DA:229,0
DA:230,0
DA:231,0
DA:232,0
DA:233,0
DA:234,0
DA:235,0
DA:236,0
DA:237,0
DA:238,0
DA:239,0
DA:240,0
DA:241,0
DA:243,0
DA:244,0
DA:245,0
DA:247,0
DA:248,0
DA:249,0
DA:250,0
DA:252,0
DA:253,0
DA:254,0
DA:255,0
DA:256,0
DA:258,0
DA:259,0
DA:260,0
DA:261,0
DA:262,0
DA:263,0
DA:264,0
DA:265,0
DA:266,0
DA:268,0
DA:269,0
DA:270,0
DA:271,0
DA:273,0
DA:274,0
DA:275,0
DA:276,0
DA:277,0
DA:278,0
DA:279,0
DA:280,0
DA:282,0
DA:283,0
DA:284,0
DA:285,0
DA:287,0
DA:288,0
DA:290,0
DA:291,0
DA:292,0
DA:293,0
DA:294,0
DA:295,0
DA:297,0
DA:298,0
DA:299,0
DA:300,0
DA:301,0
DA:302,0
DA:303,0
DA:305,0
DA:306,0
DA:307,0
DA:308,0
DA:310,0
DA:311,0
DA:312,0
DA:314,0
DA:315,0
DA:316,0
DA:317,0
DA:318,0
DA:320,0
DA:321,0
DA:323,0
DA:324,0
DA:325,0
DA:326,0
DA:328,0
LF:254
LH:0
BRDA:1,0,0,1
BRF:1
BRH:1
end_of_record
TN:
SF:src/components/Map/DocumentExportService.tsx
FN:1,(empty-report)
FNF:1
FNH:0
FNDA:0,(empty-report)
DA:1,0
DA:2,0
DA:3,0
DA:29,0
DA:30,0
DA:49,0
DA:50,0
DA:51,0
DA:52,0
DA:53,0
DA:54,0
DA:55,0
DA:56,0
DA:57,0
DA:58,0
DA:59,0
DA:61,0
DA:62,0
DA:63,0
DA:64,0
DA:65,0
DA:66,0
DA:67,0
DA:68,0
DA:69,0
DA:70,0
DA:71,0
DA:72,0
DA:73,0
DA:74,0
DA:75,0
DA:76,0
DA:77,0
DA:78,0
DA:79,0
DA:80,0
DA:81,0
DA:82,0
DA:83,0
DA:84,0
DA:85,0
DA:86,0
DA:87,0
DA:88,0
DA:89,0
DA:90,0
DA:91,0
DA:92,0
DA:93,0
DA:94,0
DA:95,0
DA:97,0
DA:98,0
DA:99,0
DA:100,0
DA:101,0
DA:103,0
DA:104,0
DA:106,0
DA:112,0
DA:113,0
DA:114,0
DA:117,0
DA:118,0
DA:119,0
DA:120,0
DA:121,0
DA:122,0
DA:123,0
DA:129,0
DA:130,0
DA:132,0
DA:133,0
DA:134,0
DA:135,0
DA:136,0
DA:137,0
DA:139,0
DA:140,0
DA:141,0
DA:142,0
DA:143,0
DA:144,0
DA:145,0
DA:146,0
DA:147,0
DA:148,0
DA:150,0
DA:151,0
DA:152,0
DA:154,0
DA:155,0
DA:156,0
DA:157,0
DA:158,0
DA:160,0
DA:161,0
DA:162,0
DA:163,0
DA:176,0
DA:181,0
DA:185,0
DA:189,0
DA:193,0
DA:197,0
DA:201,0
DA:206,0
DA:208,0
DA:209,0
DA:211,0
DA:212,0
DA:213,0
DA:214,0
DA:215,0
DA:216,0
DA:218,0
DA:219,0
DA:221,0
DA:224,0
DA:230,0
DA:231,0
DA:232,0
DA:233,0
DA:234,0
DA:235,0
DA:238,0
DA:239,0
DA:248,0
DA:250,0
DA:251,0
DA:252,0
DA:253,0
DA:254,0
DA:255,0
DA:256,0
DA:257,0
DA:259,0
DA:260,0
DA:262,0
DA:263,0
DA:264,0
DA:265,0
DA:266,0
DA:267,0
DA:269,0
DA:270,0
DA:271,0
DA:272,0
DA:273,0
DA:274,0
DA:275,0
DA:276,0
DA:277,0
DA:278,0
DA:279,0
DA:280,0
DA:281,0
DA:282,0
DA:283,0
DA:284,0
DA:285,0
DA:286,0
DA:287,0
DA:288,0
DA:289,0
DA:290,0
DA:291,0
DA:292,0
DA:294,0
DA:295,0
DA:296,0
DA:297,0
DA:298,0
DA:299,0
DA:300,0
DA:301,0
DA:303,0
DA:304,0
DA:306,0
DA:307,0
DA:308,0
DA:309,0
DA:310,0
DA:311,0
DA:313,0
DA:314,0
DA:315,0
DA:316,0
DA:318,0
DA:319,0
DA:321,0
DA:322,0
DA:323,0
DA:325,0
DA:326,0
DA:327,0
DA:328,0
DA:329,0
DA:330,0
DA:332,0
DA:333,0
DA:334,0
DA:336,0
DA:337,0
DA:338,0
DA:340,0
DA:341,0
DA:342,0
DA:344,0
DA:345,0
DA:346,0
DA:347,0
DA:348,0
DA:349,0
DA:351,0
DA:352,0
DA:353,0
DA:354,0
DA:356,0
DA:357,0
DA:358,0
DA:359,0
DA:360,0
DA:361,0
DA:362,0
DA:363,0
DA:364,0
DA:365,0
DA:366,0
DA:368,0
DA:369,0
DA:371,0
DA:372,0
DA:373,0
DA:374,0
DA:375,0
DA:376,0
DA:377,0
DA:378,0
DA:380,0
DA:381,0
DA:382,0
DA:383,0
DA:384,0
DA:385,0
DA:387,0
DA:388,0
DA:389,0
DA:390,0
DA:391,0
DA:392,0
DA:393,0
DA:394,0
DA:395,0
DA:396,0
DA:397,0
DA:398,0
DA:399,0
DA:400,0
DA:401,0
DA:402,0
DA:403,0
DA:405,0
DA:406,0
DA:407,0
DA:409,0
DA:410,0
DA:411,0
DA:412,0
DA:414,0
DA:415,0
DA:416,0
DA:417,0
DA:418,0
DA:420,0
DA:425,0
DA:426,0
DA:427,0
DA:428,0
DA:429,0
DA:430,0
DA:431,0
DA:432,0
DA:433,0
DA:434,0
DA:435,0
DA:436,0
DA:438,0
DA:439,0
DA:440,0
DA:441,0
DA:442,0
DA:444,0
DA:445,0
DA:454,0
DA:455,0
DA:456,0
DA:457,0
DA:458,0
DA:459,0
DA:460,0
DA:461,0
DA:462,0
DA:463,0
DA:465,0
DA:466,0
DA:467,0
DA:468,0
DA:469,0
DA:470,0
DA:472,0
DA:473,0
DA:474,0
DA:475,0
DA:476,0
DA:483,0
DA:484,0
DA:485,0
DA:486,0
DA:487,0
DA:489,0
DA:490,0
DA:495,0
DA:496,0
DA:497,0
DA:498,0
DA:499,0
DA:501,0
DA:502,0
DA:503,0
DA:504,0
DA:506,0
DA:507,0
DA:508,0
DA:509,0
DA:512,0
DA:513,0
DA:514,0
DA:515,0
DA:518,0
DA:519,0
DA:520,0
DA:521,0
DA:528,0
DA:529,0
DA:530,0
DA:537,0
DA:539,0
LF:348
LH:0
BRDA:1,0,0,0
BRF:1
BRH:0
end_of_record
TN:
SF:src/components/Map/EnhancedAsphaltDetector.tsx
FN:1,(empty-report)
FNF:1
FNH:0
FNDA:0,(empty-report)
DA:1,0
DA:2,0
DA:3,0
DA:4,0
DA:5,0
DA:16,0
DA:17,0
DA:18,0
DA:27,0
DA:28,0
DA:29,0
DA:30,0
DA:31,0
DA:32,0
DA:33,0
DA:34,0
DA:35,0
DA:36,0
DA:38,0
DA:39,0
DA:40,0
DA:41,0
DA:43,0
DA:44,0
DA:45,0
DA:46,0
DA:47,0
DA:48,0
DA:50,0
DA:51,0
DA:52,0
DA:53,0
DA:54,0
DA:56,0
DA:57,0
DA:59,0
DA:60,0
DA:61,0
DA:62,0
DA:64,0
DA:65,0
DA:66,0
DA:67,0
DA:68,0
DA:69,0
DA:70,0
DA:71,0
DA:72,0
DA:73,0
DA:75,0
DA:76,0
DA:77,0
DA:78,0
DA:79,0
DA:80,0
DA:81,0
DA:82,0
DA:83,0
DA:84,0
DA:85,0
DA:86,0
DA:87,0
DA:89,0
DA:90,0
DA:91,0
DA:93,0
DA:94,0
DA:95,0
DA:96,0
DA:97,0
DA:98,0
DA:100,0
DA:101,0
DA:102,0
DA:103,0
DA:104,0
DA:106,0
DA:107,0
DA:108,0
DA:109,0
DA:110,0
DA:111,0
DA:113,0
DA:114,0
DA:115,0
DA:116,0
DA:117,0
DA:118,0
DA:119,0
DA:121,0
DA:122,0
DA:123,0
DA:124,0
DA:125,0
DA:126,0
DA:127,0
DA:129,0
DA:130,0
DA:131,0
DA:132,0
DA:133,0
DA:135,0
DA:137,0
DA:138,0
DA:139,0
DA:140,0
DA:142,0
DA:148,0
DA:150,0
DA:151,0
DA:152,0
DA:153,0
DA:154,0
DA:155,0
DA:156,0
DA:158,0
DA:159,0
DA:160,0
DA:161,0
DA:162,0
DA:164,0
DA:166,0
DA:167,0
DA:168,0
DA:169,0
DA:171,0
DA:176,0
DA:177,0
DA:178,0
DA:179,0
DA:180,0
DA:182,0
DA:186,0
DA:187,0
DA:188,0
DA:189,0
DA:190,0
DA:192,0
DA:194,0
DA:195,0
DA:196,0
DA:197,0
DA:198,0
DA:203,0
DA:204,0
DA:205,0
DA:206,0
DA:207,0
DA:208,0
DA:209,0
DA:210,0
DA:212,0
DA:213,0
DA:216,0
DA:217,0
DA:218,0
DA:219,0
DA:228,0
DA:230,0
LF:159
LH:0
BRDA:1,0,0,0
BRF:1
BRH:0
end_of_record
TN:
SF:src/components/Map/FreeMapContainer.tsx
FN:1,(empty-report)
FNF:1
FNH:0
FNDA:0,(empty-report)
DA:1,0
DA:2,0
DA:3,0
DA:4,0
DA:10,0
DA:11,0
DA:14,0
DA:15,0
DA:16,0
DA:17,0
DA:18,0
DA:20,0
DA:60,0
DA:61,0
DA:62,0
DA:63,0
DA:64,0
DA:65,0
DA:66,0
DA:67,0
DA:68,0
DA:69,0
DA:70,0
DA:71,0
DA:72,0
DA:73,0
DA:75,0
DA:76,0
DA:77,0
DA:78,0
DA:79,0
DA:80,0
DA:81,0
DA:83,0
DA:85,0
DA:86,0
DA:87,0
DA:88,0
DA:90,0
DA:91,0
DA:93,0
DA:94,0
DA:95,0
DA:97,0
DA:99,0
DA:100,0
DA:101,0
DA:102,0
DA:104,0
DA:105,0
DA:106,0
DA:107,0
DA:111,0
DA:112,0
DA:113,0
DA:114,0
DA:115,0
DA:116,0
DA:118,0
DA:120,0
DA:121,0
DA:131,0
DA:132,0
DA:135,0
DA:137,0
DA:138,0
DA:139,0
DA:141,0
DA:142,0
DA:143,0
DA:145,0
DA:146,0
DA:147,0
DA:148,0
DA:150,0
DA:151,0
DA:152,0
DA:153,0
DA:156,0
DA:157,0
DA:158,0
DA:159,0
DA:160,0
DA:161,0
DA:163,0
DA:165,0
DA:166,0
DA:169,0
DA:171,0
DA:173,0
DA:174,0
DA:176,0
DA:177,0
DA:178,0
DA:179,0
DA:180,0
DA:182,0
DA:183,0
DA:184,0
DA:185,0
DA:186,0
DA:187,0
DA:188,0
DA:189,0
DA:190,0
DA:192,0
DA:193,0
DA:194,0
DA:195,0
DA:196,0
DA:197,0
DA:198,0
DA:199,0
DA:201,0
DA:202,0
DA:203,0
DA:205,0
DA:206,0
DA:208,0
DA:209,0
DA:210,0
DA:211,0
DA:212,0
DA:213,0
DA:214,0
DA:215,0
DA:217,0
DA:218,0
DA:219,0
DA:220,0
DA:221,0
DA:222,0
DA:223,0
DA:225,0
DA:226,0
DA:227,0
DA:228,0
DA:229,0
DA:230,0
DA:231,0
DA:232,0
DA:233,0
DA:234,0
DA:236,0
DA:237,0
DA:238,0
DA:239,0
DA:240,0
DA:241,0
DA:242,0
DA:243,0
DA:244,0
DA:245,0
DA:246,0
DA:247,0
DA:248,0
DA:250,0
DA:251,0
DA:253,0
DA:254,0
DA:255,0
DA:256,0
DA:257,0
DA:258,0
DA:259,0
DA:260,0
DA:262,0
DA:263,0
DA:265,0
DA:266,0
DA:267,0
DA:268,0
DA:269,0
DA:270,0
DA:271,0
DA:272,0
DA:273,0
DA:274,0
DA:275,0
DA:276,0
DA:277,0
DA:278,0
DA:279,0
DA:280,0
DA:281,0
DA:282,0
DA:283,0
DA:284,0
DA:285,0
DA:286,0
DA:287,0
DA:288,0
DA:289,0
DA:290,0
DA:291,0
DA:292,0
DA:293,0
DA:294,0
DA:295,0
DA:296,0
DA:297,0
DA:298,0
DA:299,0
DA:300,0
DA:301,0
DA:302,0
DA:303,0
DA:304,0
DA:305,0
DA:306,0
DA:307,0
DA:308,0
DA:309,0
DA:310,0
DA:311,0
DA:312,0
DA:313,0
DA:315,0
DA:317,0
DA:318,0
DA:319,0
DA:320,0
DA:321,0
DA:323,0
DA:324,0
DA:325,0
DA:326,0
DA:328,0
DA:329,0
DA:331,0
DA:332,0
DA:333,0
DA:334,0
DA:335,0
DA:336,0
DA:338,0
DA:341,0
DA:342,0
DA:345,0
DA:347,0
DA:348,0
DA:349,0
DA:350,0
DA:351,0
DA:353,0
DA:354,0
DA:355,0
DA:357,0
DA:359,0
DA:360,0
DA:361,0
DA:362,0
DA:363,0
DA:364,0
DA:365,0
DA:366,0
DA:367,0
DA:368,0
DA:369,0
DA:370,0
DA:371,0
DA:372,0
DA:373,0
DA:374,0
DA:376,0
DA:377,0
DA:378,0
DA:379,0
DA:381,0
DA:382,0
DA:383,0
DA:384,0
DA:386,0
DA:387,0
DA:388,0
DA:389,0
DA:390,0
DA:391,0
DA:392,0
DA:393,0
DA:394,0
DA:395,0
DA:396,0
DA:397,0
DA:398,0
DA:399,0
DA:400,0
DA:401,0
DA:403,0
DA:406,0
DA:407,0
DA:409,0
DA:410,0
DA:411,0
DA:413,0
DA:414,0
DA:415,0
DA:417,0
DA:419,0
DA:420,0
DA:421,0
DA:422,0
DA:423,0
DA:424,0
DA:425,0
DA:427,0
DA:428,0
DA:430,0
DA:431,0
DA:432,0
DA:433,0
DA:434,0
DA:436,0
DA:437,0
DA:438,0
DA:439,0
DA:440,0
DA:441,0
DA:443,0
DA:444,0
DA:445,0
DA:446,0
DA:448,0
DA:449,0
DA:451,0
DA:452,0
DA:454,0
DA:455,0
DA:456,0
DA:457,0
DA:458,0
DA:459,0
DA:460,0
DA:462,0
DA:463,0
DA:464,0
DA:465,0
DA:466,0
DA:467,0
DA:469,0
DA:470,0
DA:471,0
DA:472,0
DA:473,0
DA:475,0
DA:477,0
DA:479,0
DA:480,0
DA:481,0
DA:482,0
DA:483,0
DA:484,0
DA:485,0
DA:487,0
DA:488,0
DA:489,0
DA:490,0
DA:491,0
DA:492,0
DA:493,0
DA:495,0
DA:496,0
DA:497,0
DA:499,0
DA:500,0
DA:501,0
DA:503,0
DA:504,0
DA:505,0
DA:507,0
DA:508,0
DA:510,0
DA:511,0
DA:512,0
DA:513,0
DA:514,0
DA:515,0
DA:517,0
DA:518,0
DA:519,0
DA:520,0
DA:521,0
DA:522,0
DA:524,0
DA:525,0
DA:526,0
DA:527,0
DA:528,0
DA:529,0
DA:530,0
DA:531,0
DA:532,0
DA:533,0
DA:534,0
DA:535,0
DA:536,0
DA:537,0
DA:539,0
DA:540,0
DA:541,0
DA:542,0
DA:544,0
DA:545,0
DA:546,0
DA:548,0
DA:549,0
DA:550,0
DA:551,0
DA:552,0
DA:554,0
DA:556,0
DA:557,0
DA:558,0
DA:559,0
DA:560,0
DA:561,0
DA:563,0
DA:564,0
DA:565,0
DA:568,0
DA:569,0
DA:570,0
DA:571,0
DA:572,0
DA:574,0
DA:575,0
DA:579,0
DA:580,0
DA:581,0
DA:582,0
DA:584,0
DA:585,0
DA:591,0
DA:592,0
DA:593,0
DA:594,0
DA:595,0
DA:597,0
DA:601,0
DA:602,0
DA:607,0
DA:609,0
LF:442
LH:0
BRDA:1,0,0,0
BRF:1
BRH:0
end_of_record
TN:
SF:src/components/Map/MapServiceDropdown.tsx
FN:1,(empty-report)
FNF:1
FNH:0
FNDA:0,(empty-report)
DA:1,0
DA:37,0
DA:38,0
DA:39,0
DA:40,0
DA:41,0
DA:42,0
DA:43,0
DA:44,0
DA:45,0
DA:46,0
DA:47,0
DA:48,0
DA:49,0
DA:50,0
DA:51,0
DA:52,0
DA:53,0
DA:54,0
DA:55,0
DA:56,0
DA:57,0
DA:58,0
DA:59,0
DA:60,0
DA:61,0
DA:62,0
DA:63,0
DA:64,0
DA:65,0
DA:66,0
DA:67,0
DA:68,0
DA:69,0
DA:70,0
DA:71,0
DA:72,0
DA:73,0
DA:74,0
DA:75,0
DA:76,0
DA:77,0
DA:78,0
DA:79,0
DA:80,0
DA:81,0
DA:82,0
DA:83,0
DA:84,0
DA:85,0
DA:86,0
DA:87,0
DA:88,0
DA:89,0
DA:90,0
DA:91,0
DA:92,0
DA:93,0
DA:94,0
DA:95,0
DA:96,0
DA:97,0
DA:98,0
DA:99,0
DA:100,0
DA:101,0
DA:102,0
DA:103,0
DA:104,0
DA:105,0
DA:106,0
DA:107,0
DA:108,0
DA:109,0
DA:110,0
DA:111,0
DA:112,0
DA:113,0
DA:114,0
DA:115,0
DA:116,0
DA:117,0
DA:118,0
DA:119,0
DA:120,0
DA:121,0
DA:122,0
DA:123,0
DA:124,0
DA:125,0
DA:126,0
DA:127,0
DA:128,0
DA:129,0
DA:130,0
DA:131,0
DA:132,0
DA:133,0
DA:134,0
DA:135,0
DA:136,0
DA:137,0
DA:138,0
DA:139,0
DA:140,0
DA:141,0
DA:142,0
DA:143,0
DA:144,0
DA:145,0
DA:146,0
DA:147,0
DA:148,0
DA:149,0
DA:150,0
DA:151,0
DA:152,0
DA:153,0
DA:154,0
DA:155,0
DA:156,0
DA:157,0
DA:158,0
DA:159,0
DA:160,0
DA:161,0
DA:162,0
DA:163,0
DA:164,0
DA:165,0
DA:166,0
DA:167,0
DA:168,0
DA:169,0
DA:170,0
DA:171,0
DA:172,0
DA:173,0
DA:174,0
DA:175,0
DA:176,0
DA:177,0
DA:178,0
DA:179,0
DA:180,0
DA:181,0
DA:182,0
DA:183,0
DA:184,0
DA:185,0
DA:186,0
DA:187,0
DA:188,0
DA:189,0
DA:190,0
DA:191,0
DA:192,0
DA:193,0
DA:194,0
DA:195,0
DA:196,0
DA:197,0
DA:198,0
DA:199,0
DA:200,0
DA:201,0
DA:202,0
DA:203,0
DA:204,0
DA:205,0
DA:206,0
DA:207,0
DA:208,0
DA:209,0
DA:210,0
DA:211,0
DA:212,0
DA:213,0
DA:214,0
DA:215,0
DA:216,0
DA:217,0
DA:218,0
DA:219,0
DA:220,0
DA:221,0
DA:222,0
DA:223,0
DA:224,0
DA:225,0
DA:233,0
DA:234,0
DA:235,0
DA:236,0
DA:237,0
DA:238,0
DA:239,0
DA:241,0
DA:242,0
DA:243,0
DA:244,0
DA:245,0
DA:246,0
DA:247,0
DA:248,0
DA:250,0
DA:251,0
DA:252,0
DA:253,0
DA:254,0
DA:255,0
DA:256,0
DA:257,0
DA:259,0
DA:260,0
DA:261,0
DA:264,0
DA:265,0
DA:266,0
DA:267,0
DA:268,0
DA:269,0
DA:270,0
DA:272,0
DA:273,0
DA:274,0
DA:275,0
DA:276,0
DA:281,0
DA:282,0
DA:289,0
DA:290,0
DA:291,0
DA:292,0
DA:293,0
DA:294,0
DA:298,0
DA:299,0
DA:300,0
DA:301,0
DA:302,0
DA:303,0
DA:305,0
DA:306,0
DA:307,0
DA:309,0
DA:310,0
DA:311,0
DA:312,0
DA:313,0
DA:314,0
DA:318,0
DA:319,0
DA:323,0
DA:324,0
DA:328,0
DA:329,0
DA:331,0
DA:332,0
DA:333,0
DA:334,0
DA:335,0
DA:338,0
DA:339,0
DA:340,0
DA:346,0
DA:347,0
DA:357,0
DA:358,0
DA:359,0
DA:360,0
DA:361,0
DA:363,0
DA:364,0
DA:365,0
DA:366,0
DA:367,0
DA:368,0
DA:369,0
DA:371,0
DA:379,0
DA:381,0
LF:282
LH:0
BRDA:1,0,0,0
BRF:1
BRH:0
end_of_record
TN:
SF:src/components/Map/OverlayManager.tsx
FN:1,(empty-report)
FNF:1
FNH:0
FNDA:0,(empty-report)
DA:1,0
DA:2,0
DA:3,0
DA:8,0
DA:17,0
DA:18,0
DA:19,0
DA:20,0
DA:21,0
DA:22,0
DA:24,0
DA:25,0
DA:26,0
DA:27,0
DA:28,0
DA:29,0
DA:31,0
DA:32,0
DA:33,0
DA:34,0
DA:35,0
DA:36,0
DA:38,0
DA:39,0
DA:40,0
DA:42,0
DA:43,0
DA:47,0
DA:48,0
DA:49,0
DA:50,0
DA:51,0
DA:52,0
DA:53,0
DA:55,0
DA:56,0
DA:57,0
DA:59,0
DA:60,0
DA:61,0
DA:62,0
DA:63,0
DA:64,0
DA:65,0
DA:75,0
DA:77,0
LF:46
LH:0
BRDA:1,0,0,0
BRF:1
BRH:0
end_of_record
TN:
SF:src/components/Map/SearchResultCategories.tsx
FN:1,(empty-report)
FNF:1
FNH:0
FNDA:0,(empty-report)
DA:1,0
DA:36,0
DA:37,0
DA:38,0
DA:39,0
DA:40,0
DA:41,0
DA:42,0
DA:43,0
DA:44,0
DA:45,0
DA:46,0
DA:47,0
DA:48,0
DA:49,0
DA:50,0
DA:51,0
DA:52,0
DA:53,0
DA:54,0
DA:55,0
DA:56,0
DA:57,0
DA:58,0
DA:59,0
DA:60,0
DA:61,0
DA:62,0
DA:63,0
DA:64,0
DA:65,0
DA:66,0
DA:67,0
DA:68,0
DA:69,0
DA:70,0
DA:71,0
DA:72,0
DA:73,0
DA:74,0
DA:75,0
DA:76,0
DA:77,0
DA:78,0
DA:79,0
DA:80,0
DA:81,0
DA:82,0
DA:83,0
DA:84,0
DA:85,0
DA:86,0
DA:87,0
DA:88,0
DA:89,0
DA:90,0
DA:91,0
DA:92,0
DA:93,0
DA:95,0
DA:96,0
DA:97,0
DA:99,0
DA:100,0
DA:101,0
DA:102,0
DA:103,0
DA:104,0
DA:105,0
DA:106,0
DA:108,0
DA:109,0
DA:110,0
DA:111,0
DA:112,0
DA:113,0
DA:115,0
DA:116,0
DA:118,0
DA:119,0
DA:120,0
DA:122,0
DA:123,0
DA:124,0
DA:126,0
DA:128,0
DA:129,0
DA:130,0
DA:131,0
DA:132,0
DA:134,0
DA:135,0
DA:136,0
DA:137,0
DA:138,0
DA:139,0
LF:96
LH:0
BRDA:1,0,0,0
BRF:1
BRH:0
end_of_record
TN:
SF:src/components/PropertyInfo/PropertyPanel.tsx
FN:1,(empty-report)
FNF:1
FNH:0
FNDA:0,(empty-report)
DA:1,0
DA:2,0
DA:3,0
DA:4,0
DA:5,0
DA:7,0
DA:25,0
DA:42,0
DA:43,0
DA:44,0
DA:46,0
DA:47,0
DA:48,0
DA:49,0
DA:51,0
DA:52,0
DA:53,0
DA:55,0
DA:56,0
DA:57,0
DA:60,0
DA:61,0
DA:62,0
DA:63,0
DA:64,0
DA:66,0
DA:71,0
DA:72,0
DA:73,0
DA:74,0
DA:75,0
DA:76,0
DA:77,0
DA:78,0
DA:79,0
DA:80,0
DA:81,0
DA:82,0
DA:83,0
DA:84,0
DA:85,0
DA:87,0
DA:88,0
DA:94,0
DA:95,0
DA:96,0
DA:97,0
DA:98,0
DA:99,0
DA:100,0
DA:101,0
DA:102,0
DA:103,0
DA:104,0
DA:107,0
DA:108,0
DA:109,0
DA:110,0
DA:111,0
DA:115,0
DA:121,0
DA:122,0
DA:123,0
DA:124,0
DA:125,0
DA:128,0
DA:129,0
DA:138,0
DA:139,0
DA:140,0
DA:141,0
DA:142,0
DA:143,0
DA:147,0
DA:148,0
DA:149,0
DA:150,0
DA:151,0
DA:152,0
DA:154,0
DA:158,0
DA:159,0
DA:160,0
DA:161,0
DA:162,0
DA:164,0
DA:168,0
DA:169,0
DA:170,0
DA:171,0
DA:172,0
DA:174,0
DA:178,0
DA:179,0
DA:180,0
DA:181,0
DA:182,0
DA:184,0
DA:188,0
DA:189,0
DA:190,0
DA:191,0
DA:192,0
DA:194,0
DA:198,0
DA:199,0
DA:200,0
DA:201,0
DA:202,0
DA:204,0
DA:210,0
DA:211,0
DA:212,0
DA:214,0
DA:215,0
DA:224,0
DA:225,0
DA:226,0
DA:227,0
DA:228,0
DA:229,0
DA:230,0
DA:231,0
DA:233,0
DA:235,0
DA:236,0
DA:237,0
DA:238,0
DA:240,0
DA:242,0
DA:243,0
DA:244,0
DA:245,0
DA:247,0
DA:251,0
DA:252,0
DA:253,0
DA:254,0
DA:255,0
DA:256,0
DA:258,0
DA:259,0
DA:260,0
DA:262,0
DA:263,0
DA:264,0
DA:272,0
DA:273,0
DA:274,0
DA:275,0
DA:276,0
DA:277,0
DA:278,0
DA:280,0
DA:281,0
DA:282,0
DA:284,0
DA:285,0
DA:286,0
DA:288,0
DA:289,0
DA:290,0
DA:294,0
DA:295,0
DA:296,0
DA:297,0
DA:298,0
DA:301,0
DA:302,0
DA:305,0
DA:306,0
DA:316,0
DA:317,0
DA:318,0
DA:319,0
DA:320,0
DA:321,0
DA:323,0
DA:328,0
DA:329,0
DA:331,0
DA:332,0
DA:333,0
DA:334,0
DA:337,0
DA:338,0
DA:339,0
DA:340,0
DA:348,0
DA:349,0
DA:350,0
DA:351,0
DA:354,0
DA:355,0
DA:356,0
DA:363,0
DA:366,0
LF:197
LH:0
BRDA:1,0,0,0
BRF:1
BRH:0
end_of_record
TN:
SF:src/components/ServiceInfo/ServiceInfo.tsx
FN:1,(empty-report)
FNF:1
FNH:0
FNDA:0,(empty-report)
DA:1,0
DA:7,0
DA:8,0
DA:9,0
DA:10,0
DA:11,0
DA:12,0
DA:16,0
DA:18,0
LF:9
LH:0
BRDA:1,0,0,0
BRF:1
BRH:0
end_of_record
TN:
SF:src/components/Toolbar/MeasurementToolbar.tsx
FN:1,(empty-report)
FNF:1
FNH:0
FNDA:0,(empty-report)
DA:1,0
DA:2,0
DA:3,0
DA:6,0
DA:23,0
DA:41,0
DA:42,0
DA:43,0
DA:44,0
DA:45,0
DA:46,0
DA:47,0
DA:48,0
DA:50,0
DA:51,0
DA:52,0
DA:54,0
DA:55,0
DA:56,0
DA:57,0
DA:58,0
DA:59,0
DA:60,0
DA:61,0
DA:62,0
DA:63,0
DA:64,0
DA:65,0
DA:66,0
DA:67,0
DA:68,0
DA:69,0
DA:70,0
DA:71,0
DA:72,0
DA:73,0
DA:74,0
DA:75,0
DA:76,0
DA:77,0
DA:78,0
DA:79,0
DA:80,0
DA:81,0
DA:82,0
DA:83,0
DA:85,0
DA:86,0
DA:87,0
DA:88,0
DA:89,0
DA:90,0
DA:91,0
DA:92,0
DA:93,0
DA:94,0
DA:95,0
DA:96,0
DA:97,0
DA:98,0
DA:99,0
DA:100,0
DA:101,0
DA:102,0
DA:103,0
DA:104,0
DA:105,0
DA:106,0
DA:107,0
DA:108,0
DA:109,0
DA:110,0
DA:111,0
DA:112,0
DA:113,0
DA:114,0
DA:115,0
DA:116,0
DA:117,0
DA:118,0
DA:119,0
DA:121,0
DA:122,0
DA:123,0
DA:125,0
DA:126,0
DA:127,0
DA:128,0
DA:129,0
DA:130,0
DA:131,0
DA:133,0
DA:138,0
DA:139,0
DA:140,0
DA:141,0
DA:142,0
DA:143,0
DA:144,0
DA:145,0
DA:146,0
DA:147,0
DA:148,0
DA:149,0
DA:150,0
DA:151,0
DA:152,0
DA:154,0
DA:155,0
DA:161,0
DA:162,0
DA:163,0
DA:164,0
DA:165,0
DA:166,0
DA:167,0
DA:168,0
DA:169,0
DA:170,0
DA:171,0
DA:172,0
DA:173,0
DA:174,0
DA:175,0
DA:176,0
DA:177,0
DA:178,0
DA:180,0
DA:181,0
DA:183,0
DA:189,0
DA:190,0
DA:191,0
DA:192,0
DA:195,0
DA:196,0
DA:197,0
DA:198,0
DA:199,0
DA:202,0
DA:203,0
DA:204,0
DA:205,0
DA:215,0
DA:216,0
DA:217,0
DA:218,0
DA:219,0
DA:220,0
DA:221,0
DA:222,0
DA:223,0
DA:225,0
DA:226,0
DA:227,0
DA:229,0
DA:230,0
DA:231,0
DA:234,0
DA:235,0
DA:236,0
DA:237,0
DA:238,0
DA:246,0
DA:247,0
DA:248,0
DA:249,0
DA:250,0
DA:251,0
DA:252,0
DA:253,0
DA:254,0
DA:255,0
DA:256,0
DA:257,0
DA:259,0
DA:260,0
DA:264,0
DA:265,0
DA:266,0
DA:267,0
DA:268,0
DA:270,0
DA:276,0
DA:277,0
DA:278,0
DA:279,0
DA:280,0
DA:281,0
DA:283,0
DA:285,0
DA:288,0
DA:294,0
DA:295,0
DA:296,0
DA:297,0
DA:298,0
DA:301,0
DA:302,0
DA:305,0
DA:306,0
DA:315,0
DA:316,0
DA:317,0
DA:318,0
DA:319,0
DA:320,0
DA:321,0
DA:322,0
DA:323,0
DA:325,0
DA:326,0
DA:327,0
DA:332,0
DA:333,0
DA:334,0
DA:335,0
DA:336,0
DA:339,0
DA:340,0
DA:350,0
DA:351,0
DA:353,0
DA:354,0
DA:355,0
DA:356,0
DA:357,0
DA:358,0
DA:360,0
DA:363,0
DA:364,0
DA:365,0
DA:372,0
DA:373,0
DA:374,0
DA:375,0
DA:381,0
DA:384,0
LF:238
LH:0
BRDA:1,0,0,0
BRF:1
BRH:0
end_of_record
TN:
SF:src/components/ui/accordion.tsx
FN:1,(empty-report)
FNF:1
FNH:0
FNDA:0,(empty-report)
DA:1,0
DA:7,0
DA:9,0
DA:12,0
DA:13,0
DA:14,0
DA:15,0
DA:16,0
DA:19,0
DA:21,0
DA:24,0
DA:25,0
DA:26,0
DA:27,0
DA:28,0
DA:29,0
DA:30,0
DA:32,0
DA:34,0
DA:35,0
DA:39,0
DA:41,0
DA:44,0
DA:45,0
DA:46,0
DA:47,0
DA:48,0
DA:50,0
DA:54,0
LF:29
LH:0
BRDA:1,0,0,0
BRF:1
BRH:0
end_of_record
TN:
SF:src/components/ui/alert-dialog.tsx
FN:1,(empty-report)
FNF:1
FNH:0
FNDA:0,(empty-report)
DA:1,0
DA:7,0
DA:9,0
DA:11,0
DA:13,0
DA:16,0
DA:17,0
DA:18,0
DA:19,0
DA:20,0
DA:22,0
DA:23,0
DA:26,0
DA:28,0
DA:31,0
DA:32,0
DA:33,0
DA:34,0
DA:35,0
DA:36,0
DA:37,0
DA:38,0
DA:40,0
DA:44,0
DA:46,0
DA:47,0
DA:48,0
DA:49,0
DA:50,0
DA:51,0
DA:52,0
DA:53,0
DA:55,0
DA:58,0
DA:60,0
DA:61,0
DA:62,0
DA:63,0
DA:64,0
DA:65,0
DA:66,0
DA:67,0
DA:69,0
DA:72,0
DA:74,0
DA:77,0
DA:78,0
DA:79,0
DA:80,0
DA:81,0
DA:84,0
DA:86,0
DA:89,0
DA:90,0
DA:91,0
DA:92,0
DA:93,0
DA:96,0
DA:97,0
DA:99,0
DA:102,0
DA:103,0
DA:104,0
DA:105,0
DA:106,0
DA:109,0
DA:111,0
DA:114,0
DA:115,0
DA:116,0
DA:117,0
DA:118,0
DA:119,0
DA:120,0
DA:122,0
DA:125,0
LF:76
LH:0
BRDA:1,0,0,0
BRF:1
BRH:0
end_of_record
TN:
SF:src/components/ui/alert.tsx
FN:1,(empty-report)
FNF:1
FNH:0
FNDA:0,(empty-report)
DA:1,0
DA:6,0
DA:7,0
DA:8,0
DA:9,0
DA:10,0
DA:11,0
DA:12,0
DA:13,0
DA:14,0
DA:15,0
DA:16,0
DA:17,0
DA:18,0
DA:19,0
DA:22,0
DA:25,0
DA:26,0
DA:27,0
DA:28,0
DA:29,0
DA:30,0
DA:33,0
DA:35,0
DA:38,0
DA:39,0
DA:40,0
DA:41,0
DA:42,0
DA:45,0
DA:47,0
DA:50,0
DA:51,0
DA:52,0
DA:53,0
DA:54,0
DA:57,0
LF:37
LH:0
BRDA:1,0,0,0
BRF:1
BRH:0
end_of_record
TN:
SF:src/components/ui/aspect-ratio.tsx
FN:1,(empty-report)
FNF:1
FNH:0
FNDA:0,(empty-report)
DA:1,0
DA:3,0
LF:2
LH:0
BRDA:1,0,0,0
BRF:1
BRH:0
end_of_record
TN:
SF:src/components/ui/avatar.tsx
FN:1,(empty-report)
FNF:1
FNH:0
FNDA:0,(empty-report)
DA:1,0
DA:6,0
DA:9,0
DA:10,0
DA:11,0
DA:12,0
DA:13,0
DA:14,0
DA:16,0
DA:19,0
DA:21,0
DA:24,0
DA:25,0
DA:26,0
DA:27,0
DA:28,0
DA:31,0
DA:33,0
DA:36,0
DA:37,0
DA:38,0
DA:39,0
DA:40,0
DA:41,0
DA:43,0
DA:46,0
LF:26
LH:0
BRDA:1,0,0,0
BRF:1
BRH:0
end_of_record
TN:
SF:src/components/ui/badge.tsx
FN:1,(empty-report)
FNF:1
FNH:0
FNDA:0,(empty-report)
DA:1,0
DA:6,0
DA:7,0
DA:8,0
DA:9,0
DA:10,0
DA:11,0
DA:12,0
DA:13,0
DA:14,0
DA:15,0
DA:16,0
DA:17,0
DA:18,0
DA:19,0
DA:20,0
DA:21,0
DA:22,0
DA:23,0
DA:30,0
DA:31,0
DA:32,0
DA:34,0
LF:23
LH:0
BRDA:1,0,0,0
BRF:1
BRH:0
end_of_record
TN:
SF:src/components/ui/breadcrumb.tsx
FN:1,(empty-report)
FNF:1
FNH:0
FNDA:0,(empty-report)
DA:1,0
DA:7,0
DA:12,0
DA:13,0
DA:15,0
DA:18,0
DA:19,0
DA:20,0
DA:21,0
DA:22,0
DA:23,0
DA:25,0
DA:28,0
DA:30,0
DA:33,0
DA:34,0
DA:35,0
DA:36,0
DA:37,0
DA:40,0
DA:42,0
DA:47,0
DA:48,0
DA:50,0
DA:51,0
DA:52,0
DA:53,0
DA:54,0
DA:57,0
DA:58,0
DA:60,0
DA:63,0
DA:64,0
DA:65,0
DA:66,0
DA:67,0
DA:68,0
DA:69,0
DA:70,0
DA:73,0
DA:75,0
DA:76,0
DA:77,0
DA:78,0
DA:79,0
DA:80,0
DA:81,0
DA:82,0
DA:83,0
DA:84,0
DA:86,0
DA:89,0
DA:91,0
DA:92,0
DA:93,0
DA:94,0
DA:95,0
DA:96,0
DA:97,0
DA:98,0
DA:99,0
DA:101,0
DA:102,0
DA:105,0
LF:64
LH:0
BRDA:1,0,0,0
BRF:1
BRH:0
end_of_record
TN:
SF:src/components/ui/button.tsx
FN:1,(empty-report)
FNF:1
FNH:0
FNDA:0,(empty-report)
DA:1,0
DA:7,0
DA:8,0
DA:9,0
DA:10,0
DA:11,0
DA:12,0
DA:13,0
DA:14,0
DA:15,0
DA:16,0
DA:17,0
DA:18,0
DA:19,0
DA:20,0
DA:21,0
DA:22,0
DA:23,0
DA:24,0
DA:25,0
DA:26,0
DA:27,0
DA:28,0
DA:29,0
DA:30,0
DA:31,0
DA:32,0
DA:33,0
DA:42,0
DA:43,0
DA:44,0
DA:45,0
DA:46,0
DA:47,0
DA:48,0
DA:49,0
DA:52,0
DA:54,0
LF:38
LH:0
BRDA:1,0,0,0
BRF:1
BRH:0
end_of_record
TN:
SF:src/components/ui/calendar.tsx
FN:1,(empty-report)
FNF:1
FNH:0
FNDA:0,(empty-report)
DA:1,0
DA:10,0
DA:11,0
DA:12,0
DA:13,0
DA:14,0
DA:15,0
DA:16,0
DA:17,0
DA:18,0
DA:19,0
DA:20,0
DA:21,0
DA:22,0
DA:23,0
DA:24,0
DA:25,0
DA:26,0
DA:27,0
DA:28,0
DA:30,0
DA:31,0
DA:32,0
DA:33,0
DA:34,0
DA:35,0
DA:36,0
DA:37,0
DA:38,0
DA:39,0
DA:40,0
DA:42,0
DA:43,0
DA:44,0
DA:45,0
DA:46,0
DA:47,0
DA:48,0
DA:49,0
DA:50,0
DA:51,0
DA:52,0
DA:53,0
DA:54,0
DA:55,0
DA:56,0
DA:57,0
DA:58,0
DA:61,0
DA:62,0
LF:50
LH:0
BRDA:1,0,0,0
BRF:1
BRH:0
end_of_record
TN:
SF:src/components/ui/card.tsx
FN:1,(empty-report)
FNF:1
FNH:0
FNDA:0,(empty-report)
DA:1,0
DA:5,0
DA:8,0
DA:9,0
DA:10,0
DA:11,0
DA:12,0
DA:13,0
DA:15,0
DA:18,0
DA:20,0
DA:23,0
DA:24,0
DA:25,0
DA:26,0
DA:27,0
DA:30,0
DA:32,0
DA:35,0
DA:36,0
DA:37,0
DA:38,0
DA:39,0
DA:40,0
DA:42,0
DA:45,0
DA:47,0
DA:50,0
DA:51,0
DA:52,0
DA:53,0
DA:54,0
DA:57,0
DA:59,0
DA:62,0
DA:63,0
DA:65,0
DA:67,0
DA:70,0
DA:71,0
DA:72,0
DA:73,0
DA:74,0
DA:77,0
LF:44
LH:0
BRDA:1,0,0,0
BRF:1
BRH:0
end_of_record
TN:
SF:src/components/ui/carousel.tsx
FN:1,(empty-report)
FNF:1
FNH:0
FNDA:0,(empty-report)
DA:1,0
DA:31,0
DA:33,0
DA:34,0
DA:36,0
DA:37,0
DA:38,0
DA:40,0
DA:41,0
DA:43,0
DA:47,0
DA:48,0
DA:49,0
DA:50,0
DA:51,0
DA:52,0
DA:53,0
DA:54,0
DA:55,0
DA:56,0
DA:57,0
DA:59,0
DA:60,0
DA:61,0
DA:62,0
DA:63,0
DA:64,0
DA:66,0
DA:67,0
DA:69,0
DA:70,0
DA:71,0
DA:72,0
DA:74,0
DA:75,0
DA:76,0
DA:78,0
DA:79,0
DA:80,0
DA:82,0
DA:83,0
DA:84,0
DA:86,0
DA:87,0
DA:88,0
DA:89,0
DA:90,0
DA:91,0
DA:92,0
DA:93,0
DA:94,0
DA:95,0
DA:96,0
DA:99,0
DA:100,0
DA:101,0
DA:102,0
DA:104,0
DA:105,0
DA:107,0
DA:108,0
DA:109,0
DA:110,0
DA:112,0
DA:113,0
DA:114,0
DA:116,0
DA:117,0
DA:118,0
DA:119,0
DA:121,0
DA:122,0
DA:123,0
DA:124,0
DA:125,0
DA:126,0
DA:127,0
DA:128,0
DA:129,0
DA:130,0
DA:131,0
DA:132,0
DA:133,0
DA:135,0
DA:136,0
DA:137,0
DA:138,0
DA:139,0
DA:140,0
DA:141,0
DA:143,0
DA:147,0
DA:149,0
DA:151,0
DA:154,0
DA:155,0
DA:157,0
DA:158,0
DA:159,0
DA:160,0
DA:161,0
DA:162,0
DA:163,0
DA:164,0
DA:166,0
DA:170,0
DA:171,0
DA:173,0
DA:176,0
DA:177,0
DA:179,0
DA:180,0
DA:181,0
DA:182,0
DA:183,0
DA:184,0
DA:185,0
DA:186,0
DA:187,0
DA:189,0
DA:192,0
DA:193,0
DA:195,0
DA:198,0
DA:199,0
DA:201,0
DA:202,0
DA:203,0
DA:204,0
DA:205,0
DA:206,0
DA:207,0
DA:208,0
DA:209,0
DA:210,0
DA:211,0
DA:213,0
DA:214,0
DA:215,0
DA:217,0
DA:218,0
DA:221,0
DA:222,0
DA:224,0
DA:227,0
DA:228,0
DA:230,0
DA:231,0
DA:232,0
DA:233,0
DA:234,0
DA:235,0
DA:236,0
DA:237,0
DA:238,0
DA:239,0
DA:240,0
DA:242,0
DA:243,0
DA:244,0
DA:246,0
DA:247,0
DA:250,0
DA:251,0
LF:164
LH:0
BRDA:1,0,0,0
BRF:1
BRH:0
end_of_record
TN:
SF:src/components/ui/chart.tsx
FN:1,(empty-report)
FNF:1
FNH:0
FNDA:0,(empty-report)
DA:1,0
DA:6,0
DA:7,0
DA:23,0
DA:25,0
DA:26,0
DA:28,0
DA:29,0
DA:30,0
DA:32,0
DA:33,0
DA:35,0
DA:43,0
DA:44,0
DA:45,0
DA:47,0
DA:48,0
DA:49,0
DA:50,0
DA:51,0
DA:52,0
DA:53,0
DA:54,0
DA:56,0
DA:58,0
DA:59,0
DA:60,0
DA:65,0
DA:66,0
DA:68,0
DA:69,0
DA:70,0
DA:73,0
DA:74,0
DA:75,0
DA:77,0
DA:78,0
DA:79,0
DA:80,0
DA:81,0
DA:82,0
DA:83,0
DA:84,0
DA:85,0
DA:86,0
DA:87,0
DA:88,0
DA:89,0
DA:90,0
DA:91,0
DA:93,0
DA:95,0
DA:96,0
DA:99,0
DA:101,0
DA:103,0
DA:114,0
DA:115,0
DA:116,0
DA:117,0
DA:118,0
DA:119,0
DA:120,0
DA:121,0
DA:122,0
DA:123,0
DA:124,0
DA:125,0
DA:126,0
DA:127,0
DA:128,0
DA:129,0
DA:130,0
DA:132,0
DA:134,0
DA:135,0
DA:136,0
DA:137,0
DA:139,0
DA:140,0
DA:141,0
DA:142,0
DA:143,0
DA:144,0
DA:145,0
DA:147,0
DA:148,0
DA:149,0
DA:150,0
DA:153,0
DA:155,0
DA:156,0
DA:157,0
DA:159,0
DA:160,0
DA:161,0
DA:162,0
DA:163,0
DA:164,0
DA:165,0
DA:166,0
DA:167,0
DA:168,0
DA:170,0
DA:171,0
DA:172,0
DA:174,0
DA:176,0
DA:177,0
DA:178,0
DA:179,0
DA:180,0
DA:181,0
DA:184,0
DA:185,0
DA:186,0
DA:187,0
DA:188,0
DA:189,0
DA:191,0
DA:192,0
DA:193,0
DA:194,0
DA:195,0
DA:196,0
DA:199,0
DA:200,0
DA:202,0
DA:203,0
DA:204,0
DA:206,0
DA:207,0
DA:208,0
DA:209,0
DA:210,0
DA:211,0
DA:212,0
DA:213,0
DA:214,0
DA:215,0
DA:216,0
DA:218,0
DA:219,0
DA:220,0
DA:221,0
DA:222,0
DA:227,0
DA:228,0
DA:229,0
DA:230,0
DA:233,0
DA:234,0
DA:235,0
DA:236,0
DA:239,0
DA:240,0
DA:241,0
DA:249,0
DA:253,0
DA:255,0
DA:257,0
DA:259,0
DA:267,0
DA:268,0
DA:269,0
DA:271,0
DA:273,0
DA:274,0
DA:275,0
DA:277,0
DA:278,0
DA:279,0
DA:280,0
DA:281,0
DA:282,0
DA:283,0
DA:286,0
DA:287,0
DA:288,0
DA:290,0
DA:291,0
DA:292,0
DA:293,0
DA:294,0
DA:297,0
DA:298,0
DA:300,0
DA:301,0
DA:302,0
DA:303,0
DA:304,0
DA:307,0
DA:310,0
DA:313,0
DA:315,0
DA:317,0
DA:318,0
DA:319,0
DA:320,0
DA:321,0
DA:323,0
DA:324,0
DA:325,0
DA:327,0
DA:328,0
DA:329,0
DA:330,0
DA:331,0
DA:332,0
DA:334,0
DA:336,0
DA:337,0
DA:338,0
DA:339,0
DA:340,0
DA:341,0
DA:342,0
DA:343,0
DA:344,0
DA:345,0
DA:346,0
DA:347,0
DA:348,0
DA:349,0
DA:351,0
DA:352,0
DA:353,0
DA:354,0
LF:228
LH:0
BRDA:1,0,0,0
BRF:1
BRH:0
end_of_record
TN:
SF:src/components/ui/checkbox.tsx
FN:1,(empty-report)
FNF:1
FNH:0
FNDA:0,(empty-report)
DA:1,0
DA:7,0
DA:10,0
DA:11,0
DA:12,0
DA:13,0
DA:14,0
DA:15,0
DA:17,0
DA:19,0
DA:20,0
DA:22,0
DA:26,0
LF:13
LH:0
BRDA:1,0,0,0
BRF:1
BRH:0
end_of_record
TN:
SF:src/components/ui/collapsible.tsx
FN:1,(empty-report)
FNF:1
FNH:0
FNDA:0,(empty-report)
DA:1,0
DA:3,0
DA:5,0
DA:7,0
LF:4
LH:0
BRDA:1,0,0,0
BRF:1
BRH:0
end_of_record
TN:
SF:src/components/ui/command.tsx
FN:1,(empty-report)
FNF:1
FNH:0
FNDA:0,(empty-report)
DA:1,0
DA:9,0
DA:12,0
DA:13,0
DA:14,0
DA:15,0
DA:16,0
DA:17,0
DA:19,0
DA:22,0
DA:28,0
DA:29,0
DA:30,0
DA:31,0
DA:32,0
DA:33,0
DA:38,0
DA:40,0
DA:43,0
DA:44,0
DA:45,0
DA:46,0
DA:47,0
DA:48,0
DA:49,0
DA:50,0
DA:52,0
DA:57,0
DA:59,0
DA:62,0
DA:63,0
DA:64,0
DA:65,0
DA:66,0
DA:70,0
DA:72,0
DA:75,0
DA:76,0
DA:77,0
DA:78,0
DA:79,0
DA:83,0
DA:85,0
DA:88,0
DA:89,0
DA:90,0
DA:91,0
DA:92,0
DA:93,0
DA:95,0
DA:99,0
DA:101,0
DA:104,0
DA:105,0
DA:106,0
DA:107,0
DA:108,0
DA:111,0
DA:113,0
DA:116,0
DA:117,0
DA:118,0
DA:119,0
DA:120,0
DA:121,0
DA:123,0
DA:127,0
DA:129,0
DA:130,0
DA:131,0
DA:132,0
DA:133,0
DA:134,0
DA:135,0
DA:136,0
DA:137,0
DA:139,0
DA:142,0
DA:143,0
LF:79
LH:0
BRDA:1,0,0,0
BRF:1
BRH:0
end_of_record
TN:
SF:src/components/ui/context-menu.tsx
FN:1,(empty-report)
FNF:1
FNH:0
FNDA:0,(empty-report)
DA:1,0
DA:7,0
DA:9,0
DA:11,0
DA:13,0
DA:15,0
DA:17,0
DA:19,0
DA:24,0
DA:25,0
DA:26,0
DA:27,0
DA:28,0
DA:29,0
DA:30,0
DA:32,0
DA:34,0
DA:35,0
DA:38,0
DA:40,0
DA:43,0
DA:44,0
DA:45,0
DA:46,0
DA:47,0
DA:48,0
DA:50,0
DA:53,0
DA:55,0
DA:58,0
DA:59,0
DA:60,0
DA:61,0
DA:62,0
DA:63,0
DA:64,0
DA:66,0
DA:70,0
DA:72,0
DA:77,0
DA:78,0
DA:79,0
DA:80,0
DA:81,0
DA:82,0
DA:83,0
DA:85,0
DA:88,0
DA:90,0
DA:93,0
DA:94,0
DA:95,0
DA:96,0
DA:97,0
DA:98,0
DA:100,0
DA:101,0
DA:103,0
DA:104,0
DA:105,0
DA:108,0
DA:111,0
DA:112,0
DA:114,0
DA:117,0
DA:118,0
DA:119,0
DA:120,0
DA:121,0
DA:122,0
DA:124,0
DA:126,0
DA:127,0
DA:128,0
DA:131,0
DA:134,0
DA:136,0
DA:141,0
DA:142,0
DA:143,0
DA:144,0
DA:145,0
DA:146,0
DA:147,0
DA:149,0
DA:152,0
DA:154,0
DA:157,0
DA:158,0
DA:159,0
DA:160,0
DA:161,0
DA:164,0
DA:166,0
DA:167,0
DA:168,0
DA:169,0
DA:170,0
DA:171,0
DA:172,0
DA:173,0
DA:174,0
DA:176,0
DA:179,0
DA:180,0
LF:105
LH:0
BRDA:1,0,0,0
BRF:1
BRH:0
end_of_record
TN:
SF:src/components/ui/dialog.tsx
FN:1,(empty-report)
FNF:1
FNH:0
FNDA:0,(empty-report)
DA:1,0
DA:7,0
DA:9,0
DA:11,0
DA:13,0
DA:15,0
DA:18,0
DA:19,0
DA:20,0
DA:21,0
DA:22,0
DA:23,0
DA:25,0
DA:28,0
DA:30,0
DA:33,0
DA:34,0
DA:35,0
DA:36,0
DA:37,0
DA:38,0
DA:39,0
DA:40,0
DA:42,0
DA:44,0
DA:45,0
DA:46,0
DA:47,0
DA:52,0
DA:54,0
DA:55,0
DA:56,0
DA:57,0
DA:58,0
DA:59,0
DA:60,0
DA:61,0
DA:63,0
DA:66,0
DA:68,0
DA:69,0
DA:70,0
DA:71,0
DA:72,0
DA:73,0
DA:74,0
DA:75,0
DA:77,0
DA:80,0
DA:82,0
DA:85,0
DA:86,0
DA:87,0
DA:88,0
DA:89,0
DA:90,0
DA:92,0
DA:95,0
DA:97,0
DA:100,0
DA:101,0
DA:102,0
DA:103,0
DA:104,0
DA:107,0
LF:65
LH:0
BRDA:1,0,0,0
BRF:1
BRH:0
end_of_record
TN:
SF:src/components/ui/drawer.tsx
FN:1,(empty-report)
FNF:1
FNH:0
FNDA:0,(empty-report)
DA:1,0
DA:6,0
DA:7,0
DA:8,0
DA:9,0
DA:10,0
DA:11,0
DA:12,0
DA:15,0
DA:17,0
DA:19,0
DA:21,0
DA:23,0
DA:26,0
DA:27,0
DA:28,0
DA:29,0
DA:30,0
DA:33,0
DA:35,0
DA:38,0
DA:39,0
DA:40,0
DA:41,0
DA:42,0
DA:43,0
DA:44,0
DA:45,0
DA:47,0
DA:49,0
DA:50,0
DA:54,0
DA:56,0
DA:57,0
DA:58,0
DA:59,0
DA:60,0
DA:61,0
DA:62,0
DA:65,0
DA:67,0
DA:68,0
DA:69,0
DA:70,0
DA:71,0
DA:72,0
DA:73,0
DA:76,0
DA:78,0
DA:81,0
DA:82,0
DA:83,0
DA:84,0
DA:85,0
DA:86,0
DA:88,0
DA:91,0
DA:93,0
DA:96,0
DA:97,0
DA:98,0
DA:99,0
DA:100,0
DA:103,0
LF:64
LH:0
BRDA:1,0,0,0
BRF:1
BRH:0
end_of_record
TN:
SF:src/components/ui/dropdown-menu.tsx
FN:1,(empty-report)
FNF:1
FNH:0
FNDA:0,(empty-report)
DA:1,0
DA:7,0
DA:9,0
DA:11,0
DA:13,0
DA:15,0
DA:17,0
DA:19,0
DA:24,0
DA:25,0
DA:26,0
DA:27,0
DA:28,0
DA:29,0
DA:30,0
DA:32,0
DA:34,0
DA:35,0
DA:38,0
DA:39,0
DA:41,0
DA:44,0
DA:45,0
DA:46,0
DA:47,0
DA:48,0
DA:49,0
DA:51,0
DA:54,0
DA:55,0
DA:57,0
DA:60,0
DA:61,0
DA:62,0
DA:63,0
DA:64,0
DA:65,0
DA:66,0
DA:67,0
DA:69,0
DA:73,0
DA:75,0
DA:80,0
DA:81,0
DA:82,0
DA:83,0
DA:84,0
DA:85,0
DA:86,0
DA:88,0
DA:91,0
DA:93,0
DA:96,0
DA:97,0
DA:98,0
DA:99,0
DA:100,0
DA:101,0
DA:103,0
DA:104,0
DA:106,0
DA:107,0
DA:108,0
DA:111,0
DA:114,0
DA:115,0
DA:117,0
DA:120,0
DA:121,0
DA:122,0
DA:123,0
DA:124,0
DA:125,0
DA:127,0
DA:129,0
DA:130,0
DA:131,0
DA:134,0
DA:137,0
DA:139,0
DA:144,0
DA:145,0
DA:146,0
DA:147,0
DA:148,0
DA:149,0
DA:150,0
DA:152,0
DA:155,0
DA:157,0
DA:160,0
DA:161,0
DA:162,0
DA:163,0
DA:164,0
DA:167,0
DA:169,0
DA:170,0
DA:171,0
DA:172,0
DA:173,0
DA:174,0
DA:175,0
DA:176,0
DA:179,0
DA:180,0
LF:106
LH:0
BRDA:1,0,0,0
BRF:1
BRH:0
end_of_record
TN:
SF:src/components/ui/form.tsx
FN:1,(empty-report)
FNF:1
FNH:0
FNDA:0,(empty-report)
DA:1,0
DA:16,0
DA:25,0
DA:26,0
DA:29,0
DA:32,0
DA:33,0
DA:34,0
DA:35,0
DA:36,0
DA:37,0
DA:40,0
DA:42,0
DA:43,0
DA:44,0
DA:45,0
DA:47,0
DA:49,0
DA:50,0
DA:51,0
DA:53,0
DA:55,0
DA:56,0
DA:57,0
DA:58,0
DA:59,0
DA:60,0
DA:61,0
DA:62,0
DA:63,0
DA:69,0
DA:70,0
DA:73,0
DA:76,0
DA:77,0
DA:79,0
DA:80,0
DA:81,0
DA:84,0
DA:85,0
DA:87,0
DA:90,0
DA:91,0
DA:93,0
DA:94,0
DA:95,0
DA:96,0
DA:97,0
DA:98,0
DA:101,0
DA:102,0
DA:104,0
DA:107,0
DA:108,0
DA:110,0
DA:111,0
DA:112,0
DA:113,0
DA:114,0
DA:115,0
DA:116,0
DA:117,0
DA:119,0
DA:120,0
DA:123,0
DA:124,0
DA:126,0
DA:129,0
DA:130,0
DA:132,0
DA:133,0
DA:134,0
DA:135,0
DA:136,0
DA:137,0
DA:140,0
DA:141,0
DA:143,0
DA:146,0
DA:147,0
DA:148,0
DA:150,0
DA:151,0
DA:152,0
DA:154,0
DA:155,0
DA:156,0
DA:157,0
DA:158,0
DA:159,0
DA:161,0
DA:164,0
DA:165,0
LF:93
LH:0
BRDA:1,0,0,0
BRF:1
BRH:0
end_of_record
TN:
SF:src/components/ui/hover-card.tsx
FN:1,(empty-report)
FNF:1
FNH:0
FNDA:0,(empty-report)
DA:1,0
DA:6,0
DA:8,0
DA:10,0
DA:13,0
DA:14,0
DA:15,0
DA:16,0
DA:17,0
DA:18,0
DA:19,0
DA:20,0
DA:22,0
DA:25,0
LF:14
LH:0
BRDA:1,0,0,0
BRF:1
BRH:0
end_of_record
TN:
SF:src/components/ui/input-otp.tsx
FN:1,(empty-report)
FNF:1
FNH:0
FNDA:0,(empty-report)
DA:1,0
DA:7,0
DA:10,0
DA:11,0
DA:12,0
DA:13,0
DA:14,0
DA:15,0
DA:17,0
DA:18,0
DA:21,0
DA:23,0
DA:26,0
DA:27,0
DA:29,0
DA:31,0
DA:34,0
DA:35,0
DA:36,0
DA:38,0
DA:39,0
DA:40,0
DA:41,0
DA:42,0
DA:43,0
DA:44,0
DA:46,0
DA:48,0
DA:49,0
DA:50,0
DA:51,0
DA:56,0
DA:57,0
DA:59,0
DA:62,0
DA:63,0
DA:64,0
DA:67,0
LF:38
LH:0
BRDA:1,0,0,0
BRF:1
BRH:0
end_of_record
TN:
SF:src/components/ui/input.tsx
FN:1,(empty-report)
FNF:1
FNH:0
FNDA:0,(empty-report)
DA:1,0
DA:5,0
DA:6,0
DA:7,0
DA:8,0
DA:9,0
DA:10,0
DA:11,0
DA:12,0
DA:14,0
DA:15,0
DA:18,0
DA:20,0
LF:13
LH:0
BRDA:1,0,0,0
BRF:1
BRH:0
end_of_record
TN:
SF:src/components/ui/label.tsx
FN:1,(empty-report)
FNF:1
FNH:0
FNDA:0,(empty-report)
DA:1,0
DA:7,0
DA:8,0
DA:11,0
DA:15,0
DA:16,0
DA:17,0
DA:18,0
DA:19,0
DA:22,0
LF:10
LH:0
BRDA:1,0,0,0
BRF:1
BRH:0
end_of_record
TN:
SF:src/components/ui/menubar.tsx
FN:1,(empty-report)
FNF:1
FNH:0
FNDA:0,(empty-report)
DA:1,0
DA:7,0
DA:9,0
DA:11,0
DA:13,0
DA:15,0
DA:17,0
DA:20,0
DA:21,0
DA:22,0
DA:23,0
DA:24,0
DA:25,0
DA:27,0
DA:30,0
DA:32,0
DA:35,0
DA:36,0
DA:37,0
DA:38,0
DA:39,0
DA:40,0
DA:42,0
DA:45,0
DA:47,0
DA:52,0
DA:53,0
DA:54,0
DA:55,0
DA:56,0
DA:57,0
DA:58,0
DA:60,0
DA:62,0
DA:63,0
DA:66,0
DA:68,0
DA:71,0
DA:72,0
DA:73,0
DA:74,0
DA:75,0
DA:76,0
DA:78,0
DA:81,0
DA:83,0
DA:87,0
DA:88,0
DA:89,0
DA:91,0
DA:92,0
DA:93,0
DA:94,0
DA:95,0
DA:96,0
DA:97,0
DA:98,0
DA:99,0
DA:101,0
DA:106,0
DA:108,0
DA:113,0
DA:114,0
DA:115,0
DA:116,0
DA:117,0
DA:118,0
DA:119,0
DA:121,0
DA:124,0
DA:126,0
DA:129,0
DA:130,0
DA:131,0
DA:132,0
DA:133,0
DA:134,0
DA:136,0
DA:137,0
DA:139,0
DA:140,0
DA:141,0
DA:144,0
DA:147,0
DA:149,0
DA:152,0
DA:153,0
DA:154,0
DA:155,0
DA:156,0
DA:157,0
DA:159,0
DA:161,0
DA:162,0
DA:163,0
DA:166,0
DA:169,0
DA:171,0
DA:176,0
DA:177,0
DA:178,0
DA:179,0
DA:180,0
DA:181,0
DA:182,0
DA:184,0
DA:187,0
DA:189,0
DA:192,0
DA:193,0
DA:194,0
DA:195,0
DA:196,0
DA:199,0
DA:201,0
DA:202,0
DA:203,0
DA:204,0
DA:205,0
DA:206,0
DA:207,0
DA:208,0
DA:209,0
DA:211,0
DA:214,0
DA:215,0
LF:126
LH:0
BRDA:1,0,0,0
BRF:1
BRH:0
end_of_record
TN:
SF:src/components/ui/navigation-menu.tsx
FN:1,(empty-report)
FNF:1
FNH:0
FNDA:0,(empty-report)
DA:1,0
DA:8,0
DA:11,0
DA:12,0
DA:13,0
DA:14,0
DA:15,0
DA:16,0
DA:18,0
DA:20,0
DA:21,0
DA:24,0
DA:26,0
DA:29,0
DA:30,0
DA:31,0
DA:32,0
DA:33,0
DA:34,0
DA:36,0
DA:39,0
DA:41,0
DA:43,0
DA:44,0
DA:47,0
DA:50,0
DA:51,0
DA:52,0
DA:53,0
DA:54,0
DA:56,0
DA:57,0
DA:58,0
DA:59,0
DA:63,0
DA:65,0
DA:68,0
DA:69,0
DA:70,0
DA:71,0
DA:72,0
DA:73,0
DA:75,0
DA:78,0
DA:80,0
DA:82,0
DA:85,0
DA:86,0
DA:87,0
DA:88,0
DA:89,0
DA:90,0
DA:92,0
DA:93,0
DA:97,0
DA:98,0
DA:100,0
DA:103,0
DA:104,0
DA:105,0
DA:106,0
DA:107,0
DA:108,0
DA:110,0
DA:112,0
DA:115,0
DA:116,0
LF:67
LH:0
BRDA:1,0,0,0
BRF:1
BRH:0
end_of_record
TN:
SF:src/components/ui/pagination.tsx
FN:1,(empty-report)
FNF:1
FNH:0
FNDA:0,(empty-report)
DA:1,0
DA:7,0
DA:8,0
DA:9,0
DA:10,0
DA:11,0
DA:12,0
DA:15,0
DA:17,0
DA:20,0
DA:21,0
DA:22,0
DA:23,0
DA:24,0
DA:27,0
DA:29,0
DA:32,0
DA:33,0
DA:35,0
DA:42,0
DA:43,0
DA:44,0
DA:45,0
DA:46,0
DA:47,0
DA:48,0
DA:49,0
DA:50,0
DA:51,0
DA:52,0
DA:53,0
DA:54,0
DA:55,0
DA:57,0
DA:60,0
DA:62,0
DA:63,0
DA:64,0
DA:65,0
DA:66,0
DA:67,0
DA:68,0
DA:69,0
DA:70,0
DA:72,0
DA:73,0
DA:76,0
DA:78,0
DA:79,0
DA:80,0
DA:81,0
DA:82,0
DA:83,0
DA:84,0
DA:85,0
DA:86,0
DA:88,0
DA:89,0
DA:92,0
DA:94,0
DA:95,0
DA:96,0
DA:97,0
DA:98,0
DA:99,0
DA:100,0
DA:101,0
DA:103,0
DA:104,0
DA:107,0
LF:70
LH:0
BRDA:1,0,0,0
BRF:1
BRH:0
end_of_record
TN:
SF:src/components/ui/popover.tsx
FN:1,(empty-report)
FNF:1
FNH:0
FNDA:0,(empty-report)
DA:1,0
DA:6,0
DA:8,0
DA:10,0
DA:13,0
DA:14,0
DA:15,0
DA:16,0
DA:17,0
DA:18,0
DA:19,0
DA:20,0
DA:21,0
DA:23,0
DA:27,0
LF:15
LH:0
BRDA:1,0,0,0
BRF:1
BRH:0
end_of_record
TN:
SF:src/components/ui/progress.tsx
FN:1,(empty-report)
FNF:1
FNH:0
FNDA:0,(empty-report)
DA:1,0
DA:6,0
DA:9,0
DA:10,0
DA:11,0
DA:12,0
DA:13,0
DA:14,0
DA:16,0
DA:18,0
DA:19,0
DA:20,0
DA:24,0
LF:13
LH:0
BRDA:1,0,0,0
BRF:1
BRH:0
end_of_record
TN:
SF:src/components/ui/radio-group.tsx
FN:1,(empty-report)
FNF:1
FNH:0
FNDA:0,(empty-report)
DA:1,0
DA:7,0
DA:10,0
DA:11,0
DA:12,0
DA:13,0
DA:14,0
DA:15,0
DA:18,0
DA:19,0
DA:21,0
DA:24,0
DA:25,0
DA:26,0
DA:27,0
DA:28,0
DA:29,0
DA:30,0
DA:32,0
DA:34,0
DA:35,0
DA:39,0
DA:40,0
LF:23
LH:0
BRDA:1,0,0,0
BRF:1
BRH:0
end_of_record
TN:
SF:src/components/ui/resizable.tsx
FN:1,(empty-report)
FNF:1
FNH:0
FNDA:0,(empty-report)
DA:1,0
DA:6,0
DA:7,0
DA:8,0
DA:9,0
DA:10,0
DA:11,0
DA:12,0
DA:13,0
DA:15,0
DA:19,0
DA:21,0
DA:22,0
DA:23,0
DA:24,0
DA:27,0
DA:28,0
DA:29,0
DA:30,0
DA:31,0
DA:33,0
DA:35,0
DA:36,0
DA:37,0
LF:24
LH:0
BRDA:1,0,0,0
BRF:1
BRH:0
end_of_record
TN:
SF:src/components/ui/scroll-area.tsx
FN:1,(empty-report)
FNF:1
FNH:0
FNDA:0,(empty-report)
DA:1,0
DA:6,0
DA:9,0
DA:10,0
DA:11,0
DA:12,0
DA:13,0
DA:15,0
DA:16,0
DA:18,0
DA:19,0
DA:22,0
DA:24,0
DA:27,0
DA:28,0
DA:29,0
DA:30,0
DA:31,0
DA:32,0
DA:33,0
DA:34,0
DA:35,0
DA:36,0
DA:37,0
DA:39,0
DA:41,0
DA:44,0
LF:27
LH:0
BRDA:1,0,0,0
BRF:1
BRH:0
end_of_record
TN:
SF:src/components/ui/select.tsx
FN:1,(empty-report)
FNF:1
FNH:0
FNDA:0,(empty-report)
DA:1,0
DA:7,0
DA:9,0
DA:11,0
DA:13,0
DA:16,0
DA:17,0
DA:18,0
DA:19,0
DA:20,0
DA:21,0
DA:23,0
DA:25,0
DA:26,0
DA:27,0
DA:31,0
DA:33,0
DA:36,0
DA:37,0
DA:38,0
DA:39,0
DA:40,0
DA:41,0
DA:43,0
DA:45,0
DA:48,0
DA:50,0
DA:53,0
DA:54,0
DA:55,0
DA:56,0
DA:57,0
DA:58,0
DA:60,0
DA:62,0
DA:65,0
DA:66,0
DA:68,0
DA:71,0
DA:72,0
DA:73,0
DA:74,0
DA:75,0
DA:76,0
DA:77,0
DA:78,0
DA:79,0
DA:81,0
DA:82,0
DA:84,0
DA:85,0
DA:86,0
DA:87,0
DA:88,0
DA:89,0
DA:92,0
DA:94,0
DA:98,0
DA:100,0
DA:103,0
DA:104,0
DA:105,0
DA:106,0
DA:107,0
DA:110,0
DA:112,0
DA:115,0
DA:116,0
DA:117,0
DA:118,0
DA:119,0
DA:120,0
DA:122,0
DA:124,0
DA:125,0
DA:126,0
DA:130,0
DA:133,0
DA:135,0
DA:138,0
DA:139,0
DA:140,0
DA:141,0
DA:142,0
DA:145,0
LF:85
LH:0
BRDA:1,0,0,0
BRF:1
BRH:0
end_of_record
TN:
SF:src/components/ui/separator.tsx
FN:1,(empty-report)
FNF:1
FNH:0
FNDA:0,(empty-report)
DA:1,0
DA:6,0
DA:10,0
DA:11,0
DA:12,0
DA:14,0
DA:15,0
DA:16,0
DA:17,0
DA:18,0
DA:19,0
DA:20,0
DA:21,0
DA:23,0
DA:27,0
LF:15
LH:0
BRDA:1,0,0,0
BRF:1
BRH:0
end_of_record
TN:
SF:src/components/ui/sheet.tsx
FN:1,(empty-report)
FNF:1
FNH:0
FNDA:0,(empty-report)
DA:1,0
DA:8,0
DA:10,0
DA:12,0
DA:14,0
DA:16,0
DA:19,0
DA:20,0
DA:21,0
DA:22,0
DA:23,0
DA:25,0
DA:26,0
DA:29,0
DA:31,0
DA:32,0
DA:33,0
DA:34,0
DA:35,0
DA:36,0
DA:37,0
DA:38,0
DA:39,0
DA:40,0
DA:41,0
DA:42,0
DA:43,0
DA:44,0
DA:45,0
DA:46,0
DA:47,0
DA:54,0
DA:57,0
DA:58,0
DA:59,0
DA:60,0
DA:61,0
DA:62,0
DA:63,0
DA:65,0
DA:66,0
DA:67,0
DA:68,0
DA:73,0
DA:75,0
DA:76,0
DA:77,0
DA:78,0
DA:79,0
DA:80,0
DA:81,0
DA:82,0
DA:84,0
DA:87,0
DA:89,0
DA:90,0
DA:91,0
DA:92,0
DA:93,0
DA:94,0
DA:95,0
DA:96,0
DA:98,0
DA:101,0
DA:103,0
DA:106,0
DA:107,0
DA:108,0
DA:109,0
DA:110,0
DA:113,0
DA:115,0
DA:118,0
DA:119,0
DA:120,0
DA:121,0
DA:122,0
DA:125,0
LF:78
LH:0
BRDA:1,0,0,0
BRF:1
BRH:0
end_of_record
TN:
SF:src/components/ui/sidebar.tsx
FN:1,(empty-report)
FNF:1
FNH:0
FNDA:0,(empty-report)
DA:1,0
DA:20,0
DA:21,0
DA:22,0
DA:23,0
DA:24,0
DA:25,0
DA:37,0
DA:39,0
DA:40,0
DA:41,0
DA:42,0
DA:43,0
DA:45,0
DA:46,0
DA:48,0
DA:56,0
DA:57,0
DA:58,0
DA:59,0
DA:60,0
DA:61,0
DA:62,0
DA:63,0
DA:64,0
DA:65,0
DA:66,0
DA:68,0
DA:69,0
DA:71,0
DA:72,0
DA:73,0
DA:74,0
DA:75,0
DA:76,0
DA:77,0
DA:78,0
DA:79,0
DA:80,0
DA:81,0
DA:82,0
DA:84,0
DA:85,0
DA:86,0
DA:87,0
DA:90,0
DA:91,0
DA:92,0
DA:93,0
DA:94,0
DA:95,0
DA:97,0
DA:98,0
DA:99,0
DA:100,0
DA:101,0
DA:102,0
DA:103,0
DA:104,0
DA:105,0
DA:106,0
DA:107,0
DA:109,0
DA:110,0
DA:111,0
DA:113,0
DA:114,0
DA:115,0
DA:117,0
DA:118,0
DA:119,0
DA:120,0
DA:121,0
DA:122,0
DA:123,0
DA:124,0
DA:125,0
DA:126,0
DA:127,0
DA:130,0
DA:131,0
DA:132,0
DA:133,0
DA:134,0
DA:135,0
DA:136,0
DA:137,0
DA:138,0
DA:139,0
DA:141,0
DA:142,0
DA:143,0
DA:145,0
DA:146,0
DA:148,0
DA:153,0
DA:155,0
DA:157,0
DA:165,0
DA:166,0
DA:167,0
DA:168,0
DA:169,0
DA:170,0
DA:171,0
DA:172,0
DA:173,0
DA:174,0
DA:176,0
DA:178,0
DA:179,0
DA:180,0
DA:181,0
DA:182,0
DA:183,0
DA:185,0
DA:186,0
DA:188,0
DA:191,0
DA:193,0
DA:194,0
DA:195,0
DA:196,0
DA:197,0
DA:198,0
DA:199,0
DA:200,0
DA:201,0
DA:202,0
DA:203,0
DA:205,0
DA:207,0
DA:211,0
DA:213,0
DA:214,0
DA:215,0
DA:216,0
DA:217,0
DA:218,0
DA:219,0
DA:220,0
DA:223,0
DA:224,0
DA:225,0
DA:226,0
DA:227,0
DA:228,0
DA:229,0
DA:230,0
DA:233,0
DA:234,0
DA:235,0
DA:236,0
DA:237,0
DA:238,0
DA:239,0
DA:240,0
DA:241,0
DA:242,0
DA:243,0
DA:245,0
DA:247,0
DA:248,0
DA:249,0
DA:251,0
DA:256,0
DA:258,0
DA:260,0
DA:263,0
DA:264,0
DA:266,0
DA:267,0
DA:268,0
DA:269,0
DA:270,0
DA:271,0
DA:272,0
DA:273,0
DA:274,0
DA:275,0
DA:276,0
DA:277,0
DA:279,0
DA:280,0
DA:283,0
DA:284,0
DA:286,0
DA:289,0
DA:290,0
DA:292,0
DA:293,0
DA:294,0
DA:295,0
DA:296,0
DA:297,0
DA:298,0
DA:299,0
DA:300,0
DA:301,0
DA:302,0
DA:303,0
DA:304,0
DA:305,0
DA:306,0
DA:307,0
DA:309,0
DA:312,0
DA:313,0
DA:315,0
DA:318,0
DA:319,0
DA:320,0
DA:321,0
DA:322,0
DA:323,0
DA:324,0
DA:325,0
DA:327,0
DA:330,0
DA:331,0
DA:333,0
DA:336,0
DA:337,0
DA:338,0
DA:339,0
DA:340,0
DA:341,0
DA:342,0
DA:343,0
DA:345,0
DA:348,0
DA:349,0
DA:351,0
DA:354,0
DA:355,0
DA:356,0
DA:357,0
DA:358,0
DA:359,0
DA:360,0
DA:363,0
DA:364,0
DA:366,0
DA:369,0
DA:370,0
DA:371,0
DA:372,0
DA:373,0
DA:374,0
DA:375,0
DA:378,0
DA:379,0
DA:381,0
DA:384,0
DA:385,0
DA:386,0
DA:387,0
DA:388,0
DA:389,0
DA:390,0
DA:393,0
DA:394,0
DA:396,0
DA:399,0
DA:400,0
DA:401,0
DA:402,0
DA:403,0
DA:404,0
DA:405,0
DA:406,0
DA:408,0
DA:411,0
DA:412,0
DA:414,0
DA:417,0
DA:418,0
DA:419,0
DA:420,0
DA:421,0
DA:422,0
DA:423,0
DA:426,0
DA:427,0
DA:429,0
DA:432,0
DA:433,0
DA:435,0
DA:436,0
DA:437,0
DA:438,0
DA:439,0
DA:440,0
DA:441,0
DA:442,0
DA:444,0
DA:447,0
DA:448,0
DA:450,0
DA:453,0
DA:454,0
DA:456,0
DA:457,0
DA:458,0
DA:459,0
DA:460,0
DA:461,0
DA:462,0
DA:463,0
DA:464,0
DA:465,0
DA:467,0
DA:470,0
DA:471,0
DA:473,0
DA:476,0
DA:477,0
DA:478,0
DA:479,0
DA:480,0
DA:481,0
DA:484,0
DA:486,0
DA:489,0
DA:490,0
DA:491,0
DA:492,0
DA:493,0
DA:494,0
DA:497,0
DA:499,0
DA:502,0
DA:503,0
DA:504,0
DA:505,0
DA:506,0
DA:507,0
DA:510,0
DA:512,0
DA:513,0
DA:514,0
DA:515,0
DA:516,0
DA:517,0
DA:518,0
DA:519,0
DA:520,0
DA:521,0
DA:522,0
DA:523,0
DA:524,0
DA:525,0
DA:526,0
DA:527,0
DA:528,0
DA:529,0
DA:530,0
DA:531,0
DA:534,0
DA:542,0
DA:543,0
DA:544,0
DA:545,0
DA:546,0
DA:547,0
DA:548,0
DA:549,0
DA:550,0
DA:551,0
DA:552,0
DA:554,0
DA:555,0
DA:557,0
DA:558,0
DA:559,0
DA:560,0
DA:561,0
DA:562,0
DA:563,0
DA:564,0
DA:568,0
DA:569,0
DA:570,0
DA:572,0
DA:573,0
DA:574,0
DA:575,0
DA:576,0
DA:578,0
DA:579,0
DA:580,0
DA:581,0
DA:582,0
DA:583,0
DA:584,0
DA:585,0
DA:589,0
DA:591,0
DA:593,0
DA:599,0
DA:600,0
DA:602,0
DA:603,0
DA:604,0
DA:605,0
DA:606,0
DA:607,0
DA:608,0
DA:609,0
DA:610,0
DA:611,0
DA:612,0
DA:613,0
DA:614,0
DA:615,0
DA:616,0
DA:618,0
DA:621,0
DA:622,0
DA:624,0
DA:627,0
DA:628,0
DA:629,0
DA:630,0
DA:631,0
DA:632,0
DA:633,0
DA:634,0
DA:635,0
DA:636,0
DA:637,0
DA:638,0
DA:640,0
DA:643,0
DA:645,0
DA:650,0
DA:651,0
DA:652,0
DA:653,0
DA:654,0
DA:656,0
DA:657,0
DA:658,0
DA:659,0
DA:660,0
DA:661,0
DA:663,0
DA:664,0
DA:665,0
DA:666,0
DA:669,0
DA:670,0
DA:671,0
DA:672,0
DA:673,0
DA:674,0
DA:675,0
DA:680,0
DA:681,0
DA:683,0
DA:686,0
DA:687,0
DA:688,0
DA:689,0
DA:690,0
DA:691,0
DA:692,0
DA:693,0
DA:695,0
DA:698,0
DA:700,0
DA:703,0
DA:704,0
DA:706,0
DA:713,0
DA:714,0
DA:716,0
DA:717,0
DA:718,0
DA:719,0
DA:720,0
DA:721,0
DA:722,0
DA:723,0
DA:724,0
DA:725,0
DA:726,0
DA:727,0
DA:728,0
DA:730,0
DA:733,0
DA:734,0
LF:492
LH:0
BRDA:1,0,0,0
BRF:1
BRH:0
end_of_record
TN:
SF:src/components/ui/skeleton.tsx
FN:1,(empty-report)
FNF:1
FNH:0
FNDA:0,(empty-report)
DA:1,0
DA:3,0
DA:4,0
DA:5,0
DA:6,0
DA:7,0
DA:8,0
DA:9,0
DA:10,0
DA:13,0
LF:10
LH:0
BRDA:1,0,0,0
BRF:1
BRH:0
end_of_record
TN:
SF:src/components/ui/slider.tsx
FN:1,(empty-report)
FNF:1
FNH:0
FNDA:0,(empty-report)
DA:1,0
DA:6,0
DA:9,0
DA:10,0
DA:11,0
DA:12,0
DA:13,0
DA:14,0
DA:16,0
DA:18,0
DA:19,0
DA:21,0
DA:24,0
LF:13
LH:0
BRDA:1,0,0,0
BRF:1
BRH:0
end_of_record
TN:
SF:src/components/ui/sonner.tsx
FN:1,(empty-report)
FNF:1
FNH:0
FNDA:0,(empty-report)
DA:1,0
DA:6,0
DA:7,0
DA:9,0
DA:10,0
DA:11,0
DA:12,0
DA:13,0
DA:14,0
DA:15,0
DA:16,0
DA:17,0
DA:18,0
DA:19,0
DA:20,0
DA:21,0
DA:22,0
DA:23,0
DA:24,0
DA:27,0
LF:20
LH:0
BRDA:1,0,0,0
BRF:1
BRH:0
end_of_record
TN:
SF:src/components/ui/switch.tsx
FN:1,(empty-report)
FNF:1
FNH:0
FNDA:0,(empty-report)
DA:1,0
DA:6,0
DA:9,0
DA:10,0
DA:11,0
DA:12,0
DA:13,0
DA:15,0
DA:16,0
DA:18,0
DA:19,0
DA:20,0
DA:25,0
LF:13
LH:0
BRDA:1,0,0,0
BRF:1
BRH:0
end_of_record
TN:
SF:src/components/ui/table.tsx
FN:1,(empty-report)
FNF:1
FNH:0
FNDA:0,(empty-report)
DA:1,0
DA:5,0
DA:8,0
DA:9,0
DA:10,0
DA:11,0
DA:12,0
DA:13,0
DA:17,0
DA:19,0
DA:22,0
DA:23,0
DA:25,0
DA:27,0
DA:30,0
DA:31,0
DA:32,0
DA:33,0
DA:34,0
DA:37,0
DA:39,0
DA:42,0
DA:43,0
DA:44,0
DA:45,0
DA:46,0
DA:47,0
DA:49,0
DA:52,0
DA:54,0
DA:57,0
DA:58,0
DA:59,0
DA:60,0
DA:61,0
DA:62,0
DA:64,0
DA:67,0
DA:69,0
DA:72,0
DA:73,0
DA:74,0
DA:75,0
DA:76,0
DA:77,0
DA:79,0
DA:82,0
DA:84,0
DA:87,0
DA:88,0
DA:89,0
DA:90,0
DA:91,0
DA:94,0
DA:96,0
DA:99,0
DA:100,0
DA:101,0
DA:102,0
DA:103,0
DA:106,0
LF:61
LH:0
BRDA:1,0,0,0
BRF:1
BRH:0
end_of_record
TN:
SF:src/components/ui/tabs.tsx
FN:1,(empty-report)
FNF:1
FNH:0
FNDA:0,(empty-report)
DA:1,0
DA:6,0
DA:8,0
DA:11,0
DA:12,0
DA:13,0
DA:14,0
DA:15,0
DA:16,0
DA:18,0
DA:21,0
DA:23,0
DA:26,0
DA:27,0
DA:28,0
DA:29,0
DA:30,0
DA:31,0
DA:33,0
DA:36,0
DA:38,0
DA:41,0
DA:42,0
DA:43,0
DA:44,0
DA:45,0
DA:46,0
DA:48,0
DA:51,0
LF:29
LH:0
BRDA:1,0,0,0
BRF:1
BRH:0
end_of_record
TN:
SF:src/components/ui/textarea.tsx
FN:1,(empty-report)
FNF:1
FNH:0
FNDA:0,(empty-report)
DA:1,0
DA:9,0
DA:10,0
DA:11,0
DA:12,0
DA:13,0
DA:14,0
DA:15,0
DA:17,0
DA:18,0
DA:21,0
DA:23,0
LF:12
LH:0
BRDA:1,0,0,0
BRF:1
BRH:0
end_of_record
TN:
SF:src/components/ui/toast.tsx
FN:1,(empty-report)
FNF:1
FNH:0
FNDA:0,(empty-report)
DA:1,0
DA:8,0
DA:10,0
DA:13,0
DA:14,0
DA:15,0
DA:16,0
DA:17,0
DA:18,0
DA:20,0
DA:23,0
DA:25,0
DA:26,0
DA:27,0
DA:28,0
DA:29,0
DA:30,0
DA:31,0
DA:32,0
DA:33,0
DA:34,0
DA:35,0
DA:36,0
DA:37,0
DA:38,0
DA:41,0
DA:45,0
DA:46,0
DA:47,0
DA:48,0
DA:49,0
DA:50,0
DA:53,0
DA:54,0
DA:56,0
DA:59,0
DA:60,0
DA:61,0
DA:62,0
DA:63,0
DA:64,0
DA:66,0
DA:69,0
DA:71,0
DA:74,0
DA:75,0
DA:76,0
DA:77,0
DA:78,0
DA:79,0
DA:81,0
DA:82,0
DA:84,0
DA:87,0
DA:89,0
DA:92,0
DA:93,0
DA:94,0
DA:95,0
DA:96,0
DA:99,0
DA:101,0
DA:104,0
DA:105,0
DA:106,0
DA:107,0
DA:108,0
DA:111,0
LF:68
LH:0
BRDA:1,0,0,0
BRF:1
BRH:0
end_of_record
TN:
SF:src/components/ui/toaster.tsx
FN:1,(empty-report)
FNF:1
FNH:0
FNDA:0,(empty-report)
DA:1,0
DA:11,0
DA:12,0
DA:14,0
DA:15,0
DA:16,0
DA:17,0
DA:18,0
DA:19,0
DA:20,0
DA:21,0
DA:22,0
DA:25,0
DA:26,0
DA:29,0
DA:30,0
DA:33,0
LF:17
LH:0
BRDA:1,0,0,0
BRF:1
BRH:0
end_of_record
TN:
SF:src/components/ui/toggle-group.tsx
FN:1,(empty-report)
FNF:1
FNH:0
FNDA:0,(empty-report)
DA:1,0
DA:8,0
DA:10,0
DA:11,0
DA:12,0
DA:13,0
DA:15,0
DA:19,0
DA:20,0
DA:21,0
DA:22,0
DA:23,0
DA:25,0
DA:26,0
DA:31,0
DA:33,0
DA:37,0
DA:38,0
DA:40,0
DA:41,0
DA:42,0
DA:43,0
DA:44,0
DA:45,0
DA:46,0
DA:47,0
DA:48,0
DA:50,0
DA:52,0
DA:55,0
DA:57,0
LF:31
LH:0
BRDA:1,0,0,0
BRF:1
BRH:0
end_of_record
TN:
SF:src/components/ui/toggle.tsx
FN:1,(empty-report)
FNF:1
FNH:0
FNDA:0,(empty-report)
DA:1,0
DA:7,0
DA:8,0
DA:9,0
DA:10,0
DA:11,0
DA:12,0
DA:13,0
DA:14,0
DA:15,0
DA:16,0
DA:17,0
DA:18,0
DA:19,0
DA:20,0
DA:21,0
DA:22,0
DA:23,0
DA:24,0
DA:25,0
DA:26,0
DA:29,0
DA:33,0
DA:34,0
DA:35,0
DA:36,0
DA:37,0
DA:41,0
LF:28
LH:0
BRDA:1,0,0,0
BRF:1
BRH:0
end_of_record
TN:
SF:src/components/ui/tooltip.tsx
FN:1,(empty-report)
FNF:1
FNH:0
FNDA:0,(empty-report)
DA:1,0
DA:6,0
DA:8,0
DA:10,0
DA:12,0
DA:15,0
DA:16,0
DA:17,0
DA:18,0
DA:19,0
DA:20,0
DA:21,0
DA:23,0
DA:26,0
LF:14
LH:0
BRDA:1,0,0,0
BRF:1
BRH:0
end_of_record
TN:
SF:src/components/ui/use-toast.ts
FN:1,(empty-report)
FNF:1
FNH:0
FNDA:0,(empty-report)
DA:1,0
LF:1
LH:0
BRDA:1,0,0,0
BRF:1
BRH:0
end_of_record
TN:
SF:src/hooks/use-mobile.tsx
FN:1,(empty-report)
FNF:1
FNH:0
FNDA:0,(empty-report)
DA:1,0
DA:3,0
DA:5,0
DA:6,0
DA:8,0
DA:9,0
DA:10,0
DA:11,0
DA:12,0
DA:13,0
DA:14,0
DA:15,0
DA:16,0
DA:18,0
DA:19,0
LF:15
LH:0
BRDA:1,0,0,0
BRF:1
BRH:0
end_of_record
TN:
SF:src/hooks/use-toast.ts
FN:1,(empty-report)
FNF:1
FNH:0
FNDA:0,(empty-report)
DA:1,0
DA:8,0
DA:9,0
DA:18,0
DA:19,0
DA:20,0
DA:21,0
DA:22,0
DA:23,0
DA:25,0
DA:27,0
DA:28,0
DA:29,0
DA:30,0
DA:56,0
DA:58,0
DA:59,0
DA:60,0
DA:61,0
DA:63,0
DA:64,0
DA:65,0
DA:66,0
DA:67,0
DA:68,0
DA:69,0
DA:71,0
DA:72,0
DA:74,0
DA:75,0
DA:76,0
DA:77,0
DA:78,0
DA:79,0
DA:80,0
DA:82,0
DA:83,0
DA:84,0
DA:85,0
DA:86,0
DA:88,0
DA:90,0
DA:91,0
DA:93,0
DA:94,0
DA:95,0
DA:96,0
DA:97,0
DA:98,0
DA:99,0
DA:100,0
DA:101,0
DA:103,0
DA:104,0
DA:105,0
DA:106,0
DA:107,0
DA:108,0
DA:109,0
DA:110,0
DA:111,0
DA:113,0
DA:114,0
DA:115,0
DA:116,0
DA:117,0
DA:118,0
DA:119,0
DA:120,0
DA:121,0
DA:122,0
DA:123,0
DA:124,0
DA:125,0
DA:126,0
DA:127,0
DA:129,0
DA:131,0
DA:133,0
DA:134,0
DA:135,0
DA:136,0
DA:137,0
DA:138,0
DA:142,0
DA:143,0
DA:145,0
DA:146,0
DA:147,0
DA:148,0
DA:149,0
DA:150,0
DA:152,0
DA:153,0
DA:154,0
DA:155,0
DA:156,0
DA:157,0
DA:158,0
DA:159,0
DA:160,0
DA:161,0
DA:162,0
DA:164,0
DA:165,0
DA:166,0
DA:167,0
DA:168,0
DA:169,0
DA:171,0
DA:172,0
DA:174,0
DA:175,0
DA:176,0
DA:177,0
DA:178,0
DA:179,0
DA:180,0
DA:181,0
DA:182,0
DA:184,0
DA:185,0
DA:186,0
DA:187,0
DA:188,0
DA:189,0
LF:126
LH:0
BRDA:1,0,0,0
BRF:1
BRH:0
end_of_record
TN:
SF:src/hooks/useBookmarks.ts
FN:35,useBookmarks
FNF:1
FNH:1
FNDA:27,useBookmarks
DA:1,1
DA:25,1
DA:26,1
DA:27,1
DA:28,1
DA:29,1
DA:30,1
DA:31,1
DA:33,1
DA:35,1
DA:36,27
DA:37,27
DA:38,27
DA:40,27
DA:41,27
DA:42,9
DA:43,9
DA:44,9
DA:45,1
DA:46,1
DA:47,1
DA:48,1
DA:49,1
DA:50,1
DA:51,1
DA:52,1
DA:53,1
DA:54,9
DA:55,0
DA:56,0
DA:57,9
DA:58,9
DA:59,9
DA:60,27
DA:62,27
DA:63,27
DA:64,0
DA:65,0
DA:66,0
DA:67,0
DA:68,0
DA:69,0
DA:70,0
DA:71,27
DA:73,27
DA:74,27
DA:75,12
DA:76,12
DA:77,12
DA:78,12
DA:80,12
DA:81,12
DA:82,12
DA:83,12
DA:84,12
DA:85,12
DA:86,12
DA:87,12
DA:88,12
DA:89,12
DA:90,12
DA:91,12
DA:92,12
DA:94,12
DA:95,12
DA:96,12
DA:97,12
DA:98,12
DA:99,0
DA:100,0
DA:101,0
DA:102,12
DA:103,12
DA:105,12
DA:106,12
DA:107,27
DA:109,27
DA:110,27
DA:111,1
DA:112,1
DA:113,1
DA:115,1
DA:116,1
DA:117,1
DA:118,0
DA:119,0
DA:120,0
DA:121,1
DA:122,1
DA:123,1
DA:124,27
DA:126,27
DA:127,27
DA:128,1
DA:129,1
DA:130,1
DA:131,1
DA:132,1
DA:133,1
DA:134,1
DA:135,0
DA:136,0
DA:137,0
DA:138,1
DA:139,1
DA:140,1
DA:141,0
DA:142,0
DA:143,27
DA:145,27
DA:146,27
DA:147,1
DA:148,1
DA:149,3
DA:150,3
DA:151,0
DA:153,1
DA:154,1
DA:155,1
DA:156,0
DA:157,0
DA:158,0
DA:159,1
DA:160,1
DA:161,27
DA:163,27
DA:164,27
DA:165,1
DA:166,1
DA:167,3
DA:168,2
DA:169,2
DA:171,27
DA:173,27
DA:174,27
DA:175,1
DA:176,27
DA:178,27
DA:179,27
DA:180,1
DA:181,1
DA:182,2
DA:183,2
DA:184,2
DA:185,2
DA:186,1
DA:187,27
DA:189,27
DA:190,27
DA:191,0
DA:192,0
DA:193,0
DA:194,0
DA:196,0
DA:197,0
DA:198,0
DA:199,0
DA:201,0
DA:202,0
DA:203,0
DA:204,0
DA:205,0
DA:206,0
DA:207,0
DA:208,0
DA:209,0
DA:210,0
DA:211,0
DA:212,0
DA:213,0
DA:214,0
DA:215,0
DA:216,0
DA:217,0
DA:218,0
DA:219,0
DA:220,0
DA:221,0
DA:222,0
DA:223,0
DA:225,0
DA:226,0
DA:227,0
DA:228,0
DA:229,0
DA:230,0
DA:231,0
DA:233,0
DA:234,0
DA:235,0
DA:237,0
DA:238,0
DA:239,0
DA:240,0
DA:241,0
DA:242,0
DA:243,27
DA:245,27
DA:246,27
DA:247,0
DA:248,0
DA:249,0
DA:250,0
DA:251,0
DA:253,0
DA:254,0
DA:255,0
DA:256,0
DA:257,0
DA:258,0
DA:260,0
DA:261,0
DA:262,0
DA:263,0
DA:264,0
DA:265,0
DA:266,0
DA:268,0
DA:269,0
DA:270,0
DA:271,0
DA:272,0
DA:273,0
DA:275,0
DA:276,0
DA:277,0
DA:278,0
DA:279,0
DA:280,0
DA:281,0
DA:282,0
DA:283,0
DA:284,0
DA:285,0
DA:286,0
DA:287,0
DA:288,0
DA:289,0
DA:290,0
DA:291,0
DA:292,27
DA:294,27
DA:295,27
DA:296,27
DA:297,27
DA:298,27
DA:299,27
DA:300,27
DA:301,27
DA:302,27
DA:303,27
DA:304,27
DA:305,27
DA:306,27
DA:307,27
DA:308,27
LF:256
LH:144
BRDA:35,0,0,27
BRDA:41,1,0,9
BRDA:44,2,0,1
BRDA:54,3,0,0
BRDA:47,4,0,1
BRDA:50,5,0,0
BRDA:74,6,0,12
BRDA:85,7,0,4
BRDA:85,8,0,8
BRDA:86,9,0,4
BRDA:87,10,0,4
BRDA:88,11,0,4
BRDA:89,12,0,4
BRDA:94,13,0,12
BRDA:98,14,0,0
BRDA:110,15,0,1
BRDA:111,16,0,1
BRDA:117,17,0,0
BRDA:112,18,0,1
BRDA:113,19,0,0
BRDA:127,20,0,1
BRDA:140,21,0,0
BRDA:129,22,0,1
BRDA:134,23,0,0
BRDA:130,24,0,1
BRDA:131,25,0,1
BRDA:146,26,0,1
BRDA:147,27,0,1
BRDA:155,28,0,0
BRDA:148,29,0,3
BRDA:150,30,0,0
BRDA:164,31,0,1
BRDA:166,32,0,3
BRDA:167,33,0,2
BRDA:168,34,0,0
BRDA:168,35,0,2
BRDA:174,36,0,1
BRDA:175,37,0,3
BRDA:179,38,0,1
BRDA:181,39,0,2
BRDA:182,40,0,0
BRDA:183,41,0,0
BRF:42
BRH:30
end_of_record
TN:
SF:src/hooks/useDebounced.ts
FN:1,(empty-report)
FNF:1
FNH:0
FNDA:0,(empty-report)
DA:1,0
DA:3,0
DA:4,0
DA:5,0
DA:7,0
DA:8,0
DA:10,0
DA:11,0
DA:12,0
DA:13,0
DA:15,0
DA:16,0
DA:17,0
DA:18,0
DA:19,0
DA:20,0
DA:21,0
DA:22,0
DA:24,0
DA:25,0
DA:26,0
DA:27,0
DA:28,0
DA:30,0
DA:31,0
DA:32,0
DA:33,0
DA:34,0
DA:37,0
DA:38,0
DA:40,0
LF:31
LH:0
BRDA:1,0,0,0
BRF:1
BRH:0
end_of_record
TN:
SF:src/hooks/useExportMeasurements.ts
FN:1,(empty-report)
FNF:1
FNH:0
FNDA:0,(empty-report)
DA:1,0
DA:21,0
DA:22,0
DA:23,0
DA:24,0
DA:25,0
DA:27,0
DA:28,0
DA:29,0
DA:30,0
DA:31,0
DA:32,0
DA:33,0
DA:34,0
DA:35,0
DA:36,0
DA:37,0
DA:38,0
DA:39,0
DA:40,0
DA:42,0
DA:43,0
DA:44,0
DA:46,0
DA:47,0
DA:48,0
DA:49,0
DA:50,0
DA:51,0
DA:52,0
DA:53,0
DA:54,0
DA:55,0
DA:56,0
DA:57,0
DA:58,0
DA:59,0
DA:60,0
DA:61,0
DA:62,0
DA:63,0
DA:64,0
DA:65,0
DA:67,0
DA:68,0
DA:69,0
DA:70,0
DA:72,0
DA:73,0
DA:74,0
DA:76,0
DA:77,0
DA:81,0
DA:83,0
DA:84,0
DA:86,0
DA:87,0
DA:88,0
DA:89,0
DA:91,0
DA:92,0
DA:93,0
DA:94,0
DA:95,0
DA:97,0
DA:98,0
DA:100,0
DA:101,0
DA:102,0
DA:103,0
DA:105,0
DA:106,0
DA:107,0
DA:109,0
DA:110,0
DA:111,0
DA:113,0
DA:114,0
DA:115,0
DA:116,0
DA:118,0
DA:119,0
DA:120,0
DA:121,0
DA:123,0
DA:124,0
DA:125,0
DA:126,0
DA:127,0
DA:128,0
DA:129,0
DA:130,0
DA:131,0
DA:132,0
DA:133,0
DA:134,0
DA:135,0
DA:136,0
DA:137,0
DA:138,0
DA:139,0
DA:141,0
DA:142,0
DA:143,0
DA:144,0
DA:145,0
DA:146,0
DA:148,0
DA:149,0
DA:150,0
DA:151,0
DA:152,0
DA:153,0
DA:154,0
DA:155,0
DA:157,0
DA:158,0
DA:159,0
DA:160,0
DA:161,0
DA:162,0
DA:163,0
DA:164,0
DA:166,0
DA:167,0
DA:168,0
DA:170,0
DA:171,0
DA:172,0
LF:129
LH:0
BRDA:1,0,0,0
BRF:1
BRH:0
end_of_record
TN:
SF:src/hooks/useGeolocation.ts
FN:1,(empty-report)
FNF:1
FNH:0
FNDA:0,(empty-report)
DA:1,0
DA:16,0
DA:17,0
DA:18,0
DA:19,0
DA:20,0
DA:21,0
DA:22,0
DA:24,0
DA:25,0
DA:26,0
DA:27,0
DA:28,0
DA:30,0
DA:32,0
DA:33,0
DA:34,0
DA:35,0
DA:36,0
DA:37,0
DA:39,0
DA:40,0
DA:41,0
DA:42,0
DA:43,0
DA:44,0
DA:45,0
DA:47,0
DA:48,0
DA:49,0
DA:50,0
DA:51,0
DA:52,0
DA:54,0
DA:55,0
DA:56,0
DA:57,0
DA:59,0
DA:60,0
DA:61,0
DA:62,0
DA:63,0
DA:64,0
DA:65,0
DA:66,0
DA:67,0
DA:68,0
DA:69,0
DA:71,0
DA:72,0
DA:73,0
DA:74,0
DA:75,0
DA:77,0
DA:78,0
DA:79,0
DA:81,0
DA:82,0
DA:84,0
DA:85,0
DA:86,0
DA:88,0
DA:89,0
DA:90,0
DA:91,0
DA:92,0
DA:93,0
DA:94,0
DA:95,0
DA:97,0
DA:98,0
DA:99,0
DA:100,0
DA:101,0
DA:102,0
DA:103,0
DA:105,0
LF:77
LH:0
BRDA:1,0,0,0
BRF:1
BRH:0
end_of_record
TN:
SF:src/hooks/useGpsLocation.ts
FN:1,(empty-report)
FNF:1
FNH:0
FNDA:0,(empty-report)
DA:1,0
DA:19,0
DA:20,0
DA:21,0
DA:22,0
DA:24,0
DA:26,0
DA:27,0
DA:28,0
DA:29,0
DA:30,0
DA:31,0
DA:32,0
DA:34,0
DA:35,0
DA:37,0
DA:38,0
DA:39,0
DA:40,0
DA:41,0
DA:43,0
DA:44,0
DA:45,0
DA:46,0
DA:47,0
DA:48,0
DA:49,0
DA:50,0
DA:52,0
DA:53,0
DA:54,0
DA:55,0
DA:56,0
DA:57,0
DA:59,0
DA:60,0
DA:61,0
DA:62,0
DA:63,0
DA:64,0
DA:65,0
DA:66,0
DA:67,0
DA:68,0
DA:69,0
DA:71,0
DA:72,0
DA:73,0
DA:74,0
DA:75,0
DA:77,0
DA:79,0
DA:80,0
DA:81,0
DA:82,0
DA:83,0
DA:85,0
DA:86,0
DA:87,0
DA:88,0
DA:89,0
DA:90,0
DA:91,0
DA:92,0
LF:64
LH:0
BRDA:1,0,0,0
BRF:1
BRH:0
end_of_record
TN:
SF:src/hooks/usePropertyData.ts
FN:1,(empty-report)
FNF:1
FNH:0
FNDA:0,(empty-report)
DA:1,0
DA:89,0
DA:90,0
DA:91,0
DA:93,0
DA:94,0
DA:95,0
DA:96,0
DA:97,0
DA:98,0
DA:99,0
DA:100,0
DA:101,0
DA:102,0
DA:103,0
DA:104,0
DA:105,0
DA:106,0
DA:107,0
DA:108,0
DA:109,0
DA:110,0
DA:111,0
DA:112,0
DA:113,0
DA:115,0
DA:116,0
DA:117,0
DA:118,0
DA:119,0
DA:120,0
DA:121,0
DA:122,0
DA:123,0
DA:124,0
DA:125,0
DA:126,0
DA:127,0
DA:128,0
DA:129,0
DA:130,0
DA:131,0
DA:133,0
DA:134,0
DA:135,0
DA:136,0
DA:137,0
DA:138,0
DA:139,0
DA:140,0
DA:141,0
DA:142,0
DA:144,0
DA:145,0
DA:146,0
DA:147,0
DA:148,0
DA:149,0
DA:150,0
DA:152,0
DA:153,0
DA:154,0
DA:155,0
DA:156,0
DA:157,0
DA:159,0
DA:160,0
DA:161,0
DA:162,0
DA:163,0
DA:165,0
DA:166,0
DA:167,0
DA:168,0
DA:169,0
DA:170,0
DA:172,0
DA:173,0
DA:174,0
DA:175,0
DA:176,0
DA:178,0
DA:179,0
DA:180,0
DA:181,0
DA:182,0
DA:183,0
DA:184,0
DA:185,0
DA:186,0
DA:187,0
DA:189,0
DA:190,0
DA:191,0
DA:192,0
DA:193,0
DA:194,0
DA:195,0
DA:196,0
DA:197,0
DA:199,0
DA:200,0
DA:201,0
DA:202,0
DA:204,0
DA:205,0
DA:206,0
DA:207,0
DA:208,0
DA:210,0
DA:211,0
DA:212,0
DA:213,0
DA:214,0
DA:216,0
DA:217,0
DA:218,0
DA:219,0
DA:220,0
DA:221,0
DA:222,0
DA:223,0
DA:224,0
DA:225,0
DA:226,0
DA:227,0
DA:228,0
DA:229,0
DA:230,0
DA:231,0
DA:233,0
DA:234,0
DA:235,0
DA:236,0
DA:237,0
DA:238,0
DA:239,0
DA:240,0
DA:241,0
DA:242,0
DA:243,0
DA:245,0
DA:246,0
DA:247,0
DA:248,0
DA:249,0
DA:250,0
DA:251,0
DA:252,0
DA:253,0
DA:254,0
DA:255,0
DA:256,0
DA:257,0
DA:258,0
DA:259,0
DA:260,0
DA:261,0
DA:263,0
DA:264,0
DA:265,0
DA:266,0
DA:267,0
DA:268,0
DA:269,0
DA:270,0
DA:271,0
DA:272,0
DA:273,0
DA:274,0
DA:276,0
DA:277,0
DA:278,0
DA:280,0
DA:281,0
DA:282,0
DA:283,0
DA:284,0
DA:285,0
DA:286,0
DA:287,0
DA:289,0
DA:290,0
DA:292,0
DA:293,0
DA:294,0
DA:295,0
DA:296,0
DA:297,0
DA:298,0
DA:299,0
DA:300,0
DA:301,0
DA:302,0
DA:303,0
DA:304,0
DA:305,0
DA:306,0
DA:307,0
DA:308,0
DA:309,0
LF:201
LH:0
BRDA:1,0,0,0
BRF:1
BRH:0
end_of_record
TN:
SF:src/hooks/useResponsive.ts
FN:1,(empty-report)
FNF:1
FNH:0
FNDA:0,(empty-report)
DA:1,0
DA:11,0
DA:12,0
DA:13,0
DA:14,0
DA:15,0
DA:16,0
DA:17,0
DA:18,0
DA:20,0
DA:21,0
DA:22,0
DA:23,0
DA:25,0
DA:26,0
DA:27,0
DA:28,0
DA:29,0
DA:30,0
DA:31,0
DA:32,0
DA:34,0
DA:35,0
DA:37,0
DA:38,0
DA:40,0
DA:41,0
DA:42,0
DA:44,0
DA:45,0
DA:47,0
LF:31
LH:0
BRDA:1,0,0,0
BRF:1
BRH:0
end_of_record
TN:
SF:src/hooks/useSearchHistory.ts
FN:1,(empty-report)
FNF:1
FNH:0
FNDA:0,(empty-report)
DA:1,0
DA:11,0
DA:12,0
DA:14,0
DA:15,0
DA:17,0
DA:18,0
DA:19,0
DA:20,0
DA:21,0
DA:22,0
DA:23,0
DA:24,0
DA:25,0
DA:26,0
DA:27,0
DA:28,0
DA:30,0
DA:31,0
DA:32,0
DA:33,0
DA:34,0
DA:35,0
DA:36,0
DA:37,0
DA:39,0
DA:40,0
DA:41,0
DA:42,0
DA:44,0
DA:45,0
DA:46,0
DA:47,0
DA:48,0
DA:50,0
DA:51,0
DA:52,0
DA:54,0
DA:55,0
DA:56,0
DA:58,0
DA:59,0
DA:60,0
DA:62,0
DA:63,0
DA:64,0
DA:66,0
DA:67,0
DA:69,0
DA:70,0
DA:71,0
DA:72,0
DA:74,0
DA:76,0
DA:77,0
DA:78,0
DA:79,0
DA:80,0
DA:81,0
DA:82,0
DA:83,0
DA:84,0
DA:86,0
LF:63
LH:0
BRDA:1,0,0,0
BRF:1
BRH:0
end_of_record
TN:
SF:src/hooks/__tests__/useBookmarks.test.ts
FNF:0
FNH:0
DA:1,1
DA:2,1
DA:3,1
DA:5,1
DA:6,1
DA:7,9
DA:8,9
DA:9,9
DA:10,9
DA:12,1
DA:13,1
DA:15,1
DA:16,1
DA:17,1
DA:19,1
DA:20,1
DA:22,1
DA:23,1
DA:24,1
DA:25,1
DA:26,1
DA:27,1
DA:29,1
DA:31,1
DA:32,1
DA:33,1
DA:34,1
DA:35,1
DA:36,1
DA:37,1
DA:38,1
DA:39,1
DA:40,1
DA:42,1
DA:43,1
DA:45,1
DA:46,1
DA:47,1
DA:48,1
DA:50,1
DA:52,1
DA:53,1
DA:54,1
DA:55,1
DA:56,1
DA:57,1
DA:58,1
DA:60,1
DA:61,1
DA:62,1
DA:64,1
DA:65,1
DA:67,1
DA:68,1
DA:69,1
DA:70,1
DA:72,1
DA:74,1
DA:75,1
DA:76,1
DA:77,1
DA:79,1
DA:80,1
DA:82,1
DA:83,1
DA:85,1
DA:86,1
DA:87,1
DA:88,1
DA:89,1
DA:90,1
DA:92,1
DA:93,1
DA:94,1
DA:95,1
DA:97,1
DA:98,1
DA:100,1
DA:101,1
DA:102,1
DA:103,1
DA:104,1
DA:105,1
DA:107,1
DA:108,1
DA:109,1
DA:110,1
DA:112,1
DA:113,1
DA:115,1
DA:116,1
DA:117,1
DA:118,1
DA:119,1
DA:120,1
DA:122,1
DA:123,1
DA:124,1
DA:125,1
DA:127,1
DA:128,1
DA:129,1
DA:130,1
DA:132,1
DA:133,1
DA:134,1
DA:135,1
DA:136,1
DA:137,1
DA:138,1
DA:139,1
DA:140,1
DA:141,1
DA:142,1
DA:143,1
DA:145,1
DA:147,1
DA:149,1
DA:150,1
DA:151,1
DA:153,1
DA:154,1
DA:155,1
DA:156,0
DA:157,0
DA:159,1
DA:161,1
DA:162,1
DA:163,1
DA:164,1
DA:165,1
LF:131
LH:129
BRDA:5,0,0,1
BRDA:6,1,0,9
BRDA:12,2,0,1
BRDA:13,3,0,2
BRDA:19,4,0,1
BRDA:20,5,0,3
BRDA:22,6,0,1
BRDA:42,7,0,1
BRDA:43,8,0,4
BRDA:46,9,0,1
BRDA:53,10,0,1
BRDA:64,11,0,1
BRDA:65,12,0,4
BRDA:68,13,0,1
BRDA:75,14,0,1
BRDA:82,15,0,1
BRDA:83,16,0,3
BRDA:86,17,0,1
BRDA:97,18,0,1
BRDA:98,19,0,3
BRDA:101,20,0,1
BRDA:112,21,0,1
BRDA:113,22,0,4
BRDA:116,23,0,1
BRDA:123,24,0,1
BRDA:132,25,0,1
BRDA:147,26,0,2
BRDA:153,27,0,1
BRDA:159,28,0,2
BRF:29
BRH:29
end_of_record
TN:
SF:src/integrations/supabase/client.ts
FN:1,(empty-report)
FNF:1
FNH:0
FNDA:0,(empty-report)
DA:1,0
DA:5,0
DA:6,0
DA:8,0
DA:9,0
DA:11,0
DA:12,0
DA:13,0
DA:14,0
DA:15,0
DA:16,0
DA:17,0
LF:12
LH:0
BRDA:1,0,0,0
BRF:1
BRH:0
end_of_record
TN:
SF:src/integrations/supabase/types.ts
FN:1,(empty-report)
FNF:1
FNH:1
FNDA:1,(empty-report)
DA:6464,0
DA:6465,0
DA:6466,0
DA:6467,0
DA:6468,0
DA:6469,0
DA:6470,0
DA:6471,0
DA:6472,0
DA:6473,0
DA:6474,0
DA:6475,0
DA:6476,0
DA:6477,0
DA:6478,0
DA:6479,0
DA:6480,0
DA:6481,0
DA:6482,0
DA:6483,0
DA:6484,0
DA:6485,0
DA:6486,0
DA:6487,0
DA:6488,0
DA:6489,0
DA:6490,0
DA:6491,0
DA:6492,0
DA:6493,0
DA:6494,0
DA:6495,0
DA:6496,0
DA:6497,0
DA:6498,0
DA:6499,0
DA:6500,0
DA:6501,0
DA:6502,0
DA:6503,0
DA:6504,0
DA:6505,0
DA:6506,0
LF:43
LH:0
BRDA:1,0,0,1
BRF:1
BRH:1
end_of_record
TN:
SF:src/lib/propertyService.ts
FN:1,(empty-report)
FNF:1
FNH:0
FNDA:0,(empty-report)
DA:1,0
DA:2,0
DA:18,0
DA:20,0
DA:21,0
DA:22,0
DA:23,0
DA:24,0
DA:25,0
DA:26,0
DA:27,0
DA:28,0
DA:29,0
DA:30,0
DA:31,0
DA:32,0
DA:33,0
DA:34,0
DA:35,0
DA:36,0
DA:37,0
DA:39,0
DA:40,0
DA:41,0
DA:42,0
DA:43,0
DA:44,0
DA:46,0
DA:47,0
DA:48,0
DA:49,0
DA:50,0
DA:51,0
DA:52,0
DA:53,0
DA:54,0
DA:55,0
DA:57,0
DA:58,0
DA:59,0
DA:60,0
DA:61,0
DA:62,0
DA:63,0
DA:64,0
DA:65,0
DA:66,0
DA:67,0
DA:69,0
DA:70,0
DA:71,0
DA:72,0
DA:73,0
DA:74,0
DA:76,0
DA:77,0
DA:78,0
DA:79,0
DA:80,0
DA:82,0
DA:83,0
DA:85,0
DA:86,0
DA:87,0
DA:88,0
DA:89,0
DA:90,0
DA:91,0
DA:92,0
DA:93,0
DA:94,0
DA:95,0
DA:97,0
DA:98,0
DA:99,0
DA:100,0
DA:101,0
DA:102,0
DA:104,0
DA:105,0
DA:106,0
DA:107,0
DA:109,0
DA:110,0
DA:112,0
DA:113,0
DA:115,0
DA:116,0
DA:117,0
DA:118,0
DA:119,0
DA:121,0
DA:122,0
DA:124,0
DA:125,0
DA:126,0
DA:127,0
DA:129,0
DA:130,0
DA:131,0
DA:133,0
DA:134,0
DA:135,0
DA:136,0
DA:137,0
DA:138,0
DA:139,0
DA:141,0
DA:142,0
DA:143,0
DA:145,0
DA:146,0
DA:148,0
DA:149,0
DA:150,0
DA:151,0
DA:153,0
LF:117
LH:0
BRDA:1,0,0,0
BRF:1
BRH:0
end_of_record
TN:
SF:src/lib/utils.ts
FN:1,(empty-report)
FNF:1
FNH:0
FNDA:0,(empty-report)
DA:1,0
DA:4,0
DA:5,0
DA:6,0
LF:4
LH:0
BRDA:1,0,0,0
BRF:1
BRH:0
end_of_record
TN:
SF:src/pages/Index.tsx
FN:1,(empty-report)
FNF:1
FNH:0
FNDA:0,(empty-report)
DA:1,0
DA:2,0
DA:3,0
DA:4,0
DA:5,0
DA:6,0
DA:7,0
DA:9,0
DA:10,0
DA:11,0
DA:12,0
DA:13,0
DA:14,0
DA:15,0
DA:17,0
DA:19,0
DA:20,0
DA:21,0
DA:22,0
DA:23,0
DA:24,0
DA:25,0
DA:26,0
DA:27,0
DA:28,0
DA:29,0
DA:30,0
DA:32,0
DA:35,0
DA:36,0
DA:37,0
DA:39,0
DA:40,0
DA:42,0
DA:43,0
DA:44,0
DA:46,0
DA:47,0
DA:48,0
DA:49,0
DA:50,0
DA:51,0
DA:53,0
DA:54,0
DA:55,0
DA:56,0
DA:58,0
DA:59,0
DA:60,0
DA:61,0
DA:62,0
DA:63,0
DA:64,0
DA:66,0
DA:67,0
DA:69,0
DA:70,0
DA:72,0
DA:73,0
DA:74,0
DA:75,0
DA:76,0
DA:78,0
DA:79,0
DA:82,0
DA:90,0
DA:91,0
DA:92,0
DA:93,0
DA:94,0
DA:96,0
DA:97,0
DA:98,0
DA:100,0
DA:101,0
DA:102,0
DA:108,0
DA:109,0
DA:110,0
DA:112,0
DA:113,0
DA:114,0
DA:115,0
DA:116,0
DA:118,0
DA:119,0
DA:120,0
DA:121,0
DA:122,0
DA:123,0
DA:124,0
DA:125,0
DA:126,0
DA:127,0
DA:128,0
DA:129,0
DA:130,0
DA:132,0
DA:133,0
DA:134,0
DA:137,0
DA:138,0
DA:139,0
DA:140,0
DA:142,0
DA:143,0
DA:144,0
DA:145,0
DA:147,0
DA:148,0
DA:149,0
DA:150,0
DA:159,0
DA:160,0
DA:161,0
DA:162,0
DA:163,0
DA:164,0
DA:165,0
DA:166,0
DA:167,0
DA:168,0
DA:175,0
DA:176,0
DA:177,0
DA:178,0
DA:179,0
DA:180,0
DA:181,0
DA:182,0
DA:183,0
DA:184,0
DA:185,0
DA:186,0
DA:190,0
DA:191,0
DA:192,0
DA:193,0
DA:194,0
DA:195,0
DA:196,0
DA:197,0
DA:198,0
DA:199,0
DA:204,0
DA:205,0
DA:206,0
DA:207,0
DA:208,0
DA:209,0
DA:210,0
DA:211,0
DA:216,0
DA:217,0
DA:218,0
DA:219,0
DA:220,0
DA:221,0
DA:222,0
DA:223,0
DA:224,0
DA:225,0
DA:226,0
DA:232,0
DA:234,0
LF:165
LH:0
BRDA:1,0,0,0
BRF:1
BRH:0
end_of_record
TN:
SF:src/pages/NotFound.tsx
FN:1,(empty-report)
FNF:1
FNH:0
FNDA:0,(empty-report)
DA:1,0
DA:2,0
DA:4,0
DA:5,0
DA:7,0
DA:8,0
DA:9,0
DA:10,0
DA:12,0
DA:14,0
DA:15,0
DA:16,0
DA:17,0
DA:18,0
DA:19,0
DA:25,0
DA:27,0
LF:17
LH:0
BRDA:1,0,0,0
BRF:1
BRH:0
end_of_record
TN:
SF:src/services/ExportService.ts
FN:1,(empty-report)
FNF:1
FNH:1
FNDA:1,(empty-report)
DA:26,0
DA:28,0
DA:29,0
DA:30,0
DA:31,0
DA:32,0
DA:33,0
DA:34,0
DA:35,0
DA:36,0
DA:37,0
DA:38,0
DA:40,0
DA:41,0
DA:42,0
DA:43,0
DA:44,0
DA:45,0
DA:47,0
DA:48,0
DA:49,0
DA:50,0
DA:51,0
DA:53,0
DA:54,0
DA:55,0
DA:56,0
DA:57,0
DA:58,0
DA:59,0
DA:60,0
DA:61,0
DA:63,0
DA:64,0
DA:65,0
DA:66,0
DA:69,0
DA:70,0
DA:72,0
DA:74,0
DA:75,0
DA:76,0
DA:77,0
DA:78,0
DA:80,0
DA:81,0
DA:82,0
DA:83,0
DA:84,0
DA:85,0
DA:86,0
DA:87,0
DA:89,0
DA:90,0
DA:91,0
DA:93,0
DA:94,0
DA:95,0
DA:96,0
DA:98,0
DA:99,0
DA:100,0
DA:101,0
DA:102,0
DA:104,0
DA:105,0
DA:106,0
DA:107,0
DA:108,0
DA:110,0
DA:111,0
DA:112,0
DA:113,0
DA:114,0
DA:115,0
DA:116,0
DA:117,0
DA:118,0
DA:119,0
DA:121,0
DA:123,0
DA:124,0
DA:126,0
DA:127,0
DA:128,0
DA:129,0
DA:130,0
DA:131,0
DA:132,0
DA:133,0
DA:135,0
DA:136,0
DA:137,0
DA:138,0
DA:139,0
DA:141,0
DA:142,0
DA:143,0
DA:144,0
DA:145,0
DA:146,0
DA:147,0
DA:148,0
DA:149,0
DA:150,0
DA:151,0
DA:152,0
DA:153,0
DA:154,0
DA:155,0
DA:156,0
DA:157,0
DA:158,0
DA:159,0
DA:160,0
DA:161,0
DA:162,0
DA:163,0
DA:164,0
DA:165,0
DA:167,0
DA:169,0
DA:170,0
DA:171,0
DA:172,0
DA:173,0
DA:175,0
DA:176,0
DA:177,0
DA:178,0
DA:179,0
DA:180,0
DA:181,0
DA:182,0
DA:183,0
DA:184,0
DA:186,0
DA:188,0
DA:189,0
DA:191,0
DA:192,0
DA:193,0
DA:194,0
DA:195,0
DA:197,0
DA:198,0
DA:199,0
DA:200,0
DA:201,0
DA:202,0
DA:203,0
DA:205,0
DA:206,0
DA:207,0
DA:209,0
DA:210,0
DA:211,0
DA:212,0
DA:214,0
DA:215,0
DA:216,0
DA:217,0
DA:218,0
DA:220,0
DA:221,0
DA:222,0
DA:223,0
DA:224,0
DA:225,0
DA:226,0
DA:227,0
DA:229,0
DA:230,0
DA:232,0
DA:233,0
DA:235,0
DA:236,0
DA:237,0
DA:238,0
DA:239,0
DA:240,0
DA:241,0
DA:242,0
DA:244,0
DA:245,0
DA:246,0
DA:248,0
DA:249,0
DA:250,0
DA:252,0
DA:253,0
DA:254,0
DA:255,0
DA:257,0
DA:258,0
DA:259,0
DA:260,0
DA:261,0
DA:262,0
DA:263,0
DA:264,0
DA:266,0
DA:267,0
DA:268,0
DA:269,0
DA:271,0
DA:272,0
DA:273,0
DA:274,0
DA:276,0
DA:277,0
DA:279,0
DA:280,0
DA:281,0
DA:282,0
DA:284,0
DA:285,0
DA:286,0
DA:287,0
DA:289,0
DA:290,0
DA:292,0
DA:293,0
DA:294,0
DA:295,0
DA:296,0
DA:297,0
DA:298,0
DA:300,0
DA:301,0
DA:302,0
DA:303,0
DA:304,0
DA:305,0
DA:306,0
DA:307,0
DA:309,0
DA:310,0
DA:311,0
DA:312,0
DA:313,0
DA:315,0
DA:316,0
DA:317,0
DA:318,0
DA:319,0
DA:321,0
DA:322,0
DA:323,0
DA:324,0
DA:325,0
DA:326,0
DA:327,0
DA:328,0
DA:329,0
DA:330,0
DA:332,0
DA:333,0
DA:334,0
DA:337,0
DA:340,0
DA:341,0
DA:342,0
DA:343,0
DA:346,0
DA:347,0
DA:348,0
DA:351,0
DA:352,0
DA:354,0
DA:355,0
DA:356,0
DA:357,0
DA:358,0
DA:359,0
DA:421,0
DA:428,0
DA:429,0
DA:432,0
DA:433,0
DA:451,0
DA:452,0
DA:453,0
DA:454,0
DA:456,0
DA:458,0
DA:459,0
DA:460,0
DA:461,0
DA:462,0
DA:465,0
DA:466,0
DA:473,0
DA:480,0
DA:481,0
DA:483,0
DA:484,0
DA:485,0
DA:486,0
DA:487,0
DA:488,0
DA:602,0
DA:610,0
DA:614,0
DA:618,0
DA:622,0
DA:626,0
DA:630,0
DA:638,0
DA:641,0
DA:642,0
DA:647,0
DA:651,0
DA:655,0
DA:661,0
DA:662,0
DA:666,0
DA:683,0
DA:731,0
DA:732,0
DA:734,0
DA:735,0
DA:736,0
DA:737,0
DA:738,0
DA:739,0
DA:740,0
DA:741,0
DA:742,0
DA:743,0
DA:744,0
DA:745,0
DA:747,0
DA:748,0
DA:749,0
DA:750,0
DA:751,0
DA:752,0
DA:753,0
DA:754,0
DA:755,0
DA:757,0
DA:758,0
DA:759,0
DA:760,0
DA:762,0
DA:763,0
DA:764,0
DA:765,0
DA:766,0
DA:767,0
DA:768,0
DA:769,0
DA:770,0
DA:771,0
DA:773,0
DA:774,0
DA:775,0
DA:776,0
DA:777,0
DA:778,0
DA:779,0
DA:781,0
LF:363
LH:0
BRDA:1,0,0,1
BRF:1
BRH:1
end_of_record
TN:
SF:tests/e2e/basic-navigation.spec.ts
FN:1,(empty-report)
FNF:1
FNH:0
FNDA:0,(empty-report)
DA:1,0
DA:3,0
DA:4,0
DA:5,0
DA:7,0
DA:8,0
DA:10,0
DA:11,0
DA:12,0
DA:14,0
DA:15,0
DA:17,0
DA:18,0
DA:20,0
DA:21,0
DA:22,0
DA:24,0
DA:25,0
DA:26,0
DA:28,0
DA:29,0
DA:30,0
DA:32,0
DA:33,0
DA:34,0
DA:35,0
DA:37,0
DA:38,0
DA:40,0
DA:41,0
DA:42,0
DA:43,0
DA:45,0
DA:46,0
DA:48,0
DA:49,0
DA:51,0
DA:52,0
DA:53,0
DA:54,0
DA:56,0
DA:57,0
DA:59,0
DA:60,0
DA:61,0
DA:63,0
DA:64,0
DA:66,0
DA:68,0
DA:69,0
DA:71,0
DA:72,0
DA:73,0
DA:74,0
DA:76,0
DA:77,0
DA:79,0
DA:80,0
DA:81,0
DA:82,0
DA:84,0
DA:85,0
DA:87,0
DA:88,0
DA:90,0
DA:91,0
DA:92,0
DA:93,0
DA:95,0
DA:96,0
DA:98,0
DA:99,0
DA:100,0
DA:101,0
DA:102,0
DA:104,0
DA:105,0
DA:107,0
DA:108,0
DA:110,0
DA:111,0
DA:112,0
DA:113,0
DA:114,0
DA:116,0
DA:117,0
DA:119,0
DA:120,0
DA:122,0
DA:123,0
DA:124,0
DA:125,0
DA:126,0
DA:127,0
DA:128,0
DA:129,0
DA:131,0
DA:132,0
DA:134,0
DA:135,0
DA:137,0
DA:138,0
DA:139,0
DA:141,0
DA:142,0
DA:143,0
DA:144,0
DA:145,0
DA:146,0
DA:148,0
DA:149,0
DA:150,0
DA:151,0
DA:152,0
DA:153,0
DA:154,0
DA:156,0
DA:157,0
DA:158,0
DA:160,0
DA:161,0
DA:163,0
DA:165,0
DA:166,0
DA:167,0
DA:169,0
DA:170,0
DA:172,0
DA:173,0
DA:174,0
DA:175,0
DA:176,0
DA:178,0
DA:179,0
DA:181,0
DA:182,0
DA:183,0
DA:184,0
DA:185,0
DA:186,0
DA:189,0
DA:190,0
DA:191,0
LF:143
LH:0
BRDA:1,0,0,0
BRF:1
BRH:0
end_of_record
